ARM GAS  /var/folders/g1/j12m_ky910s3_sv7d4yrsdn00000gn/T//ccpUBpBR.s 			page 1


   1              		.cpu cortex-m7
   2              		.arch armv7e-m
   3              		.fpu fpv5-d16
   4              		.eabi_attribute 28, 1
   5              		.eabi_attribute 20, 1
   6              		.eabi_attribute 21, 1
   7              		.eabi_attribute 23, 3
   8              		.eabi_attribute 24, 1
   9              		.eabi_attribute 25, 1
  10              		.eabi_attribute 26, 1
  11              		.eabi_attribute 30, 1
  12              		.eabi_attribute 34, 1
  13              		.eabi_attribute 18, 4
  14              		.file	"ov2640_regs.c"
  15              		.text
  16              	.Ltext0:
  17              		.cfi_sections	.debug_frame
  18              		.file 1 "BSP/Camera/ov2640_regs.c"
  19              		.global	OV2640_uxga_regs
  20              		.section	.rodata.OV2640_uxga_regs,"a"
  21              		.align	2
  24              	OV2640_uxga_regs:
  25 0000 FF01     		.ascii	"\377\001"
  26 0002 1200     		.ascii	"\022\000"
  27 0004 030F     		.ascii	"\003\017"
  28 0006 3236     		.ascii	"26"
  29 0008 1711     		.ascii	"\027\021"
  30 000a 1875     		.ascii	"\030u"
  31 000c 1901     		.ascii	"\031\001"
  32 000e 1A97     		.ascii	"\032\227"
  33 0010 3D34     		.ascii	"=4"
  34 0012 3588     		.ascii	"5\210"
  35 0014 220A     		.ascii	"\"\012"
  36 0016 3740     		.ascii	"7@"
  37 0018 34A0     		.ascii	"4\240"
  38 001a 0602     		.ascii	"\006\002"
  39 001c 0DB7     		.ascii	"\015\267"
  40 001e 0E01     		.ascii	"\016\001"
  41 0020 4283     		.ascii	"B\203"
  42 0022 FF00     		.ascii	"\377\000"
  43 0024 0501     		.ascii	"\005\001"
  44 0026 E004     		.ascii	"\340\004"
  45 0028 C0C8     		.ascii	"\300\310"
  46 002a C196     		.ascii	"\301\226"
  47 002c 8C00     		.ascii	"\214\000"
  48 002e 5300     		.ascii	"S\000"
  49 0030 5400     		.ascii	"T\000"
  50 0032 5190     		.ascii	"Q\220"
  51 0034 522C     		.ascii	"R,"
  52 0036 5588     		.ascii	"U\210"
  53 0038 5700     		.ascii	"W\000"
  54 003a 863D     		.ascii	"\206="
  55 003c 5080     		.ascii	"P\200"
  56 003e D384     		.ascii	"\323\204"
  57 0040 0500     		.ascii	"\005\000"
  58 0042 E000     		.ascii	"\340\000"
  59 0044 0000     		.ascii	"\000\000"
ARM GAS  /var/folders/g1/j12m_ky910s3_sv7d4yrsdn00000gn/T//ccpUBpBR.s 			page 2


  60              		.global	OV2640_svga_regs
  61              		.section	.rodata.OV2640_svga_regs,"a"
  62              		.align	2
  65              	OV2640_svga_regs:
  66 0000 FF01     		.ascii	"\377\001"
  67 0002 1240     		.ascii	"\022@"
  68 0004 030F     		.ascii	"\003\017"
  69 0006 3209     		.ascii	"2\011"
  70 0008 1711     		.ascii	"\027\021"
  71 000a 1843     		.ascii	"\030C"
  72 000c 1900     		.ascii	"\031\000"
  73 000e 1A4B     		.ascii	"\032K"
  74 0010 3D38     		.ascii	"=8"
  75 0012 35DA     		.ascii	"5\332"
  76 0014 221A     		.ascii	"\"\032"
  77 0016 37C3     		.ascii	"7\303"
  78 0018 34C0     		.ascii	"4\300"
  79 001a 0688     		.ascii	"\006\210"
  80 001c 0D87     		.ascii	"\015\207"
  81 001e 0E41     		.ascii	"\016A"
  82 0020 4203     		.ascii	"B\003"
  83 0022 FF00     		.ascii	"\377\000"
  84 0024 0501     		.ascii	"\005\001"
  85 0026 E004     		.ascii	"\340\004"
  86 0028 C064     		.ascii	"\300d"
  87 002a C14B     		.ascii	"\301K"
  88 002c 8C00     		.ascii	"\214\000"
  89 002e 5300     		.ascii	"S\000"
  90 0030 5400     		.ascii	"T\000"
  91 0032 51C8     		.ascii	"Q\310"
  92 0034 5296     		.ascii	"R\226"
  93 0036 5500     		.ascii	"U\000"
  94 0038 5700     		.ascii	"W\000"
  95 003a 863D     		.ascii	"\206="
  96 003c 5080     		.ascii	"P\200"
  97 003e D380     		.ascii	"\323\200"
  98 0040 0500     		.ascii	"\005\000"
  99 0042 E000     		.ascii	"\340\000"
 100 0044 0000     		.ascii	"\000\000"
 101              		.global	ov2640_Slow_regs
 102              		.section	.rodata.ov2640_Slow_regs,"a"
 103              		.align	2
 106              	ov2640_Slow_regs:
 107 0000 FF01     		.ascii	"\377\001"
 108 0002 1280     		.ascii	"\022\200"
 109 0004 FF00     		.ascii	"\377\000"
 110 0006 2CFF     		.ascii	",\377"
 111 0008 2EDF     		.ascii	".\337"
 112 000a FF01     		.ascii	"\377\001"
 113 000c 3C32     		.ascii	"<2"
 114 000e 1100     		.ascii	"\021\000"
 115 0010 0902     		.ascii	"\011\002"
 116 0012 04D8     		.ascii	"\004\330"
 117 0014 13E5     		.ascii	"\023\345"
 118 0016 1448     		.ascii	"\024H"
 119 0018 2C0C     		.ascii	",\014"
 120 001a 3378     		.ascii	"3x"
ARM GAS  /var/folders/g1/j12m_ky910s3_sv7d4yrsdn00000gn/T//ccpUBpBR.s 			page 3


 121 001c 3A33     		.ascii	":3"
 122 001e 3BFB     		.ascii	";\373"
 123 0020 3E00     		.ascii	">\000"
 124 0022 4311     		.ascii	"C\021"
 125 0024 1610     		.ascii	"\026\020"
 126 0026 3992     		.ascii	"9\222"
 127 0028 35DA     		.ascii	"5\332"
 128 002a 221A     		.ascii	"\"\032"
 129 002c 37C3     		.ascii	"7\303"
 130 002e 2300     		.ascii	"#\000"
 131 0030 34C0     		.ascii	"4\300"
 132 0032 361A     		.ascii	"6\032"
 133 0034 0688     		.ascii	"\006\210"
 134 0036 07C0     		.ascii	"\007\300"
 135 0038 0D87     		.ascii	"\015\207"
 136 003a 0E41     		.ascii	"\016A"
 137 003c 4C00     		.ascii	"L\000"
 138 003e 4800     		.ascii	"H\000"
 139 0040 5B00     		.ascii	"[\000"
 140 0042 4203     		.ascii	"B\003"
 141 0044 4A81     		.ascii	"J\201"
 142 0046 2199     		.ascii	"!\231"
 143 0048 2440     		.ascii	"$@"
 144 004a 2538     		.ascii	"%8"
 145 004c 2682     		.ascii	"&\202"
 146 004e 5C00     		.ascii	"\\\000"
 147 0050 6300     		.ascii	"c\000"
 148 0052 4622     		.ascii	"F\""
 149 0054 0C3C     		.ascii	"\014<"
 150 0056 6170     		.ascii	"ap"
 151 0058 6280     		.ascii	"b\200"
 152 005a 7C05     		.ascii	"|\005"
 153 005c 2080     		.ascii	" \200"
 154 005e 2830     		.ascii	"(0"
 155 0060 6C00     		.ascii	"l\000"
 156 0062 6D80     		.ascii	"m\200"
 157 0064 6E00     		.ascii	"n\000"
 158 0066 7002     		.ascii	"p\002"
 159 0068 7194     		.ascii	"q\224"
 160 006a 73C1     		.ascii	"s\301"
 161 006c 3D34     		.ascii	"=4"
 162 006e 5A57     		.ascii	"ZW"
 163 0070 1240     		.ascii	"\022@"
 164 0072 1711     		.ascii	"\027\021"
 165 0074 1843     		.ascii	"\030C"
 166 0076 1900     		.ascii	"\031\000"
 167 0078 1A4B     		.ascii	"\032K"
 168 007a 3209     		.ascii	"2\011"
 169 007c 37C0     		.ascii	"7\300"
 170 007e 4FCA     		.ascii	"O\312"
 171 0080 50A8     		.ascii	"P\250"
 172 0082 5A23     		.ascii	"Z#"
 173 0084 6D00     		.ascii	"m\000"
 174 0086 3D38     		.ascii	"=8"
 175 0088 FF00     		.ascii	"\377\000"
 176 008a E57F     		.ascii	"\345\177"
 177 008c F9C0     		.ascii	"\371\300"
ARM GAS  /var/folders/g1/j12m_ky910s3_sv7d4yrsdn00000gn/T//ccpUBpBR.s 			page 4


 178 008e 4124     		.ascii	"A$"
 179 0090 E014     		.ascii	"\340\024"
 180 0092 76FF     		.ascii	"v\377"
 181 0094 33A0     		.ascii	"3\240"
 182 0096 4220     		.ascii	"B "
 183 0098 4318     		.ascii	"C\030"
 184 009a 4C00     		.ascii	"L\000"
 185 009c 87D5     		.ascii	"\207\325"
 186 009e 883F     		.ascii	"\210?"
 187 00a0 D703     		.ascii	"\327\003"
 188 00a2 D910     		.ascii	"\331\020"
 189 00a4 D382     		.ascii	"\323\202"
 190 00a6 C808     		.ascii	"\310\010"
 191 00a8 C980     		.ascii	"\311\200"
 192 00aa 7C00     		.ascii	"|\000"
 193 00ac 7D00     		.ascii	"}\000"
 194 00ae 7C03     		.ascii	"|\003"
 195 00b0 7D48     		.ascii	"}H"
 196 00b2 7D48     		.ascii	"}H"
 197 00b4 7C08     		.ascii	"|\010"
 198 00b6 7D20     		.ascii	"} "
 199 00b8 7D10     		.ascii	"}\020"
 200 00ba 7D0E     		.ascii	"}\016"
 201 00bc 9000     		.ascii	"\220\000"
 202 00be 910E     		.ascii	"\221\016"
 203 00c0 911A     		.ascii	"\221\032"
 204 00c2 9131     		.ascii	"\2211"
 205 00c4 915A     		.ascii	"\221Z"
 206 00c6 9169     		.ascii	"\221i"
 207 00c8 9175     		.ascii	"\221u"
 208 00ca 917E     		.ascii	"\221~"
 209 00cc 9188     		.ascii	"\221\210"
 210 00ce 918F     		.ascii	"\221\217"
 211 00d0 9196     		.ascii	"\221\226"
 212 00d2 91A3     		.ascii	"\221\243"
 213 00d4 91AF     		.ascii	"\221\257"
 214 00d6 91C4     		.ascii	"\221\304"
 215 00d8 91D7     		.ascii	"\221\327"
 216 00da 91E8     		.ascii	"\221\350"
 217 00dc 9120     		.ascii	"\221 "
 218 00de 9200     		.ascii	"\222\000"
 219 00e0 9306     		.ascii	"\223\006"
 220 00e2 93E3     		.ascii	"\223\343"
 221 00e4 9305     		.ascii	"\223\005"
 222 00e6 9305     		.ascii	"\223\005"
 223 00e8 9300     		.ascii	"\223\000"
 224 00ea 9304     		.ascii	"\223\004"
 225 00ec 9300     		.ascii	"\223\000"
 226 00ee 9300     		.ascii	"\223\000"
 227 00f0 9300     		.ascii	"\223\000"
 228 00f2 9300     		.ascii	"\223\000"
 229 00f4 9300     		.ascii	"\223\000"
 230 00f6 9300     		.ascii	"\223\000"
 231 00f8 9300     		.ascii	"\223\000"
 232 00fa 9600     		.ascii	"\226\000"
 233 00fc 9708     		.ascii	"\227\010"
 234 00fe 9719     		.ascii	"\227\031"
ARM GAS  /var/folders/g1/j12m_ky910s3_sv7d4yrsdn00000gn/T//ccpUBpBR.s 			page 5


 235 0100 9702     		.ascii	"\227\002"
 236 0102 970C     		.ascii	"\227\014"
 237 0104 9724     		.ascii	"\227$"
 238 0106 9730     		.ascii	"\2270"
 239 0108 9728     		.ascii	"\227("
 240 010a 9726     		.ascii	"\227&"
 241 010c 9702     		.ascii	"\227\002"
 242 010e 9798     		.ascii	"\227\230"
 243 0110 9780     		.ascii	"\227\200"
 244 0112 9700     		.ascii	"\227\000"
 245 0114 9700     		.ascii	"\227\000"
 246 0116 C3ED     		.ascii	"\303\355"
 247 0118 A400     		.ascii	"\244\000"
 248 011a A800     		.ascii	"\250\000"
 249 011c C511     		.ascii	"\305\021"
 250 011e C651     		.ascii	"\306Q"
 251 0120 BF80     		.ascii	"\277\200"
 252 0122 C710     		.ascii	"\307\020"
 253 0124 B666     		.ascii	"\266f"
 254 0126 B8A5     		.ascii	"\270\245"
 255 0128 B764     		.ascii	"\267d"
 256 012a B97C     		.ascii	"\271|"
 257 012c B3AF     		.ascii	"\263\257"
 258 012e B497     		.ascii	"\264\227"
 259 0130 B5FF     		.ascii	"\265\377"
 260 0132 B0C5     		.ascii	"\260\305"
 261 0134 B194     		.ascii	"\261\224"
 262 0136 B20F     		.ascii	"\262\017"
 263 0138 C45C     		.ascii	"\304\\"
 264 013a C064     		.ascii	"\300d"
 265 013c C14B     		.ascii	"\301K"
 266 013e 8C00     		.ascii	"\214\000"
 267 0140 863D     		.ascii	"\206="
 268 0142 5000     		.ascii	"P\000"
 269 0144 51C8     		.ascii	"Q\310"
 270 0146 5296     		.ascii	"R\226"
 271 0148 5300     		.ascii	"S\000"
 272 014a 5400     		.ascii	"T\000"
 273 014c 5500     		.ascii	"U\000"
 274 014e 5AC8     		.ascii	"Z\310"
 275 0150 5B96     		.ascii	"[\226"
 276 0152 5C00     		.ascii	"\\\000"
 277 0154 D302     		.ascii	"\323\002"
 278 0156 C3ED     		.ascii	"\303\355"
 279 0158 7F00     		.ascii	"\177\000"
 280 015a DA08     		.ascii	"\332\010"
 281 015c E51F     		.ascii	"\345\037"
 282 015e E167     		.ascii	"\341g"
 283 0160 E000     		.ascii	"\340\000"
 284 0162 DD7F     		.ascii	"\335\177"
 285 0164 0500     		.ascii	"\005\000"
 286 0166 FF00     		.ascii	"\377\000"
 287 0168 E004     		.ascii	"\340\004"
 288 016a 5A50     		.ascii	"ZP"
 289 016c 5B3C     		.ascii	"[<"
 290 016e 5C00     		.ascii	"\\\000"
 291 0170 E000     		.ascii	"\340\000"
ARM GAS  /var/folders/g1/j12m_ky910s3_sv7d4yrsdn00000gn/T//ccpUBpBR.s 			page 6


 292 0172 0000     		.ascii	"\000\000"
 293              		.global	OV2640_Fast_regs
 294              		.section	.rodata.OV2640_Fast_regs,"a"
 295              		.align	2
 298              	OV2640_Fast_regs:
 299 0000 FF00     		.ascii	"\377\000"
 300 0002 2CFF     		.ascii	",\377"
 301 0004 2EDF     		.ascii	".\337"
 302 0006 FF01     		.ascii	"\377\001"
 303 0008 3C32     		.ascii	"<2"
 304 000a 1180     		.ascii	"\021\200"
 305 000c 0901     		.ascii	"\011\001"
 306 000e 04F8     		.ascii	"\004\370"
 307 0010 13E5     		.ascii	"\023\345"
 308 0012 1448     		.ascii	"\024H"
 309 0014 2C0C     		.ascii	",\014"
 310 0016 3378     		.ascii	"3x"
 311 0018 3A33     		.ascii	":3"
 312 001a 3BFB     		.ascii	";\373"
 313 001c 3E00     		.ascii	">\000"
 314 001e 4311     		.ascii	"C\021"
 315 0020 1610     		.ascii	"\026\020"
 316 0022 3902     		.ascii	"9\002"
 317 0024 3588     		.ascii	"5\210"
 318 0026 220A     		.ascii	"\"\012"
 319 0028 3740     		.ascii	"7@"
 320 002a 2300     		.ascii	"#\000"
 321 002c 34A0     		.ascii	"4\240"
 322 002e 0602     		.ascii	"\006\002"
 323 0030 0688     		.ascii	"\006\210"
 324 0032 07C0     		.ascii	"\007\300"
 325 0034 0DB7     		.ascii	"\015\267"
 326 0036 0E01     		.ascii	"\016\001"
 327 0038 4C00     		.ascii	"L\000"
 328 003a 4A81     		.ascii	"J\201"
 329 003c 2199     		.ascii	"!\231"
 330 003e 2440     		.ascii	"$@"
 331 0040 2538     		.ascii	"%8"
 332 0042 2682     		.ascii	"&\202"
 333 0044 5C00     		.ascii	"\\\000"
 334 0046 6300     		.ascii	"c\000"
 335 0048 4622     		.ascii	"F\""
 336 004a 0C3A     		.ascii	"\014:"
 337 004c 5D55     		.ascii	"]U"
 338 004e 5E7D     		.ascii	"^}"
 339 0050 5F7D     		.ascii	"_}"
 340 0052 6055     		.ascii	"`U"
 341 0054 6170     		.ascii	"ap"
 342 0056 6280     		.ascii	"b\200"
 343 0058 7C05     		.ascii	"|\005"
 344 005a 2080     		.ascii	" \200"
 345 005c 2830     		.ascii	"(0"
 346 005e 6C00     		.ascii	"l\000"
 347 0060 6D80     		.ascii	"m\200"
 348 0062 6E00     		.ascii	"n\000"
 349 0064 7002     		.ascii	"p\002"
 350 0066 7194     		.ascii	"q\224"
ARM GAS  /var/folders/g1/j12m_ky910s3_sv7d4yrsdn00000gn/T//ccpUBpBR.s 			page 7


 351 0068 73C1     		.ascii	"s\301"
 352 006a 3D34     		.ascii	"=4"
 353 006c 1204     		.ascii	"\022\004"
 354 006e 5A57     		.ascii	"ZW"
 355 0070 4E00     		.ascii	"N\000"
 356 0072 4FBB     		.ascii	"O\273"
 357 0074 509C     		.ascii	"P\234"
 358 0076 FF00     		.ascii	"\377\000"
 359 0078 E57F     		.ascii	"\345\177"
 360 007a F9C0     		.ascii	"\371\300"
 361 007c 4124     		.ascii	"A$"
 362 007e E014     		.ascii	"\340\024"
 363 0080 76FF     		.ascii	"v\377"
 364 0082 33A0     		.ascii	"3\240"
 365 0084 4220     		.ascii	"B "
 366 0086 4318     		.ascii	"C\030"
 367 0088 4C00     		.ascii	"L\000"
 368 008a 87D0     		.ascii	"\207\320"
 369 008c 883F     		.ascii	"\210?"
 370 008e D703     		.ascii	"\327\003"
 371 0090 D910     		.ascii	"\331\020"
 372 0092 D382     		.ascii	"\323\202"
 373 0094 C808     		.ascii	"\310\010"
 374 0096 C980     		.ascii	"\311\200"
 375 0098 7C00     		.ascii	"|\000"
 376 009a 7D00     		.ascii	"}\000"
 377 009c 7C03     		.ascii	"|\003"
 378 009e 7D48     		.ascii	"}H"
 379 00a0 7D48     		.ascii	"}H"
 380 00a2 7C08     		.ascii	"|\010"
 381 00a4 7D20     		.ascii	"} "
 382 00a6 7D10     		.ascii	"}\020"
 383 00a8 7D0E     		.ascii	"}\016"
 384 00aa 9000     		.ascii	"\220\000"
 385 00ac 910E     		.ascii	"\221\016"
 386 00ae 911A     		.ascii	"\221\032"
 387 00b0 9131     		.ascii	"\2211"
 388 00b2 915A     		.ascii	"\221Z"
 389 00b4 9169     		.ascii	"\221i"
 390 00b6 9175     		.ascii	"\221u"
 391 00b8 917E     		.ascii	"\221~"
 392 00ba 9188     		.ascii	"\221\210"
 393 00bc 918F     		.ascii	"\221\217"
 394 00be 9196     		.ascii	"\221\226"
 395 00c0 91A3     		.ascii	"\221\243"
 396 00c2 91AF     		.ascii	"\221\257"
 397 00c4 91C4     		.ascii	"\221\304"
 398 00c6 91D7     		.ascii	"\221\327"
 399 00c8 91E8     		.ascii	"\221\350"
 400 00ca 9120     		.ascii	"\221 "
 401 00cc 9200     		.ascii	"\222\000"
 402 00ce 9306     		.ascii	"\223\006"
 403 00d0 93E3     		.ascii	"\223\343"
 404 00d2 9303     		.ascii	"\223\003"
 405 00d4 9303     		.ascii	"\223\003"
 406 00d6 9300     		.ascii	"\223\000"
 407 00d8 9302     		.ascii	"\223\002"
ARM GAS  /var/folders/g1/j12m_ky910s3_sv7d4yrsdn00000gn/T//ccpUBpBR.s 			page 8


 408 00da 9300     		.ascii	"\223\000"
 409 00dc 9300     		.ascii	"\223\000"
 410 00de 9300     		.ascii	"\223\000"
 411 00e0 9300     		.ascii	"\223\000"
 412 00e2 9300     		.ascii	"\223\000"
 413 00e4 9300     		.ascii	"\223\000"
 414 00e6 9300     		.ascii	"\223\000"
 415 00e8 9600     		.ascii	"\226\000"
 416 00ea 9708     		.ascii	"\227\010"
 417 00ec 9719     		.ascii	"\227\031"
 418 00ee 9702     		.ascii	"\227\002"
 419 00f0 970C     		.ascii	"\227\014"
 420 00f2 9724     		.ascii	"\227$"
 421 00f4 9730     		.ascii	"\2270"
 422 00f6 9728     		.ascii	"\227("
 423 00f8 9726     		.ascii	"\227&"
 424 00fa 9702     		.ascii	"\227\002"
 425 00fc 9798     		.ascii	"\227\230"
 426 00fe 9780     		.ascii	"\227\200"
 427 0100 9700     		.ascii	"\227\000"
 428 0102 9700     		.ascii	"\227\000"
 429 0104 A400     		.ascii	"\244\000"
 430 0106 A800     		.ascii	"\250\000"
 431 0108 C511     		.ascii	"\305\021"
 432 010a C651     		.ascii	"\306Q"
 433 010c BF80     		.ascii	"\277\200"
 434 010e C710     		.ascii	"\307\020"
 435 0110 B666     		.ascii	"\266f"
 436 0112 B8A5     		.ascii	"\270\245"
 437 0114 B764     		.ascii	"\267d"
 438 0116 B97C     		.ascii	"\271|"
 439 0118 B3AF     		.ascii	"\263\257"
 440 011a B497     		.ascii	"\264\227"
 441 011c B5FF     		.ascii	"\265\377"
 442 011e B0C5     		.ascii	"\260\305"
 443 0120 B194     		.ascii	"\261\224"
 444 0122 B20F     		.ascii	"\262\017"
 445 0124 C45C     		.ascii	"\304\\"
 446 0126 A600     		.ascii	"\246\000"
 447 0128 A720     		.ascii	"\247 "
 448 012a A7D8     		.ascii	"\247\330"
 449 012c A71B     		.ascii	"\247\033"
 450 012e A731     		.ascii	"\2471"
 451 0130 A700     		.ascii	"\247\000"
 452 0132 A718     		.ascii	"\247\030"
 453 0134 A720     		.ascii	"\247 "
 454 0136 A7D8     		.ascii	"\247\330"
 455 0138 A719     		.ascii	"\247\031"
 456 013a A731     		.ascii	"\2471"
 457 013c A700     		.ascii	"\247\000"
 458 013e A718     		.ascii	"\247\030"
 459 0140 A720     		.ascii	"\247 "
 460 0142 A7D8     		.ascii	"\247\330"
 461 0144 A719     		.ascii	"\247\031"
 462 0146 A731     		.ascii	"\2471"
 463 0148 A700     		.ascii	"\247\000"
 464 014a A718     		.ascii	"\247\030"
ARM GAS  /var/folders/g1/j12m_ky910s3_sv7d4yrsdn00000gn/T//ccpUBpBR.s 			page 9


 465 014c 7F00     		.ascii	"\177\000"
 466 014e E51F     		.ascii	"\345\037"
 467 0150 E177     		.ascii	"\341w"
 468 0152 DD7F     		.ascii	"\335\177"
 469 0154 C20E     		.ascii	"\302\016"
 470 0156 FF01     		.ascii	"\377\001"
 471 0158 0F4B     		.ascii	"\017K"
 472 015a 038F     		.ascii	"\003\217"
 473 015c 0000     		.ascii	"\000\000"
 474              		.text
 475              	.Letext0:
 476              		.file 2 "/Users/zhy/Tools/xpack-arm-none-eabi-gcc-14.2.1-1.1/arm-none-eabi/include/machine/_defaul
 477              		.file 3 "/Users/zhy/Tools/xpack-arm-none-eabi-gcc-14.2.1-1.1/arm-none-eabi/include/sys/_stdint.h"
 478              		.file 4 "BSP/Camera/ov2640_regs.h"
ARM GAS  /var/folders/g1/j12m_ky910s3_sv7d4yrsdn00000gn/T//ccpUBpBR.s 			page 10


DEFINED SYMBOLS
                            *ABS*:00000000 ov2640_regs.c
/var/folders/g1/j12m_ky910s3_sv7d4yrsdn00000gn/T//ccpUBpBR.s:24     .rodata.OV2640_uxga_regs:00000000 OV2640_uxga_regs
/var/folders/g1/j12m_ky910s3_sv7d4yrsdn00000gn/T//ccpUBpBR.s:21     .rodata.OV2640_uxga_regs:00000000 $d
/var/folders/g1/j12m_ky910s3_sv7d4yrsdn00000gn/T//ccpUBpBR.s:65     .rodata.OV2640_svga_regs:00000000 OV2640_svga_regs
/var/folders/g1/j12m_ky910s3_sv7d4yrsdn00000gn/T//ccpUBpBR.s:62     .rodata.OV2640_svga_regs:00000000 $d
/var/folders/g1/j12m_ky910s3_sv7d4yrsdn00000gn/T//ccpUBpBR.s:106    .rodata.ov2640_Slow_regs:00000000 ov2640_Slow_regs
/var/folders/g1/j12m_ky910s3_sv7d4yrsdn00000gn/T//ccpUBpBR.s:103    .rodata.ov2640_Slow_regs:00000000 $d
/var/folders/g1/j12m_ky910s3_sv7d4yrsdn00000gn/T//ccpUBpBR.s:298    .rodata.OV2640_Fast_regs:00000000 OV2640_Fast_regs
/var/folders/g1/j12m_ky910s3_sv7d4yrsdn00000gn/T//ccpUBpBR.s:295    .rodata.OV2640_Fast_regs:00000000 $d

NO UNDEFINED SYMBOLS
