ARM GAS  /var/folders/g1/j12m_ky910s3_sv7d4yrsdn00000gn/T//ccCrwzwR.s 			page 1


   1              		.cpu cortex-m7
   2              		.arch armv7e-m
   3              		.fpu fpv5-d16
   4              		.eabi_attribute 28, 1
   5              		.eabi_attribute 20, 1
   6              		.eabi_attribute 21, 1
   7              		.eabi_attribute 23, 3
   8              		.eabi_attribute 24, 1
   9              		.eabi_attribute 25, 1
  10              		.eabi_attribute 26, 1
  11              		.eabi_attribute 30, 1
  12              		.eabi_attribute 34, 1
  13              		.eabi_attribute 18, 4
  14              		.file	"ov5640_regs.c"
  15              		.text
  16              	.Ltext0:
  17              		.cfi_sections	.debug_frame
  18              		.file 1 "BSP/Camera/ov5640_regs.c"
  19              		.global	ov5640_default_regs
  20              		.section	.rodata.ov5640_default_regs,"a"
  21              		.align	2
  24              	ov5640_default_regs:
  25 0000 474021   		.ascii	"G@!"
  26 0003 40506E   		.ascii	"@Pn"
  27 0006 40518F   		.ascii	"@Q\217"
  28 0009 300842   		.ascii	"0\010B"
  29 000c 310303   		.ascii	"1\003\003"
  30 000f 3017FF   		.ascii	"0\027\377"
  31 0012 3018FF   		.ascii	"0\030\377"
  32 0015 302C02   		.ascii	"0,\002"
  33 0018 310801   		.ascii	"1\010\001"
  34 001b 36302E   		.ascii	"60."
  35 001e 3632E2   		.ascii	"62\342"
  36 0021 363323   		.ascii	"63#"
  37 0024 3621E0   		.ascii	"6!\340"
  38 0027 3704A0   		.ascii	"7\004\240"
  39 002a 37035A   		.ascii	"7\003Z"
  40 002d 371578   		.ascii	"7\025x"
  41 0030 371701   		.ascii	"7\027\001"
  42 0033 370B60   		.ascii	"7\013`"
  43 0036 37051A   		.ascii	"7\005\032"
  44 0039 390502   		.ascii	"9\005\002"
  45 003c 390610   		.ascii	"9\006\020"
  46 003f 39010A   		.ascii	"9\001\012"
  47 0042 373112   		.ascii	"71\022"
  48 0045 360008   		.ascii	"6\000\010"
  49 0048 360133   		.ascii	"6\0013"
  50 004b 302D60   		.ascii	"0-`"
  51 004e 362052   		.ascii	"6 R"
  52 0051 371B20   		.ascii	"7\033 "
  53 0054 471C50   		.ascii	"G\034P"
  54 0057 3A1800   		.ascii	":\030\000"
  55 005a 3A19F8   		.ascii	":\031\370"
  56 005d 36351C   		.ascii	"65\034"
  57 0060 363440   		.ascii	"64@"
  58 0063 362201   		.ascii	"6\"\001"
  59 0066 3C0428   		.ascii	"<\004("
ARM GAS  /var/folders/g1/j12m_ky910s3_sv7d4yrsdn00000gn/T//ccCrwzwR.s 			page 2


  60 0069 3C0598   		.ascii	"<\005\230"
  61 006c 3C0600   		.ascii	"<\006\000"
  62 006f 3C0708   		.ascii	"<\007\010"
  63 0072 3C0800   		.ascii	"<\010\000"
  64 0075 3C091C   		.ascii	"<\011\034"
  65 0078 3C0A9C   		.ascii	"<\012\234"
  66 007b 3C0B40   		.ascii	"<\013@"
  67 007e 382047   		.ascii	"8 G"
  68 0081 382101   		.ascii	"8!\001"
  69 0084 380000   		.ascii	"8\000\000"
  70 0087 380100   		.ascii	"8\001\000"
  71 008a 380200   		.ascii	"8\002\000"
  72 008d 380304   		.ascii	"8\003\004"
  73 0090 38040A   		.ascii	"8\004\012"
  74 0093 38053F   		.ascii	"8\005?"
  75 0096 380607   		.ascii	"8\006\007"
  76 0099 38079B   		.ascii	"8\007\233"
  77 009c 380805   		.ascii	"8\010\005"
  78 009f 380900   		.ascii	"8\011\000"
  79 00a2 380A03   		.ascii	"8\012\003"
  80 00a5 380BC0   		.ascii	"8\013\300"
  81 00a8 381000   		.ascii	"8\020\000"
  82 00ab 381110   		.ascii	"8\021\020"
  83 00ae 381200   		.ascii	"8\022\000"
  84 00b1 381306   		.ascii	"8\023\006"
  85 00b4 381431   		.ascii	"8\0241"
  86 00b7 381531   		.ascii	"8\0251"
  87 00ba 30341A   		.ascii	"04\032"
  88 00bd 303511   		.ascii	"05\021"
  89 00c0 303664   		.ascii	"06d"
  90 00c3 303713   		.ascii	"07\023"
  91 00c6 303800   		.ascii	"08\000"
  92 00c9 303900   		.ascii	"09\000"
  93 00cc 380C07   		.ascii	"8\014\007"
  94 00cf 380D68   		.ascii	"8\015h"
  95 00d2 380E03   		.ascii	"8\016\003"
  96 00d5 380FD8   		.ascii	"8\017\330"
  97 00d8 3C01B4   		.ascii	"<\001\264"
  98 00db 3C0004   		.ascii	"<\000\004"
  99 00de 3A0800   		.ascii	":\010\000"
 100 00e1 3A0993   		.ascii	":\011\223"
 101 00e4 3A0E06   		.ascii	":\016\006"
 102 00e7 3A0A00   		.ascii	":\012\000"
 103 00ea 3A0B7B   		.ascii	":\013{"
 104 00ed 3A0D08   		.ascii	":\015\010"
 105 00f0 3A0038   		.ascii	":\0008"
 106 00f3 3A0205   		.ascii	":\002\005"
 107 00f6 3A03C4   		.ascii	":\003\304"
 108 00f9 3A1405   		.ascii	":\024\005"
 109 00fc 3A15C4   		.ascii	":\025\304"
 110 00ff 361800   		.ascii	"6\030\000"
 111 0102 361229   		.ascii	"6\022)"
 112 0105 370864   		.ascii	"7\010d"
 113 0108 370952   		.ascii	"7\011R"
 114 010b 370C03   		.ascii	"7\014\003"
 115 010e 400102   		.ascii	"@\001\002"
 116 0111 400402   		.ascii	"@\004\002"
ARM GAS  /var/folders/g1/j12m_ky910s3_sv7d4yrsdn00000gn/T//ccCrwzwR.s 			page 3


 117 0114 300000   		.ascii	"0\000\000"
 118 0117 30021C   		.ascii	"0\002\034"
 119 011a 3004FF   		.ascii	"0\004\377"
 120 011d 3006C3   		.ascii	"0\006\303"
 121 0120 300E58   		.ascii	"0\016X"
 122 0123 302E00   		.ascii	"0.\000"
 123 0126 430030   		.ascii	"C\0000"
 124 0129 501F00   		.ascii	"P\037\000"
 125 012c 471304   		.ascii	"G\023\004"
 126 012f 440704   		.ascii	"D\007\004"
 127 0132 460B35   		.ascii	"F\0135"
 128 0135 460C22   		.ascii	"F\014\""
 129 0138 382402   		.ascii	"8$\002"
 130 013b 5001A3   		.ascii	"P\001\243"
 131 013e 340601   		.ascii	"4\006\001"
 132 0141 340006   		.ascii	"4\000\006"
 133 0144 340180   		.ascii	"4\001\200"
 134 0147 340204   		.ascii	"4\002\004"
 135 014a 340300   		.ascii	"4\003\000"
 136 014d 340406   		.ascii	"4\004\006"
 137 0150 340500   		.ascii	"4\005\000"
 138 0153 5180FF   		.ascii	"Q\200\377"
 139 0156 5181F2   		.ascii	"Q\201\362"
 140 0159 518200   		.ascii	"Q\202\000"
 141 015c 518314   		.ascii	"Q\203\024"
 142 015f 518425   		.ascii	"Q\204%"
 143 0162 518524   		.ascii	"Q\205$"
 144 0165 518616   		.ascii	"Q\206\026"
 145 0168 518716   		.ascii	"Q\207\026"
 146 016b 518816   		.ascii	"Q\210\026"
 147 016e 518962   		.ascii	"Q\211b"
 148 0171 518A62   		.ascii	"Q\212b"
 149 0174 518BF0   		.ascii	"Q\213\360"
 150 0177 518CB2   		.ascii	"Q\214\262"
 151 017a 518D50   		.ascii	"Q\215P"
 152 017d 518E30   		.ascii	"Q\2160"
 153 0180 518F30   		.ascii	"Q\2170"
 154 0183 519050   		.ascii	"Q\220P"
 155 0186 5191F8   		.ascii	"Q\221\370"
 156 0189 519204   		.ascii	"Q\222\004"
 157 018c 519370   		.ascii	"Q\223p"
 158 018f 5194F0   		.ascii	"Q\224\360"
 159 0192 5195F0   		.ascii	"Q\225\360"
 160 0195 519603   		.ascii	"Q\226\003"
 161 0198 519701   		.ascii	"Q\227\001"
 162 019b 519804   		.ascii	"Q\230\004"
 163 019e 519912   		.ascii	"Q\231\022"
 164 01a1 519A04   		.ascii	"Q\232\004"
 165 01a4 519B00   		.ascii	"Q\233\000"
 166 01a7 519C06   		.ascii	"Q\234\006"
 167 01aa 519D82   		.ascii	"Q\235\202"
 168 01ad 519E38   		.ascii	"Q\2368"
 169 01b0 53811E   		.ascii	"S\201\036"
 170 01b3 53825B   		.ascii	"S\202["
 171 01b6 538314   		.ascii	"S\203\024"
 172 01b9 538406   		.ascii	"S\204\006"
 173 01bc 538582   		.ascii	"S\205\202"
ARM GAS  /var/folders/g1/j12m_ky910s3_sv7d4yrsdn00000gn/T//ccCrwzwR.s 			page 4


 174 01bf 538688   		.ascii	"S\206\210"
 175 01c2 53877C   		.ascii	"S\207|"
 176 01c5 538860   		.ascii	"S\210`"
 177 01c8 53891C   		.ascii	"S\211\034"
 178 01cb 538A01   		.ascii	"S\212\001"
 179 01ce 538B98   		.ascii	"S\213\230"
 180 01d1 530008   		.ascii	"S\000\010"
 181 01d4 530130   		.ascii	"S\0010"
 182 01d7 53023F   		.ascii	"S\002?"
 183 01da 530310   		.ascii	"S\003\020"
 184 01dd 530408   		.ascii	"S\004\010"
 185 01e0 530530   		.ascii	"S\0050"
 186 01e3 530618   		.ascii	"S\006\030"
 187 01e6 530728   		.ascii	"S\007("
 188 01e9 530908   		.ascii	"S\011\010"
 189 01ec 530A30   		.ascii	"S\0120"
 190 01ef 530B04   		.ascii	"S\013\004"
 191 01f2 530C06   		.ascii	"S\014\006"
 192 01f5 548001   		.ascii	"T\200\001"
 193 01f8 548106   		.ascii	"T\201\006"
 194 01fb 548212   		.ascii	"T\202\022"
 195 01fe 548324   		.ascii	"T\203$"
 196 0201 54844A   		.ascii	"T\204J"
 197 0204 548558   		.ascii	"T\205X"
 198 0207 548665   		.ascii	"T\206e"
 199 020a 548772   		.ascii	"T\207r"
 200 020d 54887D   		.ascii	"T\210}"
 201 0210 548988   		.ascii	"T\211\210"
 202 0213 548A92   		.ascii	"T\212\222"
 203 0216 548BA3   		.ascii	"T\213\243"
 204 0219 548CB2   		.ascii	"T\214\262"
 205 021c 548DC8   		.ascii	"T\215\310"
 206 021f 548EDD   		.ascii	"T\216\335"
 207 0222 548FF0   		.ascii	"T\217\360"
 208 0225 549015   		.ascii	"T\220\025"
 209 0228 558006   		.ascii	"U\200\006"
 210 022b 558340   		.ascii	"U\203@"
 211 022e 558420   		.ascii	"U\204 "
 212 0231 558910   		.ascii	"U\211\020"
 213 0234 558A00   		.ascii	"U\212\000"
 214 0237 558BF8   		.ascii	"U\213\370"
 215 023a 5000A7   		.ascii	"P\000\247"
 216 023d 580020   		.ascii	"X\000 "
 217 0240 580119   		.ascii	"X\001\031"
 218 0243 580217   		.ascii	"X\002\027"
 219 0246 580316   		.ascii	"X\003\026"
 220 0249 580418   		.ascii	"X\004\030"
 221 024c 580521   		.ascii	"X\005!"
 222 024f 58060F   		.ascii	"X\006\017"
 223 0252 58070A   		.ascii	"X\007\012"
 224 0255 580807   		.ascii	"X\010\007"
 225 0258 580907   		.ascii	"X\011\007"
 226 025b 580A0A   		.ascii	"X\012\012"
 227 025e 580B0C   		.ascii	"X\013\014"
 228 0261 580C0A   		.ascii	"X\014\012"
 229 0264 580D03   		.ascii	"X\015\003"
 230 0267 580E01   		.ascii	"X\016\001"
ARM GAS  /var/folders/g1/j12m_ky910s3_sv7d4yrsdn00000gn/T//ccCrwzwR.s 			page 5


 231 026a 580F01   		.ascii	"X\017\001"
 232 026d 581003   		.ascii	"X\020\003"
 233 0270 581109   		.ascii	"X\021\011"
 234 0273 58120A   		.ascii	"X\022\012"
 235 0276 581303   		.ascii	"X\023\003"
 236 0279 581401   		.ascii	"X\024\001"
 237 027c 581501   		.ascii	"X\025\001"
 238 027f 581603   		.ascii	"X\026\003"
 239 0282 581708   		.ascii	"X\027\010"
 240 0285 581810   		.ascii	"X\030\020"
 241 0288 58190A   		.ascii	"X\031\012"
 242 028b 581A06   		.ascii	"X\032\006"
 243 028e 581B06   		.ascii	"X\033\006"
 244 0291 581C08   		.ascii	"X\034\010"
 245 0294 581D0E   		.ascii	"X\035\016"
 246 0297 581E22   		.ascii	"X\036\""
 247 029a 581F18   		.ascii	"X\037\030"
 248 029d 582013   		.ascii	"X \023"
 249 02a0 582112   		.ascii	"X!\022"
 250 02a3 582216   		.ascii	"X\"\026"
 251 02a6 58231E   		.ascii	"X#\036"
 252 02a9 582464   		.ascii	"X$d"
 253 02ac 58252A   		.ascii	"X%*"
 254 02af 58262C   		.ascii	"X&,"
 255 02b2 58272A   		.ascii	"X'*"
 256 02b5 582846   		.ascii	"X(F"
 257 02b8 58292A   		.ascii	"X)*"
 258 02bb 582A26   		.ascii	"X*&"
 259 02be 582B24   		.ascii	"X+$"
 260 02c1 582C26   		.ascii	"X,&"
 261 02c4 582D2A   		.ascii	"X-*"
 262 02c7 582E28   		.ascii	"X.("
 263 02ca 582F42   		.ascii	"X/B"
 264 02cd 583040   		.ascii	"X0@"
 265 02d0 583142   		.ascii	"X1B"
 266 02d3 583208   		.ascii	"X2\010"
 267 02d6 583328   		.ascii	"X3("
 268 02d9 583426   		.ascii	"X4&"
 269 02dc 583524   		.ascii	"X5$"
 270 02df 583626   		.ascii	"X6&"
 271 02e2 58372A   		.ascii	"X7*"
 272 02e5 583844   		.ascii	"X8D"
 273 02e8 58394A   		.ascii	"X9J"
 274 02eb 583A2C   		.ascii	"X:,"
 275 02ee 583B2A   		.ascii	"X;*"
 276 02f1 583C46   		.ascii	"X<F"
 277 02f4 583DCE   		.ascii	"X=\316"
 278 02f7 568822   		.ascii	"V\210\""
 279 02fa 568922   		.ascii	"V\211\""
 280 02fd 568A42   		.ascii	"V\212B"
 281 0300 568B24   		.ascii	"V\213$"
 282 0303 568C42   		.ascii	"V\214B"
 283 0306 568D24   		.ascii	"V\215$"
 284 0309 568E22   		.ascii	"V\216\""
 285 030c 568F22   		.ascii	"V\217\""
 286 030f 502500   		.ascii	"P%\000"
 287 0312 3A0F30   		.ascii	":\0170"
ARM GAS  /var/folders/g1/j12m_ky910s3_sv7d4yrsdn00000gn/T//ccCrwzwR.s 			page 6


 288 0315 3A1028   		.ascii	":\020("
 289 0318 3A1B30   		.ascii	":\0330"
 290 031b 3A1E28   		.ascii	":\036("
 291 031e 3A1161   		.ascii	":\021a"
 292 0321 3A1F10   		.ascii	":\037\020"
 293 0324 40051A   		.ascii	"@\005\032"
 294 0327 340600   		.ascii	"4\006\000"
 295 032a 350300   		.ascii	"5\003\000"
 296 032d 300802   		.ascii	"0\010\002"
 297 0330 3A0207   		.ascii	":\002\007"
 298 0333 3A03AE   		.ascii	":\003\256"
 299 0336 3A0801   		.ascii	":\010\001"
 300 0339 3A0927   		.ascii	":\011'"
 301 033c 3A0A00   		.ascii	":\012\000"
 302 033f 3A0BF6   		.ascii	":\013\366"
 303 0342 3A0E06   		.ascii	":\016\006"
 304 0345 3A0D08   		.ascii	":\015\010"
 305 0348 3A1407   		.ascii	":\024\007"
 306 034b 3A15AE   		.ascii	":\025\256"
 307 034e 44010D   		.ascii	"D\001\015"
 308 0351 472303   		.ascii	"G#\003"
 309 0354 000000   		.ascii	"\000\000\000"
 310              		.text
 311              	.Letext0:
 312              		.file 2 "/Users/zhy/Tools/xpack-arm-none-eabi-gcc-14.2.1-1.1/arm-none-eabi/include/machine/_defaul
 313              		.file 3 "/Users/zhy/Tools/xpack-arm-none-eabi-gcc-14.2.1-1.1/arm-none-eabi/include/sys/_stdint.h"
 314              		.file 4 "BSP/Camera/ov5640_regs.h"
ARM GAS  /var/folders/g1/j12m_ky910s3_sv7d4yrsdn00000gn/T//ccCrwzwR.s 			page 7


DEFINED SYMBOLS
                            *ABS*:00000000 ov5640_regs.c
/var/folders/g1/j12m_ky910s3_sv7d4yrsdn00000gn/T//ccCrwzwR.s:24     .rodata.ov5640_default_regs:00000000 ov5640_default_regs
/var/folders/g1/j12m_ky910s3_sv7d4yrsdn00000gn/T//ccCrwzwR.s:21     .rodata.ov5640_default_regs:00000000 $d

NO UNDEFINED SYMBOLS
