ARM GAS  /var/folders/g1/j12m_ky910s3_sv7d4yrsdn00000gn/T//cc6W7uAT.s 			page 1


   1              		.cpu cortex-m7
   2              		.arch armv7e-m
   3              		.fpu fpv5-d16
   4              		.eabi_attribute 28, 1
   5              		.eabi_attribute 20, 1
   6              		.eabi_attribute 21, 1
   7              		.eabi_attribute 23, 3
   8              		.eabi_attribute 24, 1
   9              		.eabi_attribute 25, 1
  10              		.eabi_attribute 26, 1
  11              		.eabi_attribute 30, 1
  12              		.eabi_attribute 34, 1
  13              		.eabi_attribute 18, 4
  14              		.file	"spi.c"
  15              		.text
  16              	.Ltext0:
  17              		.cfi_sections	.debug_frame
  18              		.file 1 "Core/Src/spi.c"
  19              		.section	.text.MX_SPI6_Init,"ax",%progbits
  20              		.align	1
  21              		.global	MX_SPI6_Init
  22              		.syntax unified
  23              		.thumb
  24              		.thumb_func
  26              	MX_SPI6_Init:
  27              	.LFB144:
   1:Core/Src/spi.c **** /* USER CODE BEGIN Header */
   2:Core/Src/spi.c **** /**
   3:Core/Src/spi.c ****   ******************************************************************************
   4:Core/Src/spi.c ****   * @file    spi.c
   5:Core/Src/spi.c ****   * @brief   This file provides code for the configuration
   6:Core/Src/spi.c ****   *          of the SPI instances.
   7:Core/Src/spi.c ****   ******************************************************************************
   8:Core/Src/spi.c ****   * @attention
   9:Core/Src/spi.c ****   *
  10:Core/Src/spi.c ****   * Copyright (c) 2024 STMicroelectronics.
  11:Core/Src/spi.c ****   * All rights reserved.
  12:Core/Src/spi.c ****   *
  13:Core/Src/spi.c ****   * This software is licensed under terms that can be found in the LICENSE file
  14:Core/Src/spi.c ****   * in the root directory of this software component.
  15:Core/Src/spi.c ****   * If no LICENSE file comes with this software, it is provided AS-IS.
  16:Core/Src/spi.c ****   *
  17:Core/Src/spi.c ****   ******************************************************************************
  18:Core/Src/spi.c ****   */
  19:Core/Src/spi.c **** /* USER CODE END Header */
  20:Core/Src/spi.c **** /* Includes ------------------------------------------------------------------*/
  21:Core/Src/spi.c **** #include "spi.h"
  22:Core/Src/spi.c **** 
  23:Core/Src/spi.c **** /* USER CODE BEGIN 0 */
  24:Core/Src/spi.c **** 
  25:Core/Src/spi.c **** /* USER CODE END 0 */
  26:Core/Src/spi.c **** 
  27:Core/Src/spi.c **** SPI_HandleTypeDef hspi6;
  28:Core/Src/spi.c **** 
  29:Core/Src/spi.c **** /* SPI6 init function */
  30:Core/Src/spi.c **** void MX_SPI6_Init(void)
  31:Core/Src/spi.c **** {
ARM GAS  /var/folders/g1/j12m_ky910s3_sv7d4yrsdn00000gn/T//cc6W7uAT.s 			page 2


  28              		.loc 1 31 1 view -0
  29              		.cfi_startproc
  30              		@ args = 0, pretend = 0, frame = 0
  31              		@ frame_needed = 0, uses_anonymous_args = 0
  32 0000 08B5     		push	{r3, lr}
  33              	.LCFI0:
  34              		.cfi_def_cfa_offset 8
  35              		.cfi_offset 3, -8
  36              		.cfi_offset 14, -4
  32:Core/Src/spi.c **** 
  33:Core/Src/spi.c ****   /* USER CODE BEGIN SPI6_Init 0 */
  34:Core/Src/spi.c **** 
  35:Core/Src/spi.c ****   /* USER CODE END SPI6_Init 0 */
  36:Core/Src/spi.c **** 
  37:Core/Src/spi.c ****   /* USER CODE BEGIN SPI6_Init 1 */
  38:Core/Src/spi.c **** 
  39:Core/Src/spi.c ****   /* USER CODE END SPI6_Init 1 */
  40:Core/Src/spi.c ****   hspi6.Instance = SPI6;
  37              		.loc 1 40 3 view .LVU1
  38              		.loc 1 40 18 is_stmt 0 view .LVU2
  39 0002 1848     		ldr	r0, .L5
  40 0004 184B     		ldr	r3, .L5+4
  41 0006 0360     		str	r3, [r0]
  41:Core/Src/spi.c ****   hspi6.Init.Mode = SPI_MODE_MASTER;
  42              		.loc 1 41 3 is_stmt 1 view .LVU3
  43              		.loc 1 41 19 is_stmt 0 view .LVU4
  44 0008 4FF48003 		mov	r3, #4194304
  45 000c 4360     		str	r3, [r0, #4]
  42:Core/Src/spi.c ****   hspi6.Init.Direction = SPI_DIRECTION_1LINE;
  46              		.loc 1 42 3 is_stmt 1 view .LVU5
  47              		.loc 1 42 24 is_stmt 0 view .LVU6
  48 000e 4FF4C023 		mov	r3, #393216
  49 0012 8360     		str	r3, [r0, #8]
  43:Core/Src/spi.c ****   hspi6.Init.DataSize = SPI_DATASIZE_8BIT;
  50              		.loc 1 43 3 is_stmt 1 view .LVU7
  51              		.loc 1 43 23 is_stmt 0 view .LVU8
  52 0014 0723     		movs	r3, #7
  53 0016 C360     		str	r3, [r0, #12]
  44:Core/Src/spi.c ****   hspi6.Init.CLKPolarity = SPI_POLARITY_HIGH;
  54              		.loc 1 44 3 is_stmt 1 view .LVU9
  55              		.loc 1 44 26 is_stmt 0 view .LVU10
  56 0018 4FF00073 		mov	r3, #33554432
  57 001c 0361     		str	r3, [r0, #16]
  45:Core/Src/spi.c ****   hspi6.Init.CLKPhase = SPI_PHASE_2EDGE;
  58              		.loc 1 45 3 is_stmt 1 view .LVU11
  59              		.loc 1 45 23 is_stmt 0 view .LVU12
  60 001e 4FF08073 		mov	r3, #16777216
  61 0022 4361     		str	r3, [r0, #20]
  46:Core/Src/spi.c ****   hspi6.Init.NSS = SPI_NSS_SOFT;
  62              		.loc 1 46 3 is_stmt 1 view .LVU13
  63              		.loc 1 46 18 is_stmt 0 view .LVU14
  64 0024 4FF08063 		mov	r3, #67108864
  65 0028 8361     		str	r3, [r0, #24]
  47:Core/Src/spi.c ****   hspi6.Init.BaudRatePrescaler = SPI_BAUDRATEPRESCALER_4;
  66              		.loc 1 47 3 is_stmt 1 view .LVU15
  67              		.loc 1 47 32 is_stmt 0 view .LVU16
  68 002a 4FF08053 		mov	r3, #268435456
ARM GAS  /var/folders/g1/j12m_ky910s3_sv7d4yrsdn00000gn/T//cc6W7uAT.s 			page 3


  69 002e C361     		str	r3, [r0, #28]
  48:Core/Src/spi.c ****   hspi6.Init.FirstBit = SPI_FIRSTBIT_MSB;
  70              		.loc 1 48 3 is_stmt 1 view .LVU17
  71              		.loc 1 48 23 is_stmt 0 view .LVU18
  72 0030 0023     		movs	r3, #0
  73 0032 0362     		str	r3, [r0, #32]
  49:Core/Src/spi.c ****   hspi6.Init.TIMode = SPI_TIMODE_DISABLE;
  74              		.loc 1 49 3 is_stmt 1 view .LVU19
  75              		.loc 1 49 21 is_stmt 0 view .LVU20
  76 0034 4362     		str	r3, [r0, #36]
  50:Core/Src/spi.c ****   hspi6.Init.CRCCalculation = SPI_CRCCALCULATION_DISABLE;
  77              		.loc 1 50 3 is_stmt 1 view .LVU21
  78              		.loc 1 50 29 is_stmt 0 view .LVU22
  79 0036 8362     		str	r3, [r0, #40]
  51:Core/Src/spi.c ****   hspi6.Init.CRCPolynomial = 0x0;
  80              		.loc 1 51 3 is_stmt 1 view .LVU23
  81              		.loc 1 51 28 is_stmt 0 view .LVU24
  82 0038 C362     		str	r3, [r0, #44]
  52:Core/Src/spi.c ****   hspi6.Init.NSSPMode = SPI_NSS_PULSE_ENABLE;
  83              		.loc 1 52 3 is_stmt 1 view .LVU25
  84              		.loc 1 52 23 is_stmt 0 view .LVU26
  85 003a 4FF08042 		mov	r2, #1073741824
  86 003e 4263     		str	r2, [r0, #52]
  53:Core/Src/spi.c ****   hspi6.Init.NSSPolarity = SPI_NSS_POLARITY_LOW;
  87              		.loc 1 53 3 is_stmt 1 view .LVU27
  88              		.loc 1 53 26 is_stmt 0 view .LVU28
  89 0040 8363     		str	r3, [r0, #56]
  54:Core/Src/spi.c ****   hspi6.Init.FifoThreshold = SPI_FIFO_THRESHOLD_01DATA;
  90              		.loc 1 54 3 is_stmt 1 view .LVU29
  91              		.loc 1 54 28 is_stmt 0 view .LVU30
  92 0042 C363     		str	r3, [r0, #60]
  55:Core/Src/spi.c ****   hspi6.Init.TxCRCInitializationPattern = SPI_CRC_INITIALIZATION_ALL_ZERO_PATTERN;
  93              		.loc 1 55 3 is_stmt 1 view .LVU31
  94              		.loc 1 55 41 is_stmt 0 view .LVU32
  95 0044 0364     		str	r3, [r0, #64]
  56:Core/Src/spi.c ****   hspi6.Init.RxCRCInitializationPattern = SPI_CRC_INITIALIZATION_ALL_ZERO_PATTERN;
  96              		.loc 1 56 3 is_stmt 1 view .LVU33
  97              		.loc 1 56 41 is_stmt 0 view .LVU34
  98 0046 4364     		str	r3, [r0, #68]
  57:Core/Src/spi.c ****   hspi6.Init.MasterSSIdleness = SPI_MASTER_SS_IDLENESS_00CYCLE;
  99              		.loc 1 57 3 is_stmt 1 view .LVU35
 100              		.loc 1 57 31 is_stmt 0 view .LVU36
 101 0048 8364     		str	r3, [r0, #72]
  58:Core/Src/spi.c ****   hspi6.Init.MasterInterDataIdleness = SPI_MASTER_INTERDATA_IDLENESS_00CYCLE;
 102              		.loc 1 58 3 is_stmt 1 view .LVU37
 103              		.loc 1 58 38 is_stmt 0 view .LVU38
 104 004a C364     		str	r3, [r0, #76]
  59:Core/Src/spi.c ****   hspi6.Init.MasterReceiverAutoSusp = SPI_MASTER_RX_AUTOSUSP_DISABLE;
 105              		.loc 1 59 3 is_stmt 1 view .LVU39
 106              		.loc 1 59 37 is_stmt 0 view .LVU40
 107 004c 0365     		str	r3, [r0, #80]
  60:Core/Src/spi.c ****   hspi6.Init.MasterKeepIOState = SPI_MASTER_KEEP_IO_STATE_ENABLE;
 108              		.loc 1 60 3 is_stmt 1 view .LVU41
 109              		.loc 1 60 32 is_stmt 0 view .LVU42
 110 004e 4FF00042 		mov	r2, #-2147483648
 111 0052 4265     		str	r2, [r0, #84]
  61:Core/Src/spi.c ****   hspi6.Init.IOSwap = SPI_IO_SWAP_DISABLE;
ARM GAS  /var/folders/g1/j12m_ky910s3_sv7d4yrsdn00000gn/T//cc6W7uAT.s 			page 4


 112              		.loc 1 61 3 is_stmt 1 view .LVU43
 113              		.loc 1 61 21 is_stmt 0 view .LVU44
 114 0054 8365     		str	r3, [r0, #88]
  62:Core/Src/spi.c ****   if (HAL_SPI_Init(&hspi6) != HAL_OK)
 115              		.loc 1 62 3 is_stmt 1 view .LVU45
 116              		.loc 1 62 7 is_stmt 0 view .LVU46
 117 0056 FFF7FEFF 		bl	HAL_SPI_Init
 118              	.LVL0:
 119              		.loc 1 62 6 discriminator 1 view .LVU47
 120 005a 00B9     		cbnz	r0, .L4
 121              	.L1:
  63:Core/Src/spi.c ****   {
  64:Core/Src/spi.c ****     Error_Handler();
  65:Core/Src/spi.c ****   }
  66:Core/Src/spi.c ****   /* USER CODE BEGIN SPI6_Init 2 */
  67:Core/Src/spi.c **** 
  68:Core/Src/spi.c ****   /* USER CODE END SPI6_Init 2 */
  69:Core/Src/spi.c **** 
  70:Core/Src/spi.c **** }
 122              		.loc 1 70 1 view .LVU48
 123 005c 08BD     		pop	{r3, pc}
 124              	.L4:
  64:Core/Src/spi.c ****   }
 125              		.loc 1 64 5 is_stmt 1 view .LVU49
 126 005e FFF7FEFF 		bl	Error_Handler
 127              	.LVL1:
 128              		.loc 1 70 1 is_stmt 0 view .LVU50
 129 0062 FBE7     		b	.L1
 130              	.L6:
 131              		.align	2
 132              	.L5:
 133 0064 00000000 		.word	hspi6
 134 0068 00140058 		.word	1476400128
 135              		.cfi_endproc
 136              	.LFE144:
 138              		.section	.text.HAL_SPI_MspInit,"ax",%progbits
 139              		.align	1
 140              		.global	HAL_SPI_MspInit
 141              		.syntax unified
 142              		.thumb
 143              		.thumb_func
 145              	HAL_SPI_MspInit:
 146              	.LVL2:
 147              	.LFB145:
  71:Core/Src/spi.c **** 
  72:Core/Src/spi.c **** void HAL_SPI_MspInit(SPI_HandleTypeDef* spiHandle)
  73:Core/Src/spi.c **** {
 148              		.loc 1 73 1 is_stmt 1 view -0
 149              		.cfi_startproc
 150              		@ args = 0, pretend = 0, frame = 224
 151              		@ frame_needed = 0, uses_anonymous_args = 0
 152              		.loc 1 73 1 is_stmt 0 view .LVU52
 153 0000 10B5     		push	{r4, lr}
 154              	.LCFI1:
 155              		.cfi_def_cfa_offset 8
 156              		.cfi_offset 4, -8
 157              		.cfi_offset 14, -4
ARM GAS  /var/folders/g1/j12m_ky910s3_sv7d4yrsdn00000gn/T//cc6W7uAT.s 			page 5


 158 0002 B8B0     		sub	sp, sp, #224
 159              	.LCFI2:
 160              		.cfi_def_cfa_offset 232
 161 0004 0446     		mov	r4, r0
  74:Core/Src/spi.c **** 
  75:Core/Src/spi.c ****   GPIO_InitTypeDef GPIO_InitStruct = {0};
 162              		.loc 1 75 3 is_stmt 1 view .LVU53
 163              		.loc 1 75 20 is_stmt 0 view .LVU54
 164 0006 0021     		movs	r1, #0
 165 0008 3391     		str	r1, [sp, #204]
 166 000a 3491     		str	r1, [sp, #208]
 167 000c 3591     		str	r1, [sp, #212]
 168 000e 3691     		str	r1, [sp, #216]
 169 0010 3791     		str	r1, [sp, #220]
  76:Core/Src/spi.c ****   RCC_PeriphCLKInitTypeDef PeriphClkInitStruct = {0};
 170              		.loc 1 76 3 is_stmt 1 view .LVU55
 171              		.loc 1 76 28 is_stmt 0 view .LVU56
 172 0012 C022     		movs	r2, #192
 173 0014 02A8     		add	r0, sp, #8
 174              	.LVL3:
 175              		.loc 1 76 28 view .LVU57
 176 0016 FFF7FEFF 		bl	memset
 177              	.LVL4:
  77:Core/Src/spi.c ****   if(spiHandle->Instance==SPI6)
 178              		.loc 1 77 3 is_stmt 1 view .LVU58
 179              		.loc 1 77 15 is_stmt 0 view .LVU59
 180 001a 2268     		ldr	r2, [r4]
 181              		.loc 1 77 5 view .LVU60
 182 001c 1C4B     		ldr	r3, .L13
 183 001e 9A42     		cmp	r2, r3
 184 0020 01D0     		beq	.L11
 185              	.L7:
  78:Core/Src/spi.c ****   {
  79:Core/Src/spi.c ****   /* USER CODE BEGIN SPI6_MspInit 0 */
  80:Core/Src/spi.c **** 
  81:Core/Src/spi.c ****   /* USER CODE END SPI6_MspInit 0 */
  82:Core/Src/spi.c **** 
  83:Core/Src/spi.c ****   /** Initializes the peripherals clock
  84:Core/Src/spi.c ****   */
  85:Core/Src/spi.c ****     PeriphClkInitStruct.PeriphClockSelection = RCC_PERIPHCLK_SPI6;
  86:Core/Src/spi.c ****     PeriphClkInitStruct.Spi6ClockSelection = RCC_SPI6CLKSOURCE_D3PCLK1;
  87:Core/Src/spi.c ****     if (HAL_RCCEx_PeriphCLKConfig(&PeriphClkInitStruct) != HAL_OK)
  88:Core/Src/spi.c ****     {
  89:Core/Src/spi.c ****       Error_Handler();
  90:Core/Src/spi.c ****     }
  91:Core/Src/spi.c **** 
  92:Core/Src/spi.c ****     /* SPI6 clock enable */
  93:Core/Src/spi.c ****     __HAL_RCC_SPI6_CLK_ENABLE();
  94:Core/Src/spi.c **** 
  95:Core/Src/spi.c ****     __HAL_RCC_GPIOB_CLK_ENABLE();
  96:Core/Src/spi.c ****     /**SPI6 GPIO Configuration
  97:Core/Src/spi.c ****     PB3 (JTDO/TRACESWO)     ------> SPI6_SCK
  98:Core/Src/spi.c ****     PB5     ------> SPI6_MOSI
  99:Core/Src/spi.c ****     */
 100:Core/Src/spi.c ****     GPIO_InitStruct.Pin = GPIO_PIN_3|GPIO_PIN_5;
 101:Core/Src/spi.c ****     GPIO_InitStruct.Mode = GPIO_MODE_AF_PP;
 102:Core/Src/spi.c ****     GPIO_InitStruct.Pull = GPIO_PULLUP;
ARM GAS  /var/folders/g1/j12m_ky910s3_sv7d4yrsdn00000gn/T//cc6W7uAT.s 			page 6


 103:Core/Src/spi.c ****     GPIO_InitStruct.Speed = GPIO_SPEED_FREQ_VERY_HIGH;
 104:Core/Src/spi.c ****     GPIO_InitStruct.Alternate = GPIO_AF8_SPI6;
 105:Core/Src/spi.c ****     HAL_GPIO_Init(GPIOB, &GPIO_InitStruct);
 106:Core/Src/spi.c **** 
 107:Core/Src/spi.c ****   /* USER CODE BEGIN SPI6_MspInit 1 */
 108:Core/Src/spi.c **** 
 109:Core/Src/spi.c ****   /* USER CODE END SPI6_MspInit 1 */
 110:Core/Src/spi.c ****   }
 111:Core/Src/spi.c **** }
 186              		.loc 1 111 1 view .LVU61
 187 0022 38B0     		add	sp, sp, #224
 188              	.LCFI3:
 189              		.cfi_remember_state
 190              		.cfi_def_cfa_offset 8
 191              		@ sp needed
 192 0024 10BD     		pop	{r4, pc}
 193              	.LVL5:
 194              	.L11:
 195              	.LCFI4:
 196              		.cfi_restore_state
  85:Core/Src/spi.c ****     PeriphClkInitStruct.Spi6ClockSelection = RCC_SPI6CLKSOURCE_D3PCLK1;
 197              		.loc 1 85 5 is_stmt 1 view .LVU62
  85:Core/Src/spi.c ****     PeriphClkInitStruct.Spi6ClockSelection = RCC_SPI6CLKSOURCE_D3PCLK1;
 198              		.loc 1 85 46 is_stmt 0 view .LVU63
 199 0026 4FF48042 		mov	r2, #16384
 200 002a 0023     		movs	r3, #0
 201 002c CDE90223 		strd	r2, [sp, #8]
  86:Core/Src/spi.c ****     if (HAL_RCCEx_PeriphCLKConfig(&PeriphClkInitStruct) != HAL_OK)
 202              		.loc 1 86 5 is_stmt 1 view .LVU64
  87:Core/Src/spi.c ****     {
 203              		.loc 1 87 5 view .LVU65
  87:Core/Src/spi.c ****     {
 204              		.loc 1 87 9 is_stmt 0 view .LVU66
 205 0030 02A8     		add	r0, sp, #8
 206 0032 FFF7FEFF 		bl	HAL_RCCEx_PeriphCLKConfig
 207              	.LVL6:
  87:Core/Src/spi.c ****     {
 208              		.loc 1 87 8 discriminator 1 view .LVU67
 209 0036 38BB     		cbnz	r0, .L12
 210              	.L9:
  93:Core/Src/spi.c **** 
 211              		.loc 1 93 5 is_stmt 1 view .LVU68
 212              	.LBB2:
  93:Core/Src/spi.c **** 
 213              		.loc 1 93 5 view .LVU69
  93:Core/Src/spi.c **** 
 214              		.loc 1 93 5 view .LVU70
 215 0038 164B     		ldr	r3, .L13+4
 216 003a D3F8F420 		ldr	r2, [r3, #244]
 217 003e 42F02002 		orr	r2, r2, #32
 218 0042 C3F8F420 		str	r2, [r3, #244]
  93:Core/Src/spi.c **** 
 219              		.loc 1 93 5 view .LVU71
 220 0046 D3F8F420 		ldr	r2, [r3, #244]
 221 004a 02F02002 		and	r2, r2, #32
 222 004e 0092     		str	r2, [sp]
  93:Core/Src/spi.c **** 
ARM GAS  /var/folders/g1/j12m_ky910s3_sv7d4yrsdn00000gn/T//cc6W7uAT.s 			page 7


 223              		.loc 1 93 5 view .LVU72
 224 0050 009A     		ldr	r2, [sp]
 225              	.LBE2:
  93:Core/Src/spi.c **** 
 226              		.loc 1 93 5 view .LVU73
  95:Core/Src/spi.c ****     /**SPI6 GPIO Configuration
 227              		.loc 1 95 5 view .LVU74
 228              	.LBB3:
  95:Core/Src/spi.c ****     /**SPI6 GPIO Configuration
 229              		.loc 1 95 5 view .LVU75
  95:Core/Src/spi.c ****     /**SPI6 GPIO Configuration
 230              		.loc 1 95 5 view .LVU76
 231 0052 D3F8E020 		ldr	r2, [r3, #224]
 232 0056 42F00202 		orr	r2, r2, #2
 233 005a C3F8E020 		str	r2, [r3, #224]
  95:Core/Src/spi.c ****     /**SPI6 GPIO Configuration
 234              		.loc 1 95 5 view .LVU77
 235 005e D3F8E030 		ldr	r3, [r3, #224]
 236 0062 03F00203 		and	r3, r3, #2
 237 0066 0193     		str	r3, [sp, #4]
  95:Core/Src/spi.c ****     /**SPI6 GPIO Configuration
 238              		.loc 1 95 5 view .LVU78
 239 0068 019B     		ldr	r3, [sp, #4]
 240              	.LBE3:
  95:Core/Src/spi.c ****     /**SPI6 GPIO Configuration
 241              		.loc 1 95 5 view .LVU79
 100:Core/Src/spi.c ****     GPIO_InitStruct.Mode = GPIO_MODE_AF_PP;
 242              		.loc 1 100 5 view .LVU80
 100:Core/Src/spi.c ****     GPIO_InitStruct.Mode = GPIO_MODE_AF_PP;
 243              		.loc 1 100 25 is_stmt 0 view .LVU81
 244 006a 2823     		movs	r3, #40
 245 006c 3393     		str	r3, [sp, #204]
 101:Core/Src/spi.c ****     GPIO_InitStruct.Pull = GPIO_PULLUP;
 246              		.loc 1 101 5 is_stmt 1 view .LVU82
 101:Core/Src/spi.c ****     GPIO_InitStruct.Pull = GPIO_PULLUP;
 247              		.loc 1 101 26 is_stmt 0 view .LVU83
 248 006e 0223     		movs	r3, #2
 249 0070 3493     		str	r3, [sp, #208]
 102:Core/Src/spi.c ****     GPIO_InitStruct.Speed = GPIO_SPEED_FREQ_VERY_HIGH;
 250              		.loc 1 102 5 is_stmt 1 view .LVU84
 102:Core/Src/spi.c ****     GPIO_InitStruct.Speed = GPIO_SPEED_FREQ_VERY_HIGH;
 251              		.loc 1 102 26 is_stmt 0 view .LVU85
 252 0072 0123     		movs	r3, #1
 253 0074 3593     		str	r3, [sp, #212]
 103:Core/Src/spi.c ****     GPIO_InitStruct.Alternate = GPIO_AF8_SPI6;
 254              		.loc 1 103 5 is_stmt 1 view .LVU86
 103:Core/Src/spi.c ****     GPIO_InitStruct.Alternate = GPIO_AF8_SPI6;
 255              		.loc 1 103 27 is_stmt 0 view .LVU87
 256 0076 0323     		movs	r3, #3
 257 0078 3693     		str	r3, [sp, #216]
 104:Core/Src/spi.c ****     HAL_GPIO_Init(GPIOB, &GPIO_InitStruct);
 258              		.loc 1 104 5 is_stmt 1 view .LVU88
 104:Core/Src/spi.c ****     HAL_GPIO_Init(GPIOB, &GPIO_InitStruct);
 259              		.loc 1 104 31 is_stmt 0 view .LVU89
 260 007a 0823     		movs	r3, #8
 261 007c 3793     		str	r3, [sp, #220]
 105:Core/Src/spi.c **** 
ARM GAS  /var/folders/g1/j12m_ky910s3_sv7d4yrsdn00000gn/T//cc6W7uAT.s 			page 8


 262              		.loc 1 105 5 is_stmt 1 view .LVU90
 263 007e 33A9     		add	r1, sp, #204
 264 0080 0548     		ldr	r0, .L13+8
 265 0082 FFF7FEFF 		bl	HAL_GPIO_Init
 266              	.LVL7:
 267              		.loc 1 111 1 is_stmt 0 view .LVU91
 268 0086 CCE7     		b	.L7
 269              	.L12:
  89:Core/Src/spi.c ****     }
 270              		.loc 1 89 7 is_stmt 1 view .LVU92
 271 0088 FFF7FEFF 		bl	Error_Handler
 272              	.LVL8:
 273 008c D4E7     		b	.L9
 274              	.L14:
 275 008e 00BF     		.align	2
 276              	.L13:
 277 0090 00140058 		.word	1476400128
 278 0094 00440258 		.word	1476543488
 279 0098 00040258 		.word	1476527104
 280              		.cfi_endproc
 281              	.LFE145:
 283              		.section	.text.HAL_SPI_MspDeInit,"ax",%progbits
 284              		.align	1
 285              		.global	HAL_SPI_MspDeInit
 286              		.syntax unified
 287              		.thumb
 288              		.thumb_func
 290              	HAL_SPI_MspDeInit:
 291              	.LVL9:
 292              	.LFB146:
 112:Core/Src/spi.c **** 
 113:Core/Src/spi.c **** void HAL_SPI_MspDeInit(SPI_HandleTypeDef* spiHandle)
 114:Core/Src/spi.c **** {
 293              		.loc 1 114 1 view -0
 294              		.cfi_startproc
 295              		@ args = 0, pretend = 0, frame = 0
 296              		@ frame_needed = 0, uses_anonymous_args = 0
 297              		.loc 1 114 1 is_stmt 0 view .LVU94
 298 0000 08B5     		push	{r3, lr}
 299              	.LCFI5:
 300              		.cfi_def_cfa_offset 8
 301              		.cfi_offset 3, -8
 302              		.cfi_offset 14, -4
 115:Core/Src/spi.c **** 
 116:Core/Src/spi.c ****   if(spiHandle->Instance==SPI6)
 303              		.loc 1 116 3 is_stmt 1 view .LVU95
 304              		.loc 1 116 15 is_stmt 0 view .LVU96
 305 0002 0268     		ldr	r2, [r0]
 306              		.loc 1 116 5 view .LVU97
 307 0004 074B     		ldr	r3, .L19
 308 0006 9A42     		cmp	r2, r3
 309 0008 00D0     		beq	.L18
 310              	.LVL10:
 311              	.L15:
 117:Core/Src/spi.c ****   {
 118:Core/Src/spi.c ****   /* USER CODE BEGIN SPI6_MspDeInit 0 */
 119:Core/Src/spi.c **** 
ARM GAS  /var/folders/g1/j12m_ky910s3_sv7d4yrsdn00000gn/T//cc6W7uAT.s 			page 9


 120:Core/Src/spi.c ****   /* USER CODE END SPI6_MspDeInit 0 */
 121:Core/Src/spi.c ****     /* Peripheral clock disable */
 122:Core/Src/spi.c ****     __HAL_RCC_SPI6_CLK_DISABLE();
 123:Core/Src/spi.c **** 
 124:Core/Src/spi.c ****     /**SPI6 GPIO Configuration
 125:Core/Src/spi.c ****     PB3 (JTDO/TRACESWO)     ------> SPI6_SCK
 126:Core/Src/spi.c ****     PB5     ------> SPI6_MOSI
 127:Core/Src/spi.c ****     */
 128:Core/Src/spi.c ****     HAL_GPIO_DeInit(GPIOB, GPIO_PIN_3|GPIO_PIN_5);
 129:Core/Src/spi.c **** 
 130:Core/Src/spi.c ****   /* USER CODE BEGIN SPI6_MspDeInit 1 */
 131:Core/Src/spi.c **** 
 132:Core/Src/spi.c ****   /* USER CODE END SPI6_MspDeInit 1 */
 133:Core/Src/spi.c ****   }
 134:Core/Src/spi.c **** }
 312              		.loc 1 134 1 view .LVU98
 313 000a 08BD     		pop	{r3, pc}
 314              	.LVL11:
 315              	.L18:
 122:Core/Src/spi.c **** 
 316              		.loc 1 122 5 is_stmt 1 view .LVU99
 317 000c 064A     		ldr	r2, .L19+4
 318 000e D2F8F430 		ldr	r3, [r2, #244]
 319 0012 23F02003 		bic	r3, r3, #32
 320 0016 C2F8F430 		str	r3, [r2, #244]
 128:Core/Src/spi.c **** 
 321              		.loc 1 128 5 view .LVU100
 322 001a 2821     		movs	r1, #40
 323 001c 0348     		ldr	r0, .L19+8
 324              	.LVL12:
 128:Core/Src/spi.c **** 
 325              		.loc 1 128 5 is_stmt 0 view .LVU101
 326 001e FFF7FEFF 		bl	HAL_GPIO_DeInit
 327              	.LVL13:
 328              		.loc 1 134 1 view .LVU102
 329 0022 F2E7     		b	.L15
 330              	.L20:
 331              		.align	2
 332              	.L19:
 333 0024 00140058 		.word	1476400128
 334 0028 00440258 		.word	1476543488
 335 002c 00040258 		.word	1476527104
 336              		.cfi_endproc
 337              	.LFE146:
 339              		.global	hspi6
 340              		.section	.bss.hspi6,"aw",%nobits
 341              		.align	2
 344              	hspi6:
 345 0000 00000000 		.space	136
 345      00000000 
 345      00000000 
 345      00000000 
 345      00000000 
 346              		.text
 347              	.Letext0:
 348              		.file 2 "/Users/zhy/Tools/xpack-arm-none-eabi-gcc-14.2.1-1.1/arm-none-eabi/include/machine/_defaul
 349              		.file 3 "/Users/zhy/Tools/xpack-arm-none-eabi-gcc-14.2.1-1.1/arm-none-eabi/include/sys/_stdint.h"
ARM GAS  /var/folders/g1/j12m_ky910s3_sv7d4yrsdn00000gn/T//cc6W7uAT.s 			page 10


 350              		.file 4 "Drivers/CMSIS/Device/ST/STM32H7xx/Include/stm32h743xx.h"
 351              		.file 5 "Drivers/STM32H7xx_HAL_Driver/Inc/stm32h7xx_hal_def.h"
 352              		.file 6 "Drivers/STM32H7xx_HAL_Driver/Inc/stm32h7xx_hal_rcc_ex.h"
 353              		.file 7 "Drivers/STM32H7xx_HAL_Driver/Inc/stm32h7xx_hal_gpio.h"
 354              		.file 8 "Drivers/STM32H7xx_HAL_Driver/Inc/stm32h7xx_hal_dma.h"
 355              		.file 9 "Drivers/STM32H7xx_HAL_Driver/Inc/stm32h7xx_hal_spi.h"
 356              		.file 10 "Core/Inc/spi.h"
 357              		.file 11 "Core/Inc/main.h"
 358              		.file 12 "<built-in>"
ARM GAS  /var/folders/g1/j12m_ky910s3_sv7d4yrsdn00000gn/T//cc6W7uAT.s 			page 11


DEFINED SYMBOLS
                            *ABS*:00000000 spi.c
/var/folders/g1/j12m_ky910s3_sv7d4yrsdn00000gn/T//cc6W7uAT.s:20     .text.MX_SPI6_Init:00000000 $t
/var/folders/g1/j12m_ky910s3_sv7d4yrsdn00000gn/T//cc6W7uAT.s:26     .text.MX_SPI6_Init:00000000 MX_SPI6_Init
/var/folders/g1/j12m_ky910s3_sv7d4yrsdn00000gn/T//cc6W7uAT.s:133    .text.MX_SPI6_Init:00000064 $d
/var/folders/g1/j12m_ky910s3_sv7d4yrsdn00000gn/T//cc6W7uAT.s:344    .bss.hspi6:00000000 hspi6
/var/folders/g1/j12m_ky910s3_sv7d4yrsdn00000gn/T//cc6W7uAT.s:139    .text.HAL_SPI_MspInit:00000000 $t
/var/folders/g1/j12m_ky910s3_sv7d4yrsdn00000gn/T//cc6W7uAT.s:145    .text.HAL_SPI_MspInit:00000000 HAL_SPI_MspInit
/var/folders/g1/j12m_ky910s3_sv7d4yrsdn00000gn/T//cc6W7uAT.s:277    .text.HAL_SPI_MspInit:00000090 $d
/var/folders/g1/j12m_ky910s3_sv7d4yrsdn00000gn/T//cc6W7uAT.s:284    .text.HAL_SPI_MspDeInit:00000000 $t
/var/folders/g1/j12m_ky910s3_sv7d4yrsdn00000gn/T//cc6W7uAT.s:290    .text.HAL_SPI_MspDeInit:00000000 HAL_SPI_MspDeInit
/var/folders/g1/j12m_ky910s3_sv7d4yrsdn00000gn/T//cc6W7uAT.s:333    .text.HAL_SPI_MspDeInit:00000024 $d
/var/folders/g1/j12m_ky910s3_sv7d4yrsdn00000gn/T//cc6W7uAT.s:341    .bss.hspi6:00000000 $d

UNDEFINED SYMBOLS
HAL_SPI_Init
Error_Handler
memset
HAL_RCCEx_PeriphCLKConfig
HAL_GPIO_Init
HAL_GPIO_DeInit
