ARM GAS  /var/folders/g1/j12m_ky910s3_sv7d4yrsdn00000gn/T//ccdwWeKY.s 			page 1


   1              		.cpu cortex-m7
   2              		.arch armv7e-m
   3              		.fpu fpv5-d16
   4              		.eabi_attribute 28, 1
   5              		.eabi_attribute 20, 1
   6              		.eabi_attribute 21, 1
   7              		.eabi_attribute 23, 3
   8              		.eabi_attribute 24, 1
   9              		.eabi_attribute 25, 1
  10              		.eabi_attribute 26, 1
  11              		.eabi_attribute 30, 1
  12              		.eabi_attribute 34, 1
  13              		.eabi_attribute 18, 4
  14              		.file	"stm32h7xx_hal_i2c_ex.c"
  15              		.text
  16              	.Ltext0:
  17              		.cfi_sections	.debug_frame
  18              		.file 1 "Drivers/STM32H7xx_HAL_Driver/Src/stm32h7xx_hal_i2c_ex.c"
  19              		.section	.rodata.HAL_I2CEx_ConfigAnalogFilter.str1.4,"aMS",%progbits,1
  20              		.align	2
  21              	.LC0:
  22 0000 44726976 		.ascii	"Drivers/STM32H7xx_HAL_Driver/Src/stm32h7xx_hal_i2c_"
  22      6572732F 
  22      53544D33 
  22      32483778 
  22      785F4841 
  23 0033 65782E63 		.ascii	"ex.c\000"
  23      00
  24              		.section	.text.HAL_I2CEx_ConfigAnalogFilter,"ax",%progbits
  25              		.align	1
  26              		.global	HAL_I2CEx_ConfigAnalogFilter
  27              		.syntax unified
  28              		.thumb
  29              		.thumb_func
  31              	HAL_I2CEx_ConfigAnalogFilter:
  32              	.LVL0:
  33              	.LFB144:
   1:Drivers/STM32H7xx_HAL_Driver/Src/stm32h7xx_hal_i2c_ex.c **** /**
   2:Drivers/STM32H7xx_HAL_Driver/Src/stm32h7xx_hal_i2c_ex.c ****   ******************************************************************************
   3:Drivers/STM32H7xx_HAL_Driver/Src/stm32h7xx_hal_i2c_ex.c ****   * @file    stm32h7xx_hal_i2c_ex.c
   4:Drivers/STM32H7xx_HAL_Driver/Src/stm32h7xx_hal_i2c_ex.c ****   * @author  MCD Application Team
   5:Drivers/STM32H7xx_HAL_Driver/Src/stm32h7xx_hal_i2c_ex.c ****   * @brief   I2C Extended HAL module driver.
   6:Drivers/STM32H7xx_HAL_Driver/Src/stm32h7xx_hal_i2c_ex.c ****   *          This file provides firmware functions to manage the following
   7:Drivers/STM32H7xx_HAL_Driver/Src/stm32h7xx_hal_i2c_ex.c ****   *          functionalities of I2C Extended peripheral:
   8:Drivers/STM32H7xx_HAL_Driver/Src/stm32h7xx_hal_i2c_ex.c ****   *           + Filter Mode Functions
   9:Drivers/STM32H7xx_HAL_Driver/Src/stm32h7xx_hal_i2c_ex.c ****   *           + WakeUp Mode Functions
  10:Drivers/STM32H7xx_HAL_Driver/Src/stm32h7xx_hal_i2c_ex.c ****   *           + FastModePlus Functions
  11:Drivers/STM32H7xx_HAL_Driver/Src/stm32h7xx_hal_i2c_ex.c ****   *
  12:Drivers/STM32H7xx_HAL_Driver/Src/stm32h7xx_hal_i2c_ex.c ****   ******************************************************************************
  13:Drivers/STM32H7xx_HAL_Driver/Src/stm32h7xx_hal_i2c_ex.c ****   * @attention
  14:Drivers/STM32H7xx_HAL_Driver/Src/stm32h7xx_hal_i2c_ex.c ****   *
  15:Drivers/STM32H7xx_HAL_Driver/Src/stm32h7xx_hal_i2c_ex.c ****   * Copyright (c) 2017 STMicroelectronics.
  16:Drivers/STM32H7xx_HAL_Driver/Src/stm32h7xx_hal_i2c_ex.c ****   * All rights reserved.
  17:Drivers/STM32H7xx_HAL_Driver/Src/stm32h7xx_hal_i2c_ex.c ****   *
  18:Drivers/STM32H7xx_HAL_Driver/Src/stm32h7xx_hal_i2c_ex.c ****   * This software is licensed under terms that can be found in the LICENSE file
  19:Drivers/STM32H7xx_HAL_Driver/Src/stm32h7xx_hal_i2c_ex.c ****   * in the root directory of this software component.
  20:Drivers/STM32H7xx_HAL_Driver/Src/stm32h7xx_hal_i2c_ex.c ****   * If no LICENSE file comes with this software, it is provided AS-IS.
ARM GAS  /var/folders/g1/j12m_ky910s3_sv7d4yrsdn00000gn/T//ccdwWeKY.s 			page 2


  21:Drivers/STM32H7xx_HAL_Driver/Src/stm32h7xx_hal_i2c_ex.c ****   *
  22:Drivers/STM32H7xx_HAL_Driver/Src/stm32h7xx_hal_i2c_ex.c ****   ******************************************************************************
  23:Drivers/STM32H7xx_HAL_Driver/Src/stm32h7xx_hal_i2c_ex.c ****   @verbatim
  24:Drivers/STM32H7xx_HAL_Driver/Src/stm32h7xx_hal_i2c_ex.c ****   ==============================================================================
  25:Drivers/STM32H7xx_HAL_Driver/Src/stm32h7xx_hal_i2c_ex.c ****                ##### I2C peripheral Extended features  #####
  26:Drivers/STM32H7xx_HAL_Driver/Src/stm32h7xx_hal_i2c_ex.c ****   ==============================================================================
  27:Drivers/STM32H7xx_HAL_Driver/Src/stm32h7xx_hal_i2c_ex.c **** 
  28:Drivers/STM32H7xx_HAL_Driver/Src/stm32h7xx_hal_i2c_ex.c ****   [..] Comparing to other previous devices, the I2C interface for STM32H7xx
  29:Drivers/STM32H7xx_HAL_Driver/Src/stm32h7xx_hal_i2c_ex.c ****        devices contains the following additional features
  30:Drivers/STM32H7xx_HAL_Driver/Src/stm32h7xx_hal_i2c_ex.c **** 
  31:Drivers/STM32H7xx_HAL_Driver/Src/stm32h7xx_hal_i2c_ex.c ****        (+) Possibility to disable or enable Analog Noise Filter
  32:Drivers/STM32H7xx_HAL_Driver/Src/stm32h7xx_hal_i2c_ex.c ****        (+) Use of a configured Digital Noise Filter
  33:Drivers/STM32H7xx_HAL_Driver/Src/stm32h7xx_hal_i2c_ex.c ****        (+) Disable or enable wakeup from Stop mode(s)
  34:Drivers/STM32H7xx_HAL_Driver/Src/stm32h7xx_hal_i2c_ex.c ****        (+) Disable or enable Fast Mode Plus
  35:Drivers/STM32H7xx_HAL_Driver/Src/stm32h7xx_hal_i2c_ex.c **** 
  36:Drivers/STM32H7xx_HAL_Driver/Src/stm32h7xx_hal_i2c_ex.c ****                      ##### How to use this driver #####
  37:Drivers/STM32H7xx_HAL_Driver/Src/stm32h7xx_hal_i2c_ex.c ****   ==============================================================================
  38:Drivers/STM32H7xx_HAL_Driver/Src/stm32h7xx_hal_i2c_ex.c ****   [..] This driver provides functions to configure Noise Filter and Wake Up Feature
  39:Drivers/STM32H7xx_HAL_Driver/Src/stm32h7xx_hal_i2c_ex.c ****     (#) Configure I2C Analog noise filter using the function HAL_I2CEx_ConfigAnalogFilter()
  40:Drivers/STM32H7xx_HAL_Driver/Src/stm32h7xx_hal_i2c_ex.c ****     (#) Configure I2C Digital noise filter using the function HAL_I2CEx_ConfigDigitalFilter()
  41:Drivers/STM32H7xx_HAL_Driver/Src/stm32h7xx_hal_i2c_ex.c ****     (#) Configure the enable or disable of I2C Wake Up Mode using the functions :
  42:Drivers/STM32H7xx_HAL_Driver/Src/stm32h7xx_hal_i2c_ex.c ****           (++) HAL_I2CEx_EnableWakeUp()
  43:Drivers/STM32H7xx_HAL_Driver/Src/stm32h7xx_hal_i2c_ex.c ****           (++) HAL_I2CEx_DisableWakeUp()
  44:Drivers/STM32H7xx_HAL_Driver/Src/stm32h7xx_hal_i2c_ex.c ****     (#) Configure the enable or disable of fast mode plus driving capability using the functions :
  45:Drivers/STM32H7xx_HAL_Driver/Src/stm32h7xx_hal_i2c_ex.c ****           (++) HAL_I2CEx_EnableFastModePlus()
  46:Drivers/STM32H7xx_HAL_Driver/Src/stm32h7xx_hal_i2c_ex.c ****           (++) HAL_I2CEx_DisableFastModePlus()
  47:Drivers/STM32H7xx_HAL_Driver/Src/stm32h7xx_hal_i2c_ex.c ****   @endverbatim
  48:Drivers/STM32H7xx_HAL_Driver/Src/stm32h7xx_hal_i2c_ex.c ****   */
  49:Drivers/STM32H7xx_HAL_Driver/Src/stm32h7xx_hal_i2c_ex.c **** 
  50:Drivers/STM32H7xx_HAL_Driver/Src/stm32h7xx_hal_i2c_ex.c **** /* Includes ------------------------------------------------------------------*/
  51:Drivers/STM32H7xx_HAL_Driver/Src/stm32h7xx_hal_i2c_ex.c **** #include "stm32h7xx_hal.h"
  52:Drivers/STM32H7xx_HAL_Driver/Src/stm32h7xx_hal_i2c_ex.c **** 
  53:Drivers/STM32H7xx_HAL_Driver/Src/stm32h7xx_hal_i2c_ex.c **** /** @addtogroup STM32H7xx_HAL_Driver
  54:Drivers/STM32H7xx_HAL_Driver/Src/stm32h7xx_hal_i2c_ex.c ****   * @{
  55:Drivers/STM32H7xx_HAL_Driver/Src/stm32h7xx_hal_i2c_ex.c ****   */
  56:Drivers/STM32H7xx_HAL_Driver/Src/stm32h7xx_hal_i2c_ex.c **** 
  57:Drivers/STM32H7xx_HAL_Driver/Src/stm32h7xx_hal_i2c_ex.c **** /** @defgroup I2CEx I2CEx
  58:Drivers/STM32H7xx_HAL_Driver/Src/stm32h7xx_hal_i2c_ex.c ****   * @brief I2C Extended HAL module driver
  59:Drivers/STM32H7xx_HAL_Driver/Src/stm32h7xx_hal_i2c_ex.c ****   * @{
  60:Drivers/STM32H7xx_HAL_Driver/Src/stm32h7xx_hal_i2c_ex.c ****   */
  61:Drivers/STM32H7xx_HAL_Driver/Src/stm32h7xx_hal_i2c_ex.c **** 
  62:Drivers/STM32H7xx_HAL_Driver/Src/stm32h7xx_hal_i2c_ex.c **** #ifdef HAL_I2C_MODULE_ENABLED
  63:Drivers/STM32H7xx_HAL_Driver/Src/stm32h7xx_hal_i2c_ex.c **** 
  64:Drivers/STM32H7xx_HAL_Driver/Src/stm32h7xx_hal_i2c_ex.c **** /* Private typedef -----------------------------------------------------------*/
  65:Drivers/STM32H7xx_HAL_Driver/Src/stm32h7xx_hal_i2c_ex.c **** /* Private define ------------------------------------------------------------*/
  66:Drivers/STM32H7xx_HAL_Driver/Src/stm32h7xx_hal_i2c_ex.c **** /* Private macro -------------------------------------------------------------*/
  67:Drivers/STM32H7xx_HAL_Driver/Src/stm32h7xx_hal_i2c_ex.c **** /* Private variables ---------------------------------------------------------*/
  68:Drivers/STM32H7xx_HAL_Driver/Src/stm32h7xx_hal_i2c_ex.c **** /* Private function prototypes -----------------------------------------------*/
  69:Drivers/STM32H7xx_HAL_Driver/Src/stm32h7xx_hal_i2c_ex.c **** /* Private functions ---------------------------------------------------------*/
  70:Drivers/STM32H7xx_HAL_Driver/Src/stm32h7xx_hal_i2c_ex.c **** 
  71:Drivers/STM32H7xx_HAL_Driver/Src/stm32h7xx_hal_i2c_ex.c **** /** @defgroup I2CEx_Exported_Functions I2C Extended Exported Functions
  72:Drivers/STM32H7xx_HAL_Driver/Src/stm32h7xx_hal_i2c_ex.c ****   * @{
  73:Drivers/STM32H7xx_HAL_Driver/Src/stm32h7xx_hal_i2c_ex.c ****   */
  74:Drivers/STM32H7xx_HAL_Driver/Src/stm32h7xx_hal_i2c_ex.c **** 
  75:Drivers/STM32H7xx_HAL_Driver/Src/stm32h7xx_hal_i2c_ex.c **** /** @defgroup I2CEx_Exported_Functions_Group1 Filter Mode Functions
  76:Drivers/STM32H7xx_HAL_Driver/Src/stm32h7xx_hal_i2c_ex.c ****   * @brief    Filter Mode Functions
  77:Drivers/STM32H7xx_HAL_Driver/Src/stm32h7xx_hal_i2c_ex.c ****   *
ARM GAS  /var/folders/g1/j12m_ky910s3_sv7d4yrsdn00000gn/T//ccdwWeKY.s 			page 3


  78:Drivers/STM32H7xx_HAL_Driver/Src/stm32h7xx_hal_i2c_ex.c **** @verbatim
  79:Drivers/STM32H7xx_HAL_Driver/Src/stm32h7xx_hal_i2c_ex.c ****  ===============================================================================
  80:Drivers/STM32H7xx_HAL_Driver/Src/stm32h7xx_hal_i2c_ex.c ****                       ##### Filter Mode Functions #####
  81:Drivers/STM32H7xx_HAL_Driver/Src/stm32h7xx_hal_i2c_ex.c ****  ===============================================================================
  82:Drivers/STM32H7xx_HAL_Driver/Src/stm32h7xx_hal_i2c_ex.c ****     [..] This section provides functions allowing to:
  83:Drivers/STM32H7xx_HAL_Driver/Src/stm32h7xx_hal_i2c_ex.c ****       (+) Configure Noise Filters
  84:Drivers/STM32H7xx_HAL_Driver/Src/stm32h7xx_hal_i2c_ex.c **** 
  85:Drivers/STM32H7xx_HAL_Driver/Src/stm32h7xx_hal_i2c_ex.c **** @endverbatim
  86:Drivers/STM32H7xx_HAL_Driver/Src/stm32h7xx_hal_i2c_ex.c ****   * @{
  87:Drivers/STM32H7xx_HAL_Driver/Src/stm32h7xx_hal_i2c_ex.c ****   */
  88:Drivers/STM32H7xx_HAL_Driver/Src/stm32h7xx_hal_i2c_ex.c **** 
  89:Drivers/STM32H7xx_HAL_Driver/Src/stm32h7xx_hal_i2c_ex.c **** /**
  90:Drivers/STM32H7xx_HAL_Driver/Src/stm32h7xx_hal_i2c_ex.c ****   * @brief  Configure I2C Analog noise filter.
  91:Drivers/STM32H7xx_HAL_Driver/Src/stm32h7xx_hal_i2c_ex.c ****   * @param  hi2c Pointer to a I2C_HandleTypeDef structure that contains
  92:Drivers/STM32H7xx_HAL_Driver/Src/stm32h7xx_hal_i2c_ex.c ****   *                the configuration information for the specified I2Cx peripheral.
  93:Drivers/STM32H7xx_HAL_Driver/Src/stm32h7xx_hal_i2c_ex.c ****   * @param  AnalogFilter New state of the Analog filter.
  94:Drivers/STM32H7xx_HAL_Driver/Src/stm32h7xx_hal_i2c_ex.c ****   * @retval HAL status
  95:Drivers/STM32H7xx_HAL_Driver/Src/stm32h7xx_hal_i2c_ex.c ****   */
  96:Drivers/STM32H7xx_HAL_Driver/Src/stm32h7xx_hal_i2c_ex.c **** HAL_StatusTypeDef HAL_I2CEx_ConfigAnalogFilter(I2C_HandleTypeDef *hi2c, uint32_t AnalogFilter)
  97:Drivers/STM32H7xx_HAL_Driver/Src/stm32h7xx_hal_i2c_ex.c **** {
  34              		.loc 1 97 1 view -0
  35              		.cfi_startproc
  36              		@ args = 0, pretend = 0, frame = 0
  37              		@ frame_needed = 0, uses_anonymous_args = 0
  38              		.loc 1 97 1 is_stmt 0 view .LVU1
  39 0000 38B5     		push	{r3, r4, r5, lr}
  40              	.LCFI0:
  41              		.cfi_def_cfa_offset 16
  42              		.cfi_offset 3, -16
  43              		.cfi_offset 4, -12
  44              		.cfi_offset 5, -8
  45              		.cfi_offset 14, -4
  46 0002 0446     		mov	r4, r0
  47 0004 0D46     		mov	r5, r1
  98:Drivers/STM32H7xx_HAL_Driver/Src/stm32h7xx_hal_i2c_ex.c ****   /* Check the parameters */
  99:Drivers/STM32H7xx_HAL_Driver/Src/stm32h7xx_hal_i2c_ex.c ****   assert_param(IS_I2C_ALL_INSTANCE(hi2c->Instance));
  48              		.loc 1 99 3 is_stmt 1 view .LVU2
  49 0006 0368     		ldr	r3, [r0]
  50 0008 2349     		ldr	r1, .L9
  51              	.LVL1:
  52              		.loc 1 99 3 is_stmt 0 view .LVU3
  53 000a 244A     		ldr	r2, .L9+4
  54 000c 8B42     		cmp	r3, r1
  55 000e 18BF     		it	ne
  56 0010 9342     		cmpne	r3, r2
  57 0012 0AD0     		beq	.L2
  58              		.loc 1 99 3 discriminator 1 view .LVU4
  59 0014 02F58062 		add	r2, r2, #1024
  60 0018 9342     		cmp	r3, r2
  61 001a 06D0     		beq	.L2
  62              		.loc 1 99 3 discriminator 2 view .LVU5
  63 001c 204A     		ldr	r2, .L9+8
  64 001e 9342     		cmp	r3, r2
  65 0020 03D0     		beq	.L2
  66              		.loc 1 99 3 discriminator 3 view .LVU6
  67 0022 6321     		movs	r1, #99
  68 0024 1F48     		ldr	r0, .L9+12
ARM GAS  /var/folders/g1/j12m_ky910s3_sv7d4yrsdn00000gn/T//ccdwWeKY.s 			page 4


  69              	.LVL2:
  70              		.loc 1 99 3 discriminator 3 view .LVU7
  71 0026 FFF7FEFF 		bl	assert_failed
  72              	.LVL3:
  73              	.L2:
 100:Drivers/STM32H7xx_HAL_Driver/Src/stm32h7xx_hal_i2c_ex.c ****   assert_param(IS_I2C_ANALOG_FILTER(AnalogFilter));
  74              		.loc 1 100 3 is_stmt 1 view .LVU8
  75 002a 002D     		cmp	r5, #0
  76 002c 18BF     		it	ne
  77 002e B5F5805F 		cmpne	r5, #4096
  78 0032 27D1     		bne	.L8
  79              	.L3:
 101:Drivers/STM32H7xx_HAL_Driver/Src/stm32h7xx_hal_i2c_ex.c **** 
 102:Drivers/STM32H7xx_HAL_Driver/Src/stm32h7xx_hal_i2c_ex.c ****   if (hi2c->State == HAL_I2C_STATE_READY)
  80              		.loc 1 102 3 view .LVU9
  81              		.loc 1 102 11 is_stmt 0 view .LVU10
  82 0034 94F84130 		ldrb	r3, [r4, #65]	@ zero_extendqisi2
  83              		.loc 1 102 6 view .LVU11
  84 0038 202B     		cmp	r3, #32
  85 003a 28D1     		bne	.L5
 103:Drivers/STM32H7xx_HAL_Driver/Src/stm32h7xx_hal_i2c_ex.c ****   {
 104:Drivers/STM32H7xx_HAL_Driver/Src/stm32h7xx_hal_i2c_ex.c ****     /* Process Locked */
 105:Drivers/STM32H7xx_HAL_Driver/Src/stm32h7xx_hal_i2c_ex.c ****     __HAL_LOCK(hi2c);
  86              		.loc 1 105 5 is_stmt 1 view .LVU12
  87              		.loc 1 105 5 view .LVU13
  88 003c 94F84030 		ldrb	r3, [r4, #64]	@ zero_extendqisi2
  89 0040 012B     		cmp	r3, #1
  90 0042 26D0     		beq	.L6
  91              		.loc 1 105 5 discriminator 2 view .LVU14
  92 0044 0123     		movs	r3, #1
  93 0046 84F84030 		strb	r3, [r4, #64]
  94              		.loc 1 105 5 view .LVU15
 106:Drivers/STM32H7xx_HAL_Driver/Src/stm32h7xx_hal_i2c_ex.c **** 
 107:Drivers/STM32H7xx_HAL_Driver/Src/stm32h7xx_hal_i2c_ex.c ****     hi2c->State = HAL_I2C_STATE_BUSY;
  95              		.loc 1 107 5 view .LVU16
  96              		.loc 1 107 17 is_stmt 0 view .LVU17
  97 004a 2423     		movs	r3, #36
  98 004c 84F84130 		strb	r3, [r4, #65]
 108:Drivers/STM32H7xx_HAL_Driver/Src/stm32h7xx_hal_i2c_ex.c **** 
 109:Drivers/STM32H7xx_HAL_Driver/Src/stm32h7xx_hal_i2c_ex.c ****     /* Disable the selected I2C peripheral */
 110:Drivers/STM32H7xx_HAL_Driver/Src/stm32h7xx_hal_i2c_ex.c ****     __HAL_I2C_DISABLE(hi2c);
  99              		.loc 1 110 5 is_stmt 1 view .LVU18
 100 0050 2268     		ldr	r2, [r4]
 101 0052 1368     		ldr	r3, [r2]
 102 0054 23F00103 		bic	r3, r3, #1
 103 0058 1360     		str	r3, [r2]
 111:Drivers/STM32H7xx_HAL_Driver/Src/stm32h7xx_hal_i2c_ex.c **** 
 112:Drivers/STM32H7xx_HAL_Driver/Src/stm32h7xx_hal_i2c_ex.c ****     /* Reset I2Cx ANOFF bit */
 113:Drivers/STM32H7xx_HAL_Driver/Src/stm32h7xx_hal_i2c_ex.c ****     hi2c->Instance->CR1 &= ~(I2C_CR1_ANFOFF);
 104              		.loc 1 113 5 view .LVU19
 105              		.loc 1 113 9 is_stmt 0 view .LVU20
 106 005a 2268     		ldr	r2, [r4]
 107              		.loc 1 113 19 view .LVU21
 108 005c 1368     		ldr	r3, [r2]
 109              		.loc 1 113 25 view .LVU22
 110 005e 23F48053 		bic	r3, r3, #4096
 111 0062 1360     		str	r3, [r2]
ARM GAS  /var/folders/g1/j12m_ky910s3_sv7d4yrsdn00000gn/T//ccdwWeKY.s 			page 5


 114:Drivers/STM32H7xx_HAL_Driver/Src/stm32h7xx_hal_i2c_ex.c **** 
 115:Drivers/STM32H7xx_HAL_Driver/Src/stm32h7xx_hal_i2c_ex.c ****     /* Set analog filter bit*/
 116:Drivers/STM32H7xx_HAL_Driver/Src/stm32h7xx_hal_i2c_ex.c ****     hi2c->Instance->CR1 |= AnalogFilter;
 112              		.loc 1 116 5 is_stmt 1 view .LVU23
 113              		.loc 1 116 9 is_stmt 0 view .LVU24
 114 0064 2268     		ldr	r2, [r4]
 115              		.loc 1 116 19 view .LVU25
 116 0066 1368     		ldr	r3, [r2]
 117              		.loc 1 116 25 view .LVU26
 118 0068 2B43     		orrs	r3, r3, r5
 119 006a 1360     		str	r3, [r2]
 117:Drivers/STM32H7xx_HAL_Driver/Src/stm32h7xx_hal_i2c_ex.c **** 
 118:Drivers/STM32H7xx_HAL_Driver/Src/stm32h7xx_hal_i2c_ex.c ****     __HAL_I2C_ENABLE(hi2c);
 120              		.loc 1 118 5 is_stmt 1 view .LVU27
 121 006c 2268     		ldr	r2, [r4]
 122 006e 1368     		ldr	r3, [r2]
 123 0070 43F00103 		orr	r3, r3, #1
 124 0074 1360     		str	r3, [r2]
 119:Drivers/STM32H7xx_HAL_Driver/Src/stm32h7xx_hal_i2c_ex.c **** 
 120:Drivers/STM32H7xx_HAL_Driver/Src/stm32h7xx_hal_i2c_ex.c ****     hi2c->State = HAL_I2C_STATE_READY;
 125              		.loc 1 120 5 view .LVU28
 126              		.loc 1 120 17 is_stmt 0 view .LVU29
 127 0076 2023     		movs	r3, #32
 128 0078 84F84130 		strb	r3, [r4, #65]
 121:Drivers/STM32H7xx_HAL_Driver/Src/stm32h7xx_hal_i2c_ex.c **** 
 122:Drivers/STM32H7xx_HAL_Driver/Src/stm32h7xx_hal_i2c_ex.c ****     /* Process Unlocked */
 123:Drivers/STM32H7xx_HAL_Driver/Src/stm32h7xx_hal_i2c_ex.c ****     __HAL_UNLOCK(hi2c);
 129              		.loc 1 123 5 is_stmt 1 view .LVU30
 130              		.loc 1 123 5 view .LVU31
 131 007c 0020     		movs	r0, #0
 132 007e 84F84000 		strb	r0, [r4, #64]
 133              		.loc 1 123 5 view .LVU32
 124:Drivers/STM32H7xx_HAL_Driver/Src/stm32h7xx_hal_i2c_ex.c **** 
 125:Drivers/STM32H7xx_HAL_Driver/Src/stm32h7xx_hal_i2c_ex.c ****     return HAL_OK;
 134              		.loc 1 125 5 view .LVU33
 135              	.L4:
 126:Drivers/STM32H7xx_HAL_Driver/Src/stm32h7xx_hal_i2c_ex.c ****   }
 127:Drivers/STM32H7xx_HAL_Driver/Src/stm32h7xx_hal_i2c_ex.c ****   else
 128:Drivers/STM32H7xx_HAL_Driver/Src/stm32h7xx_hal_i2c_ex.c ****   {
 129:Drivers/STM32H7xx_HAL_Driver/Src/stm32h7xx_hal_i2c_ex.c ****     return HAL_BUSY;
 130:Drivers/STM32H7xx_HAL_Driver/Src/stm32h7xx_hal_i2c_ex.c ****   }
 131:Drivers/STM32H7xx_HAL_Driver/Src/stm32h7xx_hal_i2c_ex.c **** }
 136              		.loc 1 131 1 is_stmt 0 view .LVU34
 137 0082 38BD     		pop	{r3, r4, r5, pc}
 138              	.LVL4:
 139              	.L8:
 100:Drivers/STM32H7xx_HAL_Driver/Src/stm32h7xx_hal_i2c_ex.c **** 
 140              		.loc 1 100 3 discriminator 1 view .LVU35
 141 0084 6421     		movs	r1, #100
 142 0086 0748     		ldr	r0, .L9+12
 143 0088 FFF7FEFF 		bl	assert_failed
 144              	.LVL5:
 145 008c D2E7     		b	.L3
 146              	.L5:
 129:Drivers/STM32H7xx_HAL_Driver/Src/stm32h7xx_hal_i2c_ex.c ****   }
 147              		.loc 1 129 12 view .LVU36
 148 008e 0220     		movs	r0, #2
ARM GAS  /var/folders/g1/j12m_ky910s3_sv7d4yrsdn00000gn/T//ccdwWeKY.s 			page 6


 149 0090 F7E7     		b	.L4
 150              	.L6:
 105:Drivers/STM32H7xx_HAL_Driver/Src/stm32h7xx_hal_i2c_ex.c **** 
 151              		.loc 1 105 5 discriminator 1 view .LVU37
 152 0092 0220     		movs	r0, #2
 153 0094 F5E7     		b	.L4
 154              	.L10:
 155 0096 00BF     		.align	2
 156              	.L9:
 157 0098 00540040 		.word	1073763328
 158 009c 00580040 		.word	1073764352
 159 00a0 001C0058 		.word	1476402176
 160 00a4 00000000 		.word	.LC0
 161              		.cfi_endproc
 162              	.LFE144:
 164              		.section	.text.HAL_I2CEx_ConfigDigitalFilter,"ax",%progbits
 165              		.align	1
 166              		.global	HAL_I2CEx_ConfigDigitalFilter
 167              		.syntax unified
 168              		.thumb
 169              		.thumb_func
 171              	HAL_I2CEx_ConfigDigitalFilter:
 172              	.LVL6:
 173              	.LFB145:
 132:Drivers/STM32H7xx_HAL_Driver/Src/stm32h7xx_hal_i2c_ex.c **** 
 133:Drivers/STM32H7xx_HAL_Driver/Src/stm32h7xx_hal_i2c_ex.c **** /**
 134:Drivers/STM32H7xx_HAL_Driver/Src/stm32h7xx_hal_i2c_ex.c ****   * @brief  Configure I2C Digital noise filter.
 135:Drivers/STM32H7xx_HAL_Driver/Src/stm32h7xx_hal_i2c_ex.c ****   * @param  hi2c Pointer to a I2C_HandleTypeDef structure that contains
 136:Drivers/STM32H7xx_HAL_Driver/Src/stm32h7xx_hal_i2c_ex.c ****   *                the configuration information for the specified I2Cx peripheral.
 137:Drivers/STM32H7xx_HAL_Driver/Src/stm32h7xx_hal_i2c_ex.c ****   * @param  DigitalFilter Coefficient of digital noise filter between Min_Data=0x00 and Max_Data=0x
 138:Drivers/STM32H7xx_HAL_Driver/Src/stm32h7xx_hal_i2c_ex.c ****   * @retval HAL status
 139:Drivers/STM32H7xx_HAL_Driver/Src/stm32h7xx_hal_i2c_ex.c ****   */
 140:Drivers/STM32H7xx_HAL_Driver/Src/stm32h7xx_hal_i2c_ex.c **** HAL_StatusTypeDef HAL_I2CEx_ConfigDigitalFilter(I2C_HandleTypeDef *hi2c, uint32_t DigitalFilter)
 141:Drivers/STM32H7xx_HAL_Driver/Src/stm32h7xx_hal_i2c_ex.c **** {
 174              		.loc 1 141 1 is_stmt 1 view -0
 175              		.cfi_startproc
 176              		@ args = 0, pretend = 0, frame = 0
 177              		@ frame_needed = 0, uses_anonymous_args = 0
 178              		.loc 1 141 1 is_stmt 0 view .LVU39
 179 0000 38B5     		push	{r3, r4, r5, lr}
 180              	.LCFI1:
 181              		.cfi_def_cfa_offset 16
 182              		.cfi_offset 3, -16
 183              		.cfi_offset 4, -12
 184              		.cfi_offset 5, -8
 185              		.cfi_offset 14, -4
 186 0002 0446     		mov	r4, r0
 187 0004 0D46     		mov	r5, r1
 142:Drivers/STM32H7xx_HAL_Driver/Src/stm32h7xx_hal_i2c_ex.c ****   uint32_t tmpreg;
 188              		.loc 1 142 3 is_stmt 1 view .LVU40
 143:Drivers/STM32H7xx_HAL_Driver/Src/stm32h7xx_hal_i2c_ex.c **** 
 144:Drivers/STM32H7xx_HAL_Driver/Src/stm32h7xx_hal_i2c_ex.c ****   /* Check the parameters */
 145:Drivers/STM32H7xx_HAL_Driver/Src/stm32h7xx_hal_i2c_ex.c ****   assert_param(IS_I2C_ALL_INSTANCE(hi2c->Instance));
 189              		.loc 1 145 3 view .LVU41
 190 0006 0368     		ldr	r3, [r0]
 191 0008 2049     		ldr	r1, .L19
 192              	.LVL7:
ARM GAS  /var/folders/g1/j12m_ky910s3_sv7d4yrsdn00000gn/T//ccdwWeKY.s 			page 7


 193              		.loc 1 145 3 is_stmt 0 view .LVU42
 194 000a 214A     		ldr	r2, .L19+4
 195 000c 8B42     		cmp	r3, r1
 196 000e 18BF     		it	ne
 197 0010 9342     		cmpne	r3, r2
 198 0012 0AD0     		beq	.L12
 199              		.loc 1 145 3 discriminator 1 view .LVU43
 200 0014 02F58062 		add	r2, r2, #1024
 201 0018 9342     		cmp	r3, r2
 202 001a 06D0     		beq	.L12
 203              		.loc 1 145 3 discriminator 2 view .LVU44
 204 001c 1D4A     		ldr	r2, .L19+8
 205 001e 9342     		cmp	r3, r2
 206 0020 03D0     		beq	.L12
 207              		.loc 1 145 3 discriminator 3 view .LVU45
 208 0022 9121     		movs	r1, #145
 209 0024 1C48     		ldr	r0, .L19+12
 210              	.LVL8:
 211              		.loc 1 145 3 discriminator 3 view .LVU46
 212 0026 FFF7FEFF 		bl	assert_failed
 213              	.LVL9:
 214              	.L12:
 146:Drivers/STM32H7xx_HAL_Driver/Src/stm32h7xx_hal_i2c_ex.c ****   assert_param(IS_I2C_DIGITAL_FILTER(DigitalFilter));
 215              		.loc 1 146 3 is_stmt 1 view .LVU47
 216 002a 0F2D     		cmp	r5, #15
 217 002c 25D8     		bhi	.L18
 218              	.L13:
 147:Drivers/STM32H7xx_HAL_Driver/Src/stm32h7xx_hal_i2c_ex.c **** 
 148:Drivers/STM32H7xx_HAL_Driver/Src/stm32h7xx_hal_i2c_ex.c ****   if (hi2c->State == HAL_I2C_STATE_READY)
 219              		.loc 1 148 3 view .LVU48
 220              		.loc 1 148 11 is_stmt 0 view .LVU49
 221 002e 94F84130 		ldrb	r3, [r4, #65]	@ zero_extendqisi2
 222              		.loc 1 148 6 view .LVU50
 223 0032 202B     		cmp	r3, #32
 224 0034 26D1     		bne	.L15
 149:Drivers/STM32H7xx_HAL_Driver/Src/stm32h7xx_hal_i2c_ex.c ****   {
 150:Drivers/STM32H7xx_HAL_Driver/Src/stm32h7xx_hal_i2c_ex.c ****     /* Process Locked */
 151:Drivers/STM32H7xx_HAL_Driver/Src/stm32h7xx_hal_i2c_ex.c ****     __HAL_LOCK(hi2c);
 225              		.loc 1 151 5 is_stmt 1 view .LVU51
 226              		.loc 1 151 5 view .LVU52
 227 0036 94F84030 		ldrb	r3, [r4, #64]	@ zero_extendqisi2
 228 003a 012B     		cmp	r3, #1
 229 003c 24D0     		beq	.L16
 230              		.loc 1 151 5 discriminator 2 view .LVU53
 231 003e 0123     		movs	r3, #1
 232 0040 84F84030 		strb	r3, [r4, #64]
 233              		.loc 1 151 5 view .LVU54
 152:Drivers/STM32H7xx_HAL_Driver/Src/stm32h7xx_hal_i2c_ex.c **** 
 153:Drivers/STM32H7xx_HAL_Driver/Src/stm32h7xx_hal_i2c_ex.c ****     hi2c->State = HAL_I2C_STATE_BUSY;
 234              		.loc 1 153 5 view .LVU55
 235              		.loc 1 153 17 is_stmt 0 view .LVU56
 236 0044 2423     		movs	r3, #36
 237 0046 84F84130 		strb	r3, [r4, #65]
 154:Drivers/STM32H7xx_HAL_Driver/Src/stm32h7xx_hal_i2c_ex.c **** 
 155:Drivers/STM32H7xx_HAL_Driver/Src/stm32h7xx_hal_i2c_ex.c ****     /* Disable the selected I2C peripheral */
 156:Drivers/STM32H7xx_HAL_Driver/Src/stm32h7xx_hal_i2c_ex.c ****     __HAL_I2C_DISABLE(hi2c);
 238              		.loc 1 156 5 is_stmt 1 view .LVU57
ARM GAS  /var/folders/g1/j12m_ky910s3_sv7d4yrsdn00000gn/T//ccdwWeKY.s 			page 8


 239 004a 2268     		ldr	r2, [r4]
 240 004c 1368     		ldr	r3, [r2]
 241 004e 23F00103 		bic	r3, r3, #1
 242 0052 1360     		str	r3, [r2]
 157:Drivers/STM32H7xx_HAL_Driver/Src/stm32h7xx_hal_i2c_ex.c **** 
 158:Drivers/STM32H7xx_HAL_Driver/Src/stm32h7xx_hal_i2c_ex.c ****     /* Get the old register value */
 159:Drivers/STM32H7xx_HAL_Driver/Src/stm32h7xx_hal_i2c_ex.c ****     tmpreg = hi2c->Instance->CR1;
 243              		.loc 1 159 5 view .LVU58
 244              		.loc 1 159 18 is_stmt 0 view .LVU59
 245 0054 2268     		ldr	r2, [r4]
 246              		.loc 1 159 12 view .LVU60
 247 0056 1368     		ldr	r3, [r2]
 248              	.LVL10:
 160:Drivers/STM32H7xx_HAL_Driver/Src/stm32h7xx_hal_i2c_ex.c **** 
 161:Drivers/STM32H7xx_HAL_Driver/Src/stm32h7xx_hal_i2c_ex.c ****     /* Reset I2Cx DNF bits [11:8] */
 162:Drivers/STM32H7xx_HAL_Driver/Src/stm32h7xx_hal_i2c_ex.c ****     tmpreg &= ~(I2C_CR1_DNF);
 249              		.loc 1 162 5 is_stmt 1 view .LVU61
 250              		.loc 1 162 12 is_stmt 0 view .LVU62
 251 0058 23F47063 		bic	r3, r3, #3840
 252              	.LVL11:
 163:Drivers/STM32H7xx_HAL_Driver/Src/stm32h7xx_hal_i2c_ex.c **** 
 164:Drivers/STM32H7xx_HAL_Driver/Src/stm32h7xx_hal_i2c_ex.c ****     /* Set I2Cx DNF coefficient */
 165:Drivers/STM32H7xx_HAL_Driver/Src/stm32h7xx_hal_i2c_ex.c ****     tmpreg |= DigitalFilter << 8U;
 253              		.loc 1 165 5 is_stmt 1 view .LVU63
 254              		.loc 1 165 12 is_stmt 0 view .LVU64
 255 005c 43EA0523 		orr	r3, r3, r5, lsl #8
 256              	.LVL12:
 166:Drivers/STM32H7xx_HAL_Driver/Src/stm32h7xx_hal_i2c_ex.c **** 
 167:Drivers/STM32H7xx_HAL_Driver/Src/stm32h7xx_hal_i2c_ex.c ****     /* Store the new register value */
 168:Drivers/STM32H7xx_HAL_Driver/Src/stm32h7xx_hal_i2c_ex.c ****     hi2c->Instance->CR1 = tmpreg;
 257              		.loc 1 168 5 is_stmt 1 view .LVU65
 258              		.loc 1 168 25 is_stmt 0 view .LVU66
 259 0060 1360     		str	r3, [r2]
 169:Drivers/STM32H7xx_HAL_Driver/Src/stm32h7xx_hal_i2c_ex.c **** 
 170:Drivers/STM32H7xx_HAL_Driver/Src/stm32h7xx_hal_i2c_ex.c ****     __HAL_I2C_ENABLE(hi2c);
 260              		.loc 1 170 5 is_stmt 1 view .LVU67
 261 0062 2268     		ldr	r2, [r4]
 262 0064 1368     		ldr	r3, [r2]
 263              	.LVL13:
 264              		.loc 1 170 5 is_stmt 0 view .LVU68
 265 0066 43F00103 		orr	r3, r3, #1
 266 006a 1360     		str	r3, [r2]
 171:Drivers/STM32H7xx_HAL_Driver/Src/stm32h7xx_hal_i2c_ex.c **** 
 172:Drivers/STM32H7xx_HAL_Driver/Src/stm32h7xx_hal_i2c_ex.c ****     hi2c->State = HAL_I2C_STATE_READY;
 267              		.loc 1 172 5 is_stmt 1 view .LVU69
 268              		.loc 1 172 17 is_stmt 0 view .LVU70
 269 006c 2023     		movs	r3, #32
 270 006e 84F84130 		strb	r3, [r4, #65]
 173:Drivers/STM32H7xx_HAL_Driver/Src/stm32h7xx_hal_i2c_ex.c **** 
 174:Drivers/STM32H7xx_HAL_Driver/Src/stm32h7xx_hal_i2c_ex.c ****     /* Process Unlocked */
 175:Drivers/STM32H7xx_HAL_Driver/Src/stm32h7xx_hal_i2c_ex.c ****     __HAL_UNLOCK(hi2c);
 271              		.loc 1 175 5 is_stmt 1 view .LVU71
 272              		.loc 1 175 5 view .LVU72
 273 0072 0020     		movs	r0, #0
 274 0074 84F84000 		strb	r0, [r4, #64]
 275              		.loc 1 175 5 view .LVU73
 176:Drivers/STM32H7xx_HAL_Driver/Src/stm32h7xx_hal_i2c_ex.c **** 
ARM GAS  /var/folders/g1/j12m_ky910s3_sv7d4yrsdn00000gn/T//ccdwWeKY.s 			page 9


 177:Drivers/STM32H7xx_HAL_Driver/Src/stm32h7xx_hal_i2c_ex.c ****     return HAL_OK;
 276              		.loc 1 177 5 view .LVU74
 277              	.LVL14:
 278              	.L14:
 178:Drivers/STM32H7xx_HAL_Driver/Src/stm32h7xx_hal_i2c_ex.c ****   }
 179:Drivers/STM32H7xx_HAL_Driver/Src/stm32h7xx_hal_i2c_ex.c ****   else
 180:Drivers/STM32H7xx_HAL_Driver/Src/stm32h7xx_hal_i2c_ex.c ****   {
 181:Drivers/STM32H7xx_HAL_Driver/Src/stm32h7xx_hal_i2c_ex.c ****     return HAL_BUSY;
 182:Drivers/STM32H7xx_HAL_Driver/Src/stm32h7xx_hal_i2c_ex.c ****   }
 183:Drivers/STM32H7xx_HAL_Driver/Src/stm32h7xx_hal_i2c_ex.c **** }
 279              		.loc 1 183 1 is_stmt 0 view .LVU75
 280 0078 38BD     		pop	{r3, r4, r5, pc}
 281              	.LVL15:
 282              	.L18:
 146:Drivers/STM32H7xx_HAL_Driver/Src/stm32h7xx_hal_i2c_ex.c **** 
 283              		.loc 1 146 3 discriminator 1 view .LVU76
 284 007a 9221     		movs	r1, #146
 285 007c 0648     		ldr	r0, .L19+12
 286 007e FFF7FEFF 		bl	assert_failed
 287              	.LVL16:
 288 0082 D4E7     		b	.L13
 289              	.L15:
 181:Drivers/STM32H7xx_HAL_Driver/Src/stm32h7xx_hal_i2c_ex.c ****   }
 290              		.loc 1 181 12 view .LVU77
 291 0084 0220     		movs	r0, #2
 292 0086 F7E7     		b	.L14
 293              	.L16:
 151:Drivers/STM32H7xx_HAL_Driver/Src/stm32h7xx_hal_i2c_ex.c **** 
 294              		.loc 1 151 5 discriminator 1 view .LVU78
 295 0088 0220     		movs	r0, #2
 296 008a F5E7     		b	.L14
 297              	.L20:
 298              		.align	2
 299              	.L19:
 300 008c 00540040 		.word	1073763328
 301 0090 00580040 		.word	1073764352
 302 0094 001C0058 		.word	1476402176
 303 0098 00000000 		.word	.LC0
 304              		.cfi_endproc
 305              	.LFE145:
 307              		.section	.text.HAL_I2CEx_EnableWakeUp,"ax",%progbits
 308              		.align	1
 309              		.global	HAL_I2CEx_EnableWakeUp
 310              		.syntax unified
 311              		.thumb
 312              		.thumb_func
 314              	HAL_I2CEx_EnableWakeUp:
 315              	.LVL17:
 316              	.LFB146:
 184:Drivers/STM32H7xx_HAL_Driver/Src/stm32h7xx_hal_i2c_ex.c **** /**
 185:Drivers/STM32H7xx_HAL_Driver/Src/stm32h7xx_hal_i2c_ex.c ****   * @}
 186:Drivers/STM32H7xx_HAL_Driver/Src/stm32h7xx_hal_i2c_ex.c ****   */
 187:Drivers/STM32H7xx_HAL_Driver/Src/stm32h7xx_hal_i2c_ex.c **** 
 188:Drivers/STM32H7xx_HAL_Driver/Src/stm32h7xx_hal_i2c_ex.c **** /** @defgroup I2CEx_Exported_Functions_Group2 WakeUp Mode Functions
 189:Drivers/STM32H7xx_HAL_Driver/Src/stm32h7xx_hal_i2c_ex.c ****   * @brief    WakeUp Mode Functions
 190:Drivers/STM32H7xx_HAL_Driver/Src/stm32h7xx_hal_i2c_ex.c ****   *
 191:Drivers/STM32H7xx_HAL_Driver/Src/stm32h7xx_hal_i2c_ex.c **** @verbatim
ARM GAS  /var/folders/g1/j12m_ky910s3_sv7d4yrsdn00000gn/T//ccdwWeKY.s 			page 10


 192:Drivers/STM32H7xx_HAL_Driver/Src/stm32h7xx_hal_i2c_ex.c ****  ===============================================================================
 193:Drivers/STM32H7xx_HAL_Driver/Src/stm32h7xx_hal_i2c_ex.c ****                       ##### WakeUp Mode Functions #####
 194:Drivers/STM32H7xx_HAL_Driver/Src/stm32h7xx_hal_i2c_ex.c ****  ===============================================================================
 195:Drivers/STM32H7xx_HAL_Driver/Src/stm32h7xx_hal_i2c_ex.c ****     [..] This section provides functions allowing to:
 196:Drivers/STM32H7xx_HAL_Driver/Src/stm32h7xx_hal_i2c_ex.c ****       (+) Configure Wake Up Feature
 197:Drivers/STM32H7xx_HAL_Driver/Src/stm32h7xx_hal_i2c_ex.c **** 
 198:Drivers/STM32H7xx_HAL_Driver/Src/stm32h7xx_hal_i2c_ex.c **** @endverbatim
 199:Drivers/STM32H7xx_HAL_Driver/Src/stm32h7xx_hal_i2c_ex.c ****   * @{
 200:Drivers/STM32H7xx_HAL_Driver/Src/stm32h7xx_hal_i2c_ex.c ****   */
 201:Drivers/STM32H7xx_HAL_Driver/Src/stm32h7xx_hal_i2c_ex.c **** 
 202:Drivers/STM32H7xx_HAL_Driver/Src/stm32h7xx_hal_i2c_ex.c **** /**
 203:Drivers/STM32H7xx_HAL_Driver/Src/stm32h7xx_hal_i2c_ex.c ****   * @brief  Enable I2C wakeup from Stop mode(s).
 204:Drivers/STM32H7xx_HAL_Driver/Src/stm32h7xx_hal_i2c_ex.c ****   * @param  hi2c Pointer to a I2C_HandleTypeDef structure that contains
 205:Drivers/STM32H7xx_HAL_Driver/Src/stm32h7xx_hal_i2c_ex.c ****   *                the configuration information for the specified I2Cx peripheral.
 206:Drivers/STM32H7xx_HAL_Driver/Src/stm32h7xx_hal_i2c_ex.c ****   * @retval HAL status
 207:Drivers/STM32H7xx_HAL_Driver/Src/stm32h7xx_hal_i2c_ex.c ****   */
 208:Drivers/STM32H7xx_HAL_Driver/Src/stm32h7xx_hal_i2c_ex.c **** HAL_StatusTypeDef HAL_I2CEx_EnableWakeUp(I2C_HandleTypeDef *hi2c)
 209:Drivers/STM32H7xx_HAL_Driver/Src/stm32h7xx_hal_i2c_ex.c **** {
 317              		.loc 1 209 1 is_stmt 1 view -0
 318              		.cfi_startproc
 319              		@ args = 0, pretend = 0, frame = 0
 320              		@ frame_needed = 0, uses_anonymous_args = 0
 321              		.loc 1 209 1 is_stmt 0 view .LVU80
 322 0000 10B5     		push	{r4, lr}
 323              	.LCFI2:
 324              		.cfi_def_cfa_offset 8
 325              		.cfi_offset 4, -8
 326              		.cfi_offset 14, -4
 327 0002 0446     		mov	r4, r0
 210:Drivers/STM32H7xx_HAL_Driver/Src/stm32h7xx_hal_i2c_ex.c ****   /* Check the parameters */
 211:Drivers/STM32H7xx_HAL_Driver/Src/stm32h7xx_hal_i2c_ex.c ****   assert_param(IS_I2C_WAKEUP_FROMSTOP_INSTANCE(hi2c->Instance));
 328              		.loc 1 211 3 is_stmt 1 view .LVU81
 329 0004 0368     		ldr	r3, [r0]
 330 0006 1C49     		ldr	r1, .L27
 331 0008 1C4A     		ldr	r2, .L27+4
 332 000a 8B42     		cmp	r3, r1
 333 000c 18BF     		it	ne
 334 000e 9342     		cmpne	r3, r2
 335 0010 0AD0     		beq	.L22
 336              		.loc 1 211 3 is_stmt 0 discriminator 1 view .LVU82
 337 0012 02F58062 		add	r2, r2, #1024
 338 0016 9342     		cmp	r3, r2
 339 0018 06D0     		beq	.L22
 340              		.loc 1 211 3 discriminator 2 view .LVU83
 341 001a 194A     		ldr	r2, .L27+8
 342 001c 9342     		cmp	r3, r2
 343 001e 03D0     		beq	.L22
 344              		.loc 1 211 3 discriminator 3 view .LVU84
 345 0020 D321     		movs	r1, #211
 346 0022 1848     		ldr	r0, .L27+12
 347              	.LVL18:
 348              		.loc 1 211 3 discriminator 3 view .LVU85
 349 0024 FFF7FEFF 		bl	assert_failed
 350              	.LVL19:
 351              	.L22:
 212:Drivers/STM32H7xx_HAL_Driver/Src/stm32h7xx_hal_i2c_ex.c **** 
 213:Drivers/STM32H7xx_HAL_Driver/Src/stm32h7xx_hal_i2c_ex.c ****   if (hi2c->State == HAL_I2C_STATE_READY)
ARM GAS  /var/folders/g1/j12m_ky910s3_sv7d4yrsdn00000gn/T//ccdwWeKY.s 			page 11


 352              		.loc 1 213 3 is_stmt 1 view .LVU86
 353              		.loc 1 213 11 is_stmt 0 view .LVU87
 354 0028 94F84130 		ldrb	r3, [r4, #65]	@ zero_extendqisi2
 355              		.loc 1 213 6 view .LVU88
 356 002c 202B     		cmp	r3, #32
 357 002e 1FD1     		bne	.L24
 214:Drivers/STM32H7xx_HAL_Driver/Src/stm32h7xx_hal_i2c_ex.c ****   {
 215:Drivers/STM32H7xx_HAL_Driver/Src/stm32h7xx_hal_i2c_ex.c ****     /* Process Locked */
 216:Drivers/STM32H7xx_HAL_Driver/Src/stm32h7xx_hal_i2c_ex.c ****     __HAL_LOCK(hi2c);
 358              		.loc 1 216 5 is_stmt 1 view .LVU89
 359              		.loc 1 216 5 view .LVU90
 360 0030 94F84030 		ldrb	r3, [r4, #64]	@ zero_extendqisi2
 361 0034 012B     		cmp	r3, #1
 362 0036 1DD0     		beq	.L25
 363              		.loc 1 216 5 discriminator 2 view .LVU91
 364 0038 0123     		movs	r3, #1
 365 003a 84F84030 		strb	r3, [r4, #64]
 366              		.loc 1 216 5 view .LVU92
 217:Drivers/STM32H7xx_HAL_Driver/Src/stm32h7xx_hal_i2c_ex.c **** 
 218:Drivers/STM32H7xx_HAL_Driver/Src/stm32h7xx_hal_i2c_ex.c ****     hi2c->State = HAL_I2C_STATE_BUSY;
 367              		.loc 1 218 5 view .LVU93
 368              		.loc 1 218 17 is_stmt 0 view .LVU94
 369 003e 2423     		movs	r3, #36
 370 0040 84F84130 		strb	r3, [r4, #65]
 219:Drivers/STM32H7xx_HAL_Driver/Src/stm32h7xx_hal_i2c_ex.c **** 
 220:Drivers/STM32H7xx_HAL_Driver/Src/stm32h7xx_hal_i2c_ex.c ****     /* Disable the selected I2C peripheral */
 221:Drivers/STM32H7xx_HAL_Driver/Src/stm32h7xx_hal_i2c_ex.c ****     __HAL_I2C_DISABLE(hi2c);
 371              		.loc 1 221 5 is_stmt 1 view .LVU95
 372 0044 2268     		ldr	r2, [r4]
 373 0046 1368     		ldr	r3, [r2]
 374 0048 23F00103 		bic	r3, r3, #1
 375 004c 1360     		str	r3, [r2]
 222:Drivers/STM32H7xx_HAL_Driver/Src/stm32h7xx_hal_i2c_ex.c **** 
 223:Drivers/STM32H7xx_HAL_Driver/Src/stm32h7xx_hal_i2c_ex.c ****     /* Enable wakeup from stop mode */
 224:Drivers/STM32H7xx_HAL_Driver/Src/stm32h7xx_hal_i2c_ex.c ****     hi2c->Instance->CR1 |= I2C_CR1_WUPEN;
 376              		.loc 1 224 5 view .LVU96
 377              		.loc 1 224 9 is_stmt 0 view .LVU97
 378 004e 2268     		ldr	r2, [r4]
 379              		.loc 1 224 19 view .LVU98
 380 0050 1368     		ldr	r3, [r2]
 381              		.loc 1 224 25 view .LVU99
 382 0052 43F48023 		orr	r3, r3, #262144
 383 0056 1360     		str	r3, [r2]
 225:Drivers/STM32H7xx_HAL_Driver/Src/stm32h7xx_hal_i2c_ex.c **** 
 226:Drivers/STM32H7xx_HAL_Driver/Src/stm32h7xx_hal_i2c_ex.c ****     __HAL_I2C_ENABLE(hi2c);
 384              		.loc 1 226 5 is_stmt 1 view .LVU100
 385 0058 2268     		ldr	r2, [r4]
 386 005a 1368     		ldr	r3, [r2]
 387 005c 43F00103 		orr	r3, r3, #1
 388 0060 1360     		str	r3, [r2]
 227:Drivers/STM32H7xx_HAL_Driver/Src/stm32h7xx_hal_i2c_ex.c **** 
 228:Drivers/STM32H7xx_HAL_Driver/Src/stm32h7xx_hal_i2c_ex.c ****     hi2c->State = HAL_I2C_STATE_READY;
 389              		.loc 1 228 5 view .LVU101
 390              		.loc 1 228 17 is_stmt 0 view .LVU102
 391 0062 2023     		movs	r3, #32
 392 0064 84F84130 		strb	r3, [r4, #65]
 229:Drivers/STM32H7xx_HAL_Driver/Src/stm32h7xx_hal_i2c_ex.c **** 
ARM GAS  /var/folders/g1/j12m_ky910s3_sv7d4yrsdn00000gn/T//ccdwWeKY.s 			page 12


 230:Drivers/STM32H7xx_HAL_Driver/Src/stm32h7xx_hal_i2c_ex.c ****     /* Process Unlocked */
 231:Drivers/STM32H7xx_HAL_Driver/Src/stm32h7xx_hal_i2c_ex.c ****     __HAL_UNLOCK(hi2c);
 393              		.loc 1 231 5 is_stmt 1 view .LVU103
 394              		.loc 1 231 5 view .LVU104
 395 0068 0020     		movs	r0, #0
 396 006a 84F84000 		strb	r0, [r4, #64]
 397              		.loc 1 231 5 view .LVU105
 232:Drivers/STM32H7xx_HAL_Driver/Src/stm32h7xx_hal_i2c_ex.c **** 
 233:Drivers/STM32H7xx_HAL_Driver/Src/stm32h7xx_hal_i2c_ex.c ****     return HAL_OK;
 398              		.loc 1 233 5 view .LVU106
 399              	.L23:
 234:Drivers/STM32H7xx_HAL_Driver/Src/stm32h7xx_hal_i2c_ex.c ****   }
 235:Drivers/STM32H7xx_HAL_Driver/Src/stm32h7xx_hal_i2c_ex.c ****   else
 236:Drivers/STM32H7xx_HAL_Driver/Src/stm32h7xx_hal_i2c_ex.c ****   {
 237:Drivers/STM32H7xx_HAL_Driver/Src/stm32h7xx_hal_i2c_ex.c ****     return HAL_BUSY;
 238:Drivers/STM32H7xx_HAL_Driver/Src/stm32h7xx_hal_i2c_ex.c ****   }
 239:Drivers/STM32H7xx_HAL_Driver/Src/stm32h7xx_hal_i2c_ex.c **** }
 400              		.loc 1 239 1 is_stmt 0 view .LVU107
 401 006e 10BD     		pop	{r4, pc}
 402              	.LVL20:
 403              	.L24:
 237:Drivers/STM32H7xx_HAL_Driver/Src/stm32h7xx_hal_i2c_ex.c ****   }
 404              		.loc 1 237 12 view .LVU108
 405 0070 0220     		movs	r0, #2
 406 0072 FCE7     		b	.L23
 407              	.L25:
 216:Drivers/STM32H7xx_HAL_Driver/Src/stm32h7xx_hal_i2c_ex.c **** 
 408              		.loc 1 216 5 discriminator 1 view .LVU109
 409 0074 0220     		movs	r0, #2
 410 0076 FAE7     		b	.L23
 411              	.L28:
 412              		.align	2
 413              	.L27:
 414 0078 00540040 		.word	1073763328
 415 007c 00580040 		.word	1073764352
 416 0080 001C0058 		.word	1476402176
 417 0084 00000000 		.word	.LC0
 418              		.cfi_endproc
 419              	.LFE146:
 421              		.section	.text.HAL_I2CEx_DisableWakeUp,"ax",%progbits
 422              		.align	1
 423              		.global	HAL_I2CEx_DisableWakeUp
 424              		.syntax unified
 425              		.thumb
 426              		.thumb_func
 428              	HAL_I2CEx_DisableWakeUp:
 429              	.LVL21:
 430              	.LFB147:
 240:Drivers/STM32H7xx_HAL_Driver/Src/stm32h7xx_hal_i2c_ex.c **** 
 241:Drivers/STM32H7xx_HAL_Driver/Src/stm32h7xx_hal_i2c_ex.c **** /**
 242:Drivers/STM32H7xx_HAL_Driver/Src/stm32h7xx_hal_i2c_ex.c ****   * @brief  Disable I2C wakeup from Stop mode(s).
 243:Drivers/STM32H7xx_HAL_Driver/Src/stm32h7xx_hal_i2c_ex.c ****   * @param  hi2c Pointer to a I2C_HandleTypeDef structure that contains
 244:Drivers/STM32H7xx_HAL_Driver/Src/stm32h7xx_hal_i2c_ex.c ****   *                the configuration information for the specified I2Cx peripheral.
 245:Drivers/STM32H7xx_HAL_Driver/Src/stm32h7xx_hal_i2c_ex.c ****   * @retval HAL status
 246:Drivers/STM32H7xx_HAL_Driver/Src/stm32h7xx_hal_i2c_ex.c ****   */
 247:Drivers/STM32H7xx_HAL_Driver/Src/stm32h7xx_hal_i2c_ex.c **** HAL_StatusTypeDef HAL_I2CEx_DisableWakeUp(I2C_HandleTypeDef *hi2c)
 248:Drivers/STM32H7xx_HAL_Driver/Src/stm32h7xx_hal_i2c_ex.c **** {
ARM GAS  /var/folders/g1/j12m_ky910s3_sv7d4yrsdn00000gn/T//ccdwWeKY.s 			page 13


 431              		.loc 1 248 1 is_stmt 1 view -0
 432              		.cfi_startproc
 433              		@ args = 0, pretend = 0, frame = 0
 434              		@ frame_needed = 0, uses_anonymous_args = 0
 435              		.loc 1 248 1 is_stmt 0 view .LVU111
 436 0000 10B5     		push	{r4, lr}
 437              	.LCFI3:
 438              		.cfi_def_cfa_offset 8
 439              		.cfi_offset 4, -8
 440              		.cfi_offset 14, -4
 441 0002 0446     		mov	r4, r0
 249:Drivers/STM32H7xx_HAL_Driver/Src/stm32h7xx_hal_i2c_ex.c ****   /* Check the parameters */
 250:Drivers/STM32H7xx_HAL_Driver/Src/stm32h7xx_hal_i2c_ex.c ****   assert_param(IS_I2C_WAKEUP_FROMSTOP_INSTANCE(hi2c->Instance));
 442              		.loc 1 250 3 is_stmt 1 view .LVU112
 443 0004 0368     		ldr	r3, [r0]
 444 0006 1C49     		ldr	r1, .L35
 445 0008 1C4A     		ldr	r2, .L35+4
 446 000a 8B42     		cmp	r3, r1
 447 000c 18BF     		it	ne
 448 000e 9342     		cmpne	r3, r2
 449 0010 0AD0     		beq	.L30
 450              		.loc 1 250 3 is_stmt 0 discriminator 1 view .LVU113
 451 0012 02F58062 		add	r2, r2, #1024
 452 0016 9342     		cmp	r3, r2
 453 0018 06D0     		beq	.L30
 454              		.loc 1 250 3 discriminator 2 view .LVU114
 455 001a 194A     		ldr	r2, .L35+8
 456 001c 9342     		cmp	r3, r2
 457 001e 03D0     		beq	.L30
 458              		.loc 1 250 3 discriminator 3 view .LVU115
 459 0020 FA21     		movs	r1, #250
 460 0022 1848     		ldr	r0, .L35+12
 461              	.LVL22:
 462              		.loc 1 250 3 discriminator 3 view .LVU116
 463 0024 FFF7FEFF 		bl	assert_failed
 464              	.LVL23:
 465              	.L30:
 251:Drivers/STM32H7xx_HAL_Driver/Src/stm32h7xx_hal_i2c_ex.c **** 
 252:Drivers/STM32H7xx_HAL_Driver/Src/stm32h7xx_hal_i2c_ex.c ****   if (hi2c->State == HAL_I2C_STATE_READY)
 466              		.loc 1 252 3 is_stmt 1 view .LVU117
 467              		.loc 1 252 11 is_stmt 0 view .LVU118
 468 0028 94F84130 		ldrb	r3, [r4, #65]	@ zero_extendqisi2
 469              		.loc 1 252 6 view .LVU119
 470 002c 202B     		cmp	r3, #32
 471 002e 1FD1     		bne	.L32
 253:Drivers/STM32H7xx_HAL_Driver/Src/stm32h7xx_hal_i2c_ex.c ****   {
 254:Drivers/STM32H7xx_HAL_Driver/Src/stm32h7xx_hal_i2c_ex.c ****     /* Process Locked */
 255:Drivers/STM32H7xx_HAL_Driver/Src/stm32h7xx_hal_i2c_ex.c ****     __HAL_LOCK(hi2c);
 472              		.loc 1 255 5 is_stmt 1 view .LVU120
 473              		.loc 1 255 5 view .LVU121
 474 0030 94F84030 		ldrb	r3, [r4, #64]	@ zero_extendqisi2
 475 0034 012B     		cmp	r3, #1
 476 0036 1DD0     		beq	.L33
 477              		.loc 1 255 5 discriminator 2 view .LVU122
 478 0038 0123     		movs	r3, #1
 479 003a 84F84030 		strb	r3, [r4, #64]
 480              		.loc 1 255 5 view .LVU123
ARM GAS  /var/folders/g1/j12m_ky910s3_sv7d4yrsdn00000gn/T//ccdwWeKY.s 			page 14


 256:Drivers/STM32H7xx_HAL_Driver/Src/stm32h7xx_hal_i2c_ex.c **** 
 257:Drivers/STM32H7xx_HAL_Driver/Src/stm32h7xx_hal_i2c_ex.c ****     hi2c->State = HAL_I2C_STATE_BUSY;
 481              		.loc 1 257 5 view .LVU124
 482              		.loc 1 257 17 is_stmt 0 view .LVU125
 483 003e 2423     		movs	r3, #36
 484 0040 84F84130 		strb	r3, [r4, #65]
 258:Drivers/STM32H7xx_HAL_Driver/Src/stm32h7xx_hal_i2c_ex.c **** 
 259:Drivers/STM32H7xx_HAL_Driver/Src/stm32h7xx_hal_i2c_ex.c ****     /* Disable the selected I2C peripheral */
 260:Drivers/STM32H7xx_HAL_Driver/Src/stm32h7xx_hal_i2c_ex.c ****     __HAL_I2C_DISABLE(hi2c);
 485              		.loc 1 260 5 is_stmt 1 view .LVU126
 486 0044 2268     		ldr	r2, [r4]
 487 0046 1368     		ldr	r3, [r2]
 488 0048 23F00103 		bic	r3, r3, #1
 489 004c 1360     		str	r3, [r2]
 261:Drivers/STM32H7xx_HAL_Driver/Src/stm32h7xx_hal_i2c_ex.c **** 
 262:Drivers/STM32H7xx_HAL_Driver/Src/stm32h7xx_hal_i2c_ex.c ****     /* Enable wakeup from stop mode */
 263:Drivers/STM32H7xx_HAL_Driver/Src/stm32h7xx_hal_i2c_ex.c ****     hi2c->Instance->CR1 &= ~(I2C_CR1_WUPEN);
 490              		.loc 1 263 5 view .LVU127
 491              		.loc 1 263 9 is_stmt 0 view .LVU128
 492 004e 2268     		ldr	r2, [r4]
 493              		.loc 1 263 19 view .LVU129
 494 0050 1368     		ldr	r3, [r2]
 495              		.loc 1 263 25 view .LVU130
 496 0052 23F48023 		bic	r3, r3, #262144
 497 0056 1360     		str	r3, [r2]
 264:Drivers/STM32H7xx_HAL_Driver/Src/stm32h7xx_hal_i2c_ex.c **** 
 265:Drivers/STM32H7xx_HAL_Driver/Src/stm32h7xx_hal_i2c_ex.c ****     __HAL_I2C_ENABLE(hi2c);
 498              		.loc 1 265 5 is_stmt 1 view .LVU131
 499 0058 2268     		ldr	r2, [r4]
 500 005a 1368     		ldr	r3, [r2]
 501 005c 43F00103 		orr	r3, r3, #1
 502 0060 1360     		str	r3, [r2]
 266:Drivers/STM32H7xx_HAL_Driver/Src/stm32h7xx_hal_i2c_ex.c **** 
 267:Drivers/STM32H7xx_HAL_Driver/Src/stm32h7xx_hal_i2c_ex.c ****     hi2c->State = HAL_I2C_STATE_READY;
 503              		.loc 1 267 5 view .LVU132
 504              		.loc 1 267 17 is_stmt 0 view .LVU133
 505 0062 2023     		movs	r3, #32
 506 0064 84F84130 		strb	r3, [r4, #65]
 268:Drivers/STM32H7xx_HAL_Driver/Src/stm32h7xx_hal_i2c_ex.c **** 
 269:Drivers/STM32H7xx_HAL_Driver/Src/stm32h7xx_hal_i2c_ex.c ****     /* Process Unlocked */
 270:Drivers/STM32H7xx_HAL_Driver/Src/stm32h7xx_hal_i2c_ex.c ****     __HAL_UNLOCK(hi2c);
 507              		.loc 1 270 5 is_stmt 1 view .LVU134
 508              		.loc 1 270 5 view .LVU135
 509 0068 0020     		movs	r0, #0
 510 006a 84F84000 		strb	r0, [r4, #64]
 511              		.loc 1 270 5 view .LVU136
 271:Drivers/STM32H7xx_HAL_Driver/Src/stm32h7xx_hal_i2c_ex.c **** 
 272:Drivers/STM32H7xx_HAL_Driver/Src/stm32h7xx_hal_i2c_ex.c ****     return HAL_OK;
 512              		.loc 1 272 5 view .LVU137
 513              	.L31:
 273:Drivers/STM32H7xx_HAL_Driver/Src/stm32h7xx_hal_i2c_ex.c ****   }
 274:Drivers/STM32H7xx_HAL_Driver/Src/stm32h7xx_hal_i2c_ex.c ****   else
 275:Drivers/STM32H7xx_HAL_Driver/Src/stm32h7xx_hal_i2c_ex.c ****   {
 276:Drivers/STM32H7xx_HAL_Driver/Src/stm32h7xx_hal_i2c_ex.c ****     return HAL_BUSY;
 277:Drivers/STM32H7xx_HAL_Driver/Src/stm32h7xx_hal_i2c_ex.c ****   }
 278:Drivers/STM32H7xx_HAL_Driver/Src/stm32h7xx_hal_i2c_ex.c **** }
 514              		.loc 1 278 1 is_stmt 0 view .LVU138
ARM GAS  /var/folders/g1/j12m_ky910s3_sv7d4yrsdn00000gn/T//ccdwWeKY.s 			page 15


 515 006e 10BD     		pop	{r4, pc}
 516              	.LVL24:
 517              	.L32:
 276:Drivers/STM32H7xx_HAL_Driver/Src/stm32h7xx_hal_i2c_ex.c ****   }
 518              		.loc 1 276 12 view .LVU139
 519 0070 0220     		movs	r0, #2
 520 0072 FCE7     		b	.L31
 521              	.L33:
 255:Drivers/STM32H7xx_HAL_Driver/Src/stm32h7xx_hal_i2c_ex.c **** 
 522              		.loc 1 255 5 discriminator 1 view .LVU140
 523 0074 0220     		movs	r0, #2
 524 0076 FAE7     		b	.L31
 525              	.L36:
 526              		.align	2
 527              	.L35:
 528 0078 00540040 		.word	1073763328
 529 007c 00580040 		.word	1073764352
 530 0080 001C0058 		.word	1476402176
 531 0084 00000000 		.word	.LC0
 532              		.cfi_endproc
 533              	.LFE147:
 535              		.section	.text.HAL_I2CEx_EnableFastModePlus,"ax",%progbits
 536              		.align	1
 537              		.global	HAL_I2CEx_EnableFastModePlus
 538              		.syntax unified
 539              		.thumb
 540              		.thumb_func
 542              	HAL_I2CEx_EnableFastModePlus:
 543              	.LVL25:
 544              	.LFB148:
 279:Drivers/STM32H7xx_HAL_Driver/Src/stm32h7xx_hal_i2c_ex.c **** /**
 280:Drivers/STM32H7xx_HAL_Driver/Src/stm32h7xx_hal_i2c_ex.c ****   * @}
 281:Drivers/STM32H7xx_HAL_Driver/Src/stm32h7xx_hal_i2c_ex.c ****   */
 282:Drivers/STM32H7xx_HAL_Driver/Src/stm32h7xx_hal_i2c_ex.c **** 
 283:Drivers/STM32H7xx_HAL_Driver/Src/stm32h7xx_hal_i2c_ex.c **** /** @defgroup I2CEx_Exported_Functions_Group3 Fast Mode Plus Functions
 284:Drivers/STM32H7xx_HAL_Driver/Src/stm32h7xx_hal_i2c_ex.c ****   * @brief    Fast Mode Plus Functions
 285:Drivers/STM32H7xx_HAL_Driver/Src/stm32h7xx_hal_i2c_ex.c ****   *
 286:Drivers/STM32H7xx_HAL_Driver/Src/stm32h7xx_hal_i2c_ex.c **** @verbatim
 287:Drivers/STM32H7xx_HAL_Driver/Src/stm32h7xx_hal_i2c_ex.c ****  ===============================================================================
 288:Drivers/STM32H7xx_HAL_Driver/Src/stm32h7xx_hal_i2c_ex.c ****                       ##### Fast Mode Plus Functions #####
 289:Drivers/STM32H7xx_HAL_Driver/Src/stm32h7xx_hal_i2c_ex.c ****  ===============================================================================
 290:Drivers/STM32H7xx_HAL_Driver/Src/stm32h7xx_hal_i2c_ex.c ****     [..] This section provides functions allowing to:
 291:Drivers/STM32H7xx_HAL_Driver/Src/stm32h7xx_hal_i2c_ex.c ****       (+) Configure Fast Mode Plus
 292:Drivers/STM32H7xx_HAL_Driver/Src/stm32h7xx_hal_i2c_ex.c **** 
 293:Drivers/STM32H7xx_HAL_Driver/Src/stm32h7xx_hal_i2c_ex.c **** @endverbatim
 294:Drivers/STM32H7xx_HAL_Driver/Src/stm32h7xx_hal_i2c_ex.c ****   * @{
 295:Drivers/STM32H7xx_HAL_Driver/Src/stm32h7xx_hal_i2c_ex.c ****   */
 296:Drivers/STM32H7xx_HAL_Driver/Src/stm32h7xx_hal_i2c_ex.c **** 
 297:Drivers/STM32H7xx_HAL_Driver/Src/stm32h7xx_hal_i2c_ex.c **** /**
 298:Drivers/STM32H7xx_HAL_Driver/Src/stm32h7xx_hal_i2c_ex.c ****   * @brief Enable the I2C fast mode plus driving capability.
 299:Drivers/STM32H7xx_HAL_Driver/Src/stm32h7xx_hal_i2c_ex.c ****   * @param ConfigFastModePlus Selects the pin.
 300:Drivers/STM32H7xx_HAL_Driver/Src/stm32h7xx_hal_i2c_ex.c ****   *   This parameter can be one of the @ref I2CEx_FastModePlus values
 301:Drivers/STM32H7xx_HAL_Driver/Src/stm32h7xx_hal_i2c_ex.c ****   * @note  For I2C1, fast mode plus driving capability can be enabled on all selected
 302:Drivers/STM32H7xx_HAL_Driver/Src/stm32h7xx_hal_i2c_ex.c ****   *        I2C1 pins using I2C_FASTMODEPLUS_I2C1 parameter or independently
 303:Drivers/STM32H7xx_HAL_Driver/Src/stm32h7xx_hal_i2c_ex.c ****   *        on each one of the following pins PB6, PB7, PB8 and PB9.
 304:Drivers/STM32H7xx_HAL_Driver/Src/stm32h7xx_hal_i2c_ex.c ****   * @note  For remaining I2C1 pins (PA14, PA15...) fast mode plus driving capability
 305:Drivers/STM32H7xx_HAL_Driver/Src/stm32h7xx_hal_i2c_ex.c ****   *        can be enabled only by using I2C_FASTMODEPLUS_I2C1 parameter.
ARM GAS  /var/folders/g1/j12m_ky910s3_sv7d4yrsdn00000gn/T//ccdwWeKY.s 			page 16


 306:Drivers/STM32H7xx_HAL_Driver/Src/stm32h7xx_hal_i2c_ex.c ****   * @note  For all I2C2 pins fast mode plus driving capability can be enabled
 307:Drivers/STM32H7xx_HAL_Driver/Src/stm32h7xx_hal_i2c_ex.c ****   *        only by using I2C_FASTMODEPLUS_I2C2 parameter.
 308:Drivers/STM32H7xx_HAL_Driver/Src/stm32h7xx_hal_i2c_ex.c ****   * @note  For all I2C3 pins fast mode plus driving capability can be enabled
 309:Drivers/STM32H7xx_HAL_Driver/Src/stm32h7xx_hal_i2c_ex.c ****   *        only by using I2C_FASTMODEPLUS_I2C3 parameter.
 310:Drivers/STM32H7xx_HAL_Driver/Src/stm32h7xx_hal_i2c_ex.c ****   * @note  For all I2C4 pins fast mode plus driving capability can be enabled
 311:Drivers/STM32H7xx_HAL_Driver/Src/stm32h7xx_hal_i2c_ex.c ****   *        only by using I2C_FASTMODEPLUS_I2C4 parameter.
 312:Drivers/STM32H7xx_HAL_Driver/Src/stm32h7xx_hal_i2c_ex.c ****   * @note  For all I2C5 pins fast mode plus driving capability can be enabled
 313:Drivers/STM32H7xx_HAL_Driver/Src/stm32h7xx_hal_i2c_ex.c ****   *        only by using I2C_FASTMODEPLUS_I2C5 parameter.
 314:Drivers/STM32H7xx_HAL_Driver/Src/stm32h7xx_hal_i2c_ex.c ****   * @retval None
 315:Drivers/STM32H7xx_HAL_Driver/Src/stm32h7xx_hal_i2c_ex.c ****   */
 316:Drivers/STM32H7xx_HAL_Driver/Src/stm32h7xx_hal_i2c_ex.c **** void HAL_I2CEx_EnableFastModePlus(uint32_t ConfigFastModePlus)
 317:Drivers/STM32H7xx_HAL_Driver/Src/stm32h7xx_hal_i2c_ex.c **** {
 545              		.loc 1 317 1 is_stmt 1 view -0
 546              		.cfi_startproc
 547              		@ args = 0, pretend = 0, frame = 8
 548              		@ frame_needed = 0, uses_anonymous_args = 0
 549              		.loc 1 317 1 is_stmt 0 view .LVU142
 550 0000 10B5     		push	{r4, lr}
 551              	.LCFI4:
 552              		.cfi_def_cfa_offset 8
 553              		.cfi_offset 4, -8
 554              		.cfi_offset 14, -4
 555 0002 82B0     		sub	sp, sp, #8
 556              	.LCFI5:
 557              		.cfi_def_cfa_offset 16
 558 0004 0446     		mov	r4, r0
 318:Drivers/STM32H7xx_HAL_Driver/Src/stm32h7xx_hal_i2c_ex.c ****   /* Check the parameter */
 319:Drivers/STM32H7xx_HAL_Driver/Src/stm32h7xx_hal_i2c_ex.c ****   assert_param(IS_I2C_FASTMODEPLUS(ConfigFastModePlus));
 559              		.loc 1 319 3 is_stmt 1 view .LVU143
 560 0006 10F0FF0F 		tst	r0, #255
 561 000a 12D0     		beq	.L40
 562              	.LVL26:
 563              	.L38:
 320:Drivers/STM32H7xx_HAL_Driver/Src/stm32h7xx_hal_i2c_ex.c **** 
 321:Drivers/STM32H7xx_HAL_Driver/Src/stm32h7xx_hal_i2c_ex.c ****   /* Enable SYSCFG clock */
 322:Drivers/STM32H7xx_HAL_Driver/Src/stm32h7xx_hal_i2c_ex.c ****   __HAL_RCC_SYSCFG_CLK_ENABLE();
 564              		.loc 1 322 3 view .LVU144
 565              	.LBB2:
 566              		.loc 1 322 3 view .LVU145
 567              		.loc 1 322 3 view .LVU146
 568 000c 0C4B     		ldr	r3, .L41
 569 000e D3F8F420 		ldr	r2, [r3, #244]
 570 0012 42F00202 		orr	r2, r2, #2
 571 0016 C3F8F420 		str	r2, [r3, #244]
 572              		.loc 1 322 3 view .LVU147
 573 001a D3F8F430 		ldr	r3, [r3, #244]
 574 001e 03F00203 		and	r3, r3, #2
 575 0022 0193     		str	r3, [sp, #4]
 576              		.loc 1 322 3 view .LVU148
 577 0024 019B     		ldr	r3, [sp, #4]
 578              	.LBE2:
 579              		.loc 1 322 3 view .LVU149
 323:Drivers/STM32H7xx_HAL_Driver/Src/stm32h7xx_hal_i2c_ex.c **** 
 324:Drivers/STM32H7xx_HAL_Driver/Src/stm32h7xx_hal_i2c_ex.c ****   /* Enable fast mode plus driving capability for selected pin */
 325:Drivers/STM32H7xx_HAL_Driver/Src/stm32h7xx_hal_i2c_ex.c ****   SET_BIT(SYSCFG->PMCR, (uint32_t)ConfigFastModePlus);
 580              		.loc 1 325 3 view .LVU150
 581 0026 074A     		ldr	r2, .L41+4
ARM GAS  /var/folders/g1/j12m_ky910s3_sv7d4yrsdn00000gn/T//ccdwWeKY.s 			page 17


 582 0028 5368     		ldr	r3, [r2, #4]
 583 002a 2343     		orrs	r3, r3, r4
 584 002c 5360     		str	r3, [r2, #4]
 326:Drivers/STM32H7xx_HAL_Driver/Src/stm32h7xx_hal_i2c_ex.c **** }
 585              		.loc 1 326 1 is_stmt 0 view .LVU151
 586 002e 02B0     		add	sp, sp, #8
 587              	.LCFI6:
 588              		.cfi_remember_state
 589              		.cfi_def_cfa_offset 8
 590              		@ sp needed
 591 0030 10BD     		pop	{r4, pc}
 592              	.LVL27:
 593              	.L40:
 594              	.LCFI7:
 595              		.cfi_restore_state
 319:Drivers/STM32H7xx_HAL_Driver/Src/stm32h7xx_hal_i2c_ex.c **** 
 596              		.loc 1 319 3 discriminator 1 view .LVU152
 597 0032 40F23F11 		movw	r1, #319
 598 0036 0448     		ldr	r0, .L41+8
 599              	.LVL28:
 319:Drivers/STM32H7xx_HAL_Driver/Src/stm32h7xx_hal_i2c_ex.c **** 
 600              		.loc 1 319 3 discriminator 1 view .LVU153
 601 0038 FFF7FEFF 		bl	assert_failed
 602              	.LVL29:
 603 003c E6E7     		b	.L38
 604              	.L42:
 605 003e 00BF     		.align	2
 606              	.L41:
 607 0040 00440258 		.word	1476543488
 608 0044 00040058 		.word	1476396032
 609 0048 00000000 		.word	.LC0
 610              		.cfi_endproc
 611              	.LFE148:
 613              		.section	.text.HAL_I2CEx_DisableFastModePlus,"ax",%progbits
 614              		.align	1
 615              		.global	HAL_I2CEx_DisableFastModePlus
 616              		.syntax unified
 617              		.thumb
 618              		.thumb_func
 620              	HAL_I2CEx_DisableFastModePlus:
 621              	.LVL30:
 622              	.LFB149:
 327:Drivers/STM32H7xx_HAL_Driver/Src/stm32h7xx_hal_i2c_ex.c **** 
 328:Drivers/STM32H7xx_HAL_Driver/Src/stm32h7xx_hal_i2c_ex.c **** /**
 329:Drivers/STM32H7xx_HAL_Driver/Src/stm32h7xx_hal_i2c_ex.c ****   * @brief Disable the I2C fast mode plus driving capability.
 330:Drivers/STM32H7xx_HAL_Driver/Src/stm32h7xx_hal_i2c_ex.c ****   * @param ConfigFastModePlus Selects the pin.
 331:Drivers/STM32H7xx_HAL_Driver/Src/stm32h7xx_hal_i2c_ex.c ****   *   This parameter can be one of the @ref I2CEx_FastModePlus values
 332:Drivers/STM32H7xx_HAL_Driver/Src/stm32h7xx_hal_i2c_ex.c ****   * @note  For I2C1, fast mode plus driving capability can be disabled on all selected
 333:Drivers/STM32H7xx_HAL_Driver/Src/stm32h7xx_hal_i2c_ex.c ****   *        I2C1 pins using I2C_FASTMODEPLUS_I2C1 parameter or independently
 334:Drivers/STM32H7xx_HAL_Driver/Src/stm32h7xx_hal_i2c_ex.c ****   *        on each one of the following pins PB6, PB7, PB8 and PB9.
 335:Drivers/STM32H7xx_HAL_Driver/Src/stm32h7xx_hal_i2c_ex.c ****   * @note  For remaining I2C1 pins (PA14, PA15...) fast mode plus driving capability
 336:Drivers/STM32H7xx_HAL_Driver/Src/stm32h7xx_hal_i2c_ex.c ****   *        can be disabled only by using I2C_FASTMODEPLUS_I2C1 parameter.
 337:Drivers/STM32H7xx_HAL_Driver/Src/stm32h7xx_hal_i2c_ex.c ****   * @note  For all I2C2 pins fast mode plus driving capability can be disabled
 338:Drivers/STM32H7xx_HAL_Driver/Src/stm32h7xx_hal_i2c_ex.c ****   *        only by using I2C_FASTMODEPLUS_I2C2 parameter.
 339:Drivers/STM32H7xx_HAL_Driver/Src/stm32h7xx_hal_i2c_ex.c ****   * @note  For all I2C3 pins fast mode plus driving capability can be disabled
 340:Drivers/STM32H7xx_HAL_Driver/Src/stm32h7xx_hal_i2c_ex.c ****   *        only by using I2C_FASTMODEPLUS_I2C3 parameter.
 341:Drivers/STM32H7xx_HAL_Driver/Src/stm32h7xx_hal_i2c_ex.c ****   * @note  For all I2C4 pins fast mode plus driving capability can be disabled
ARM GAS  /var/folders/g1/j12m_ky910s3_sv7d4yrsdn00000gn/T//ccdwWeKY.s 			page 18


 342:Drivers/STM32H7xx_HAL_Driver/Src/stm32h7xx_hal_i2c_ex.c ****   *        only by using I2C_FASTMODEPLUS_I2C4 parameter.
 343:Drivers/STM32H7xx_HAL_Driver/Src/stm32h7xx_hal_i2c_ex.c ****   * @note  For all I2C5 pins fast mode plus driving capability can be disabled
 344:Drivers/STM32H7xx_HAL_Driver/Src/stm32h7xx_hal_i2c_ex.c ****   *        only by using I2C_FASTMODEPLUS_I2C5 parameter.
 345:Drivers/STM32H7xx_HAL_Driver/Src/stm32h7xx_hal_i2c_ex.c ****   * @retval None
 346:Drivers/STM32H7xx_HAL_Driver/Src/stm32h7xx_hal_i2c_ex.c ****   */
 347:Drivers/STM32H7xx_HAL_Driver/Src/stm32h7xx_hal_i2c_ex.c **** void HAL_I2CEx_DisableFastModePlus(uint32_t ConfigFastModePlus)
 348:Drivers/STM32H7xx_HAL_Driver/Src/stm32h7xx_hal_i2c_ex.c **** {
 623              		.loc 1 348 1 is_stmt 1 view -0
 624              		.cfi_startproc
 625              		@ args = 0, pretend = 0, frame = 8
 626              		@ frame_needed = 0, uses_anonymous_args = 0
 627              		.loc 1 348 1 is_stmt 0 view .LVU155
 628 0000 10B5     		push	{r4, lr}
 629              	.LCFI8:
 630              		.cfi_def_cfa_offset 8
 631              		.cfi_offset 4, -8
 632              		.cfi_offset 14, -4
 633 0002 82B0     		sub	sp, sp, #8
 634              	.LCFI9:
 635              		.cfi_def_cfa_offset 16
 636 0004 0446     		mov	r4, r0
 349:Drivers/STM32H7xx_HAL_Driver/Src/stm32h7xx_hal_i2c_ex.c ****   /* Check the parameter */
 350:Drivers/STM32H7xx_HAL_Driver/Src/stm32h7xx_hal_i2c_ex.c ****   assert_param(IS_I2C_FASTMODEPLUS(ConfigFastModePlus));
 637              		.loc 1 350 3 is_stmt 1 view .LVU156
 638 0006 10F0FF0F 		tst	r0, #255
 639 000a 13D0     		beq	.L46
 640              	.LVL31:
 641              	.L44:
 351:Drivers/STM32H7xx_HAL_Driver/Src/stm32h7xx_hal_i2c_ex.c **** 
 352:Drivers/STM32H7xx_HAL_Driver/Src/stm32h7xx_hal_i2c_ex.c ****   /* Enable SYSCFG clock */
 353:Drivers/STM32H7xx_HAL_Driver/Src/stm32h7xx_hal_i2c_ex.c ****   __HAL_RCC_SYSCFG_CLK_ENABLE();
 642              		.loc 1 353 3 view .LVU157
 643              	.LBB3:
 644              		.loc 1 353 3 view .LVU158
 645              		.loc 1 353 3 view .LVU159
 646 000c 0C4B     		ldr	r3, .L47
 647 000e D3F8F420 		ldr	r2, [r3, #244]
 648 0012 42F00202 		orr	r2, r2, #2
 649 0016 C3F8F420 		str	r2, [r3, #244]
 650              		.loc 1 353 3 view .LVU160
 651 001a D3F8F430 		ldr	r3, [r3, #244]
 652 001e 03F00203 		and	r3, r3, #2
 653 0022 0193     		str	r3, [sp, #4]
 654              		.loc 1 353 3 view .LVU161
 655 0024 019B     		ldr	r3, [sp, #4]
 656              	.LBE3:
 657              		.loc 1 353 3 view .LVU162
 354:Drivers/STM32H7xx_HAL_Driver/Src/stm32h7xx_hal_i2c_ex.c **** 
 355:Drivers/STM32H7xx_HAL_Driver/Src/stm32h7xx_hal_i2c_ex.c ****   /* Disable fast mode plus driving capability for selected pin */
 356:Drivers/STM32H7xx_HAL_Driver/Src/stm32h7xx_hal_i2c_ex.c ****   CLEAR_BIT(SYSCFG->PMCR, (uint32_t)ConfigFastModePlus);
 658              		.loc 1 356 3 view .LVU163
 659 0026 074A     		ldr	r2, .L47+4
 660 0028 5368     		ldr	r3, [r2, #4]
 661 002a 23EA0403 		bic	r3, r3, r4
 662 002e 5360     		str	r3, [r2, #4]
 357:Drivers/STM32H7xx_HAL_Driver/Src/stm32h7xx_hal_i2c_ex.c **** }
 663              		.loc 1 357 1 is_stmt 0 view .LVU164
ARM GAS  /var/folders/g1/j12m_ky910s3_sv7d4yrsdn00000gn/T//ccdwWeKY.s 			page 19


 664 0030 02B0     		add	sp, sp, #8
 665              	.LCFI10:
 666              		.cfi_remember_state
 667              		.cfi_def_cfa_offset 8
 668              		@ sp needed
 669 0032 10BD     		pop	{r4, pc}
 670              	.LVL32:
 671              	.L46:
 672              	.LCFI11:
 673              		.cfi_restore_state
 350:Drivers/STM32H7xx_HAL_Driver/Src/stm32h7xx_hal_i2c_ex.c **** 
 674              		.loc 1 350 3 discriminator 1 view .LVU165
 675 0034 4FF4AF71 		mov	r1, #350
 676 0038 0348     		ldr	r0, .L47+8
 677              	.LVL33:
 350:Drivers/STM32H7xx_HAL_Driver/Src/stm32h7xx_hal_i2c_ex.c **** 
 678              		.loc 1 350 3 discriminator 1 view .LVU166
 679 003a FFF7FEFF 		bl	assert_failed
 680              	.LVL34:
 681 003e E5E7     		b	.L44
 682              	.L48:
 683              		.align	2
 684              	.L47:
 685 0040 00440258 		.word	1476543488
 686 0044 00040058 		.word	1476396032
 687 0048 00000000 		.word	.LC0
 688              		.cfi_endproc
 689              	.LFE149:
 691              		.text
 692              	.Letext0:
 693              		.file 2 "/Users/zhy/Tools/xpack-arm-none-eabi-gcc-14.2.1-1.1/arm-none-eabi/include/machine/_defaul
 694              		.file 3 "/Users/zhy/Tools/xpack-arm-none-eabi-gcc-14.2.1-1.1/arm-none-eabi/include/sys/_stdint.h"
 695              		.file 4 "Drivers/CMSIS/Device/ST/STM32H7xx/Include/stm32h743xx.h"
 696              		.file 5 "Drivers/STM32H7xx_HAL_Driver/Inc/stm32h7xx_hal_def.h"
 697              		.file 6 "Drivers/STM32H7xx_HAL_Driver/Inc/stm32h7xx_hal_dma.h"
 698              		.file 7 "Drivers/STM32H7xx_HAL_Driver/Inc/stm32h7xx_hal_i2c.h"
 699              		.file 8 "Core/Inc/stm32h7xx_hal_conf.h"
ARM GAS  /var/folders/g1/j12m_ky910s3_sv7d4yrsdn00000gn/T//ccdwWeKY.s 			page 20


DEFINED SYMBOLS
                            *ABS*:00000000 stm32h7xx_hal_i2c_ex.c
/var/folders/g1/j12m_ky910s3_sv7d4yrsdn00000gn/T//ccdwWeKY.s:20     .rodata.HAL_I2CEx_ConfigAnalogFilter.str1.4:00000000 $d
/var/folders/g1/j12m_ky910s3_sv7d4yrsdn00000gn/T//ccdwWeKY.s:25     .text.HAL_I2CEx_ConfigAnalogFilter:00000000 $t
/var/folders/g1/j12m_ky910s3_sv7d4yrsdn00000gn/T//ccdwWeKY.s:31     .text.HAL_I2CEx_ConfigAnalogFilter:00000000 HAL_I2CEx_ConfigAnalogFilter
/var/folders/g1/j12m_ky910s3_sv7d4yrsdn00000gn/T//ccdwWeKY.s:157    .text.HAL_I2CEx_ConfigAnalogFilter:00000098 $d
/var/folders/g1/j12m_ky910s3_sv7d4yrsdn00000gn/T//ccdwWeKY.s:165    .text.HAL_I2CEx_ConfigDigitalFilter:00000000 $t
/var/folders/g1/j12m_ky910s3_sv7d4yrsdn00000gn/T//ccdwWeKY.s:171    .text.HAL_I2CEx_ConfigDigitalFilter:00000000 HAL_I2CEx_ConfigDigitalFilter
/var/folders/g1/j12m_ky910s3_sv7d4yrsdn00000gn/T//ccdwWeKY.s:300    .text.HAL_I2CEx_ConfigDigitalFilter:0000008c $d
/var/folders/g1/j12m_ky910s3_sv7d4yrsdn00000gn/T//ccdwWeKY.s:308    .text.HAL_I2CEx_EnableWakeUp:00000000 $t
/var/folders/g1/j12m_ky910s3_sv7d4yrsdn00000gn/T//ccdwWeKY.s:314    .text.HAL_I2CEx_EnableWakeUp:00000000 HAL_I2CEx_EnableWakeUp
/var/folders/g1/j12m_ky910s3_sv7d4yrsdn00000gn/T//ccdwWeKY.s:414    .text.HAL_I2CEx_EnableWakeUp:00000078 $d
/var/folders/g1/j12m_ky910s3_sv7d4yrsdn00000gn/T//ccdwWeKY.s:422    .text.HAL_I2CEx_DisableWakeUp:00000000 $t
/var/folders/g1/j12m_ky910s3_sv7d4yrsdn00000gn/T//ccdwWeKY.s:428    .text.HAL_I2CEx_DisableWakeUp:00000000 HAL_I2CEx_DisableWakeUp
/var/folders/g1/j12m_ky910s3_sv7d4yrsdn00000gn/T//ccdwWeKY.s:528    .text.HAL_I2CEx_DisableWakeUp:00000078 $d
/var/folders/g1/j12m_ky910s3_sv7d4yrsdn00000gn/T//ccdwWeKY.s:536    .text.HAL_I2CEx_EnableFastModePlus:00000000 $t
/var/folders/g1/j12m_ky910s3_sv7d4yrsdn00000gn/T//ccdwWeKY.s:542    .text.HAL_I2CEx_EnableFastModePlus:00000000 HAL_I2CEx_EnableFastModePlus
/var/folders/g1/j12m_ky910s3_sv7d4yrsdn00000gn/T//ccdwWeKY.s:607    .text.HAL_I2CEx_EnableFastModePlus:00000040 $d
/var/folders/g1/j12m_ky910s3_sv7d4yrsdn00000gn/T//ccdwWeKY.s:614    .text.HAL_I2CEx_DisableFastModePlus:00000000 $t
/var/folders/g1/j12m_ky910s3_sv7d4yrsdn00000gn/T//ccdwWeKY.s:620    .text.HAL_I2CEx_DisableFastModePlus:00000000 HAL_I2CEx_DisableFastModePlus
/var/folders/g1/j12m_ky910s3_sv7d4yrsdn00000gn/T//ccdwWeKY.s:685    .text.HAL_I2CEx_DisableFastModePlus:00000040 $d

UNDEFINED SYMBOLS
assert_failed
