ARM GAS  /var/folders/g1/j12m_ky910s3_sv7d4yrsdn00000gn/T//ccQFlRlI.s 			page 1


   1              		.cpu cortex-m7
   2              		.arch armv7e-m
   3              		.fpu fpv5-d16
   4              		.eabi_attribute 28, 1
   5              		.eabi_attribute 20, 1
   6              		.eabi_attribute 21, 1
   7              		.eabi_attribute 23, 3
   8              		.eabi_attribute 24, 1
   9              		.eabi_attribute 25, 1
  10              		.eabi_attribute 26, 1
  11              		.eabi_attribute 30, 1
  12              		.eabi_attribute 34, 1
  13              		.eabi_attribute 18, 4
  14              		.file	"stm32h7xx_hal_spi_ex.c"
  15              		.text
  16              	.Ltext0:
  17              		.cfi_sections	.debug_frame
  18              		.file 1 "Drivers/STM32H7xx_HAL_Driver/Src/stm32h7xx_hal_spi_ex.c"
  19              		.section	.text.HAL_SPIEx_FlushRxFifo,"ax",%progbits
  20              		.align	1
  21              		.global	HAL_SPIEx_FlushRxFifo
  22              		.syntax unified
  23              		.thumb
  24              		.thumb_func
  26              	HAL_SPIEx_FlushRxFifo:
  27              	.LVL0:
  28              	.LFB144:
   1:Drivers/STM32H7xx_HAL_Driver/Src/stm32h7xx_hal_spi_ex.c **** /**
   2:Drivers/STM32H7xx_HAL_Driver/Src/stm32h7xx_hal_spi_ex.c ****   ******************************************************************************
   3:Drivers/STM32H7xx_HAL_Driver/Src/stm32h7xx_hal_spi_ex.c ****   * @file    stm32h7xx_hal_spi_ex.c
   4:Drivers/STM32H7xx_HAL_Driver/Src/stm32h7xx_hal_spi_ex.c ****   * @author  MCD Application Team
   5:Drivers/STM32H7xx_HAL_Driver/Src/stm32h7xx_hal_spi_ex.c ****   * @brief   Extended SPI HAL module driver.
   6:Drivers/STM32H7xx_HAL_Driver/Src/stm32h7xx_hal_spi_ex.c ****   *          This file provides firmware functions to manage the following
   7:Drivers/STM32H7xx_HAL_Driver/Src/stm32h7xx_hal_spi_ex.c ****   *          SPI peripheral extended functionalities :
   8:Drivers/STM32H7xx_HAL_Driver/Src/stm32h7xx_hal_spi_ex.c ****   *           + IO operation functions
   9:Drivers/STM32H7xx_HAL_Driver/Src/stm32h7xx_hal_spi_ex.c ****   *           + Peripheral Control functions
  10:Drivers/STM32H7xx_HAL_Driver/Src/stm32h7xx_hal_spi_ex.c ****   *
  11:Drivers/STM32H7xx_HAL_Driver/Src/stm32h7xx_hal_spi_ex.c ****   ******************************************************************************
  12:Drivers/STM32H7xx_HAL_Driver/Src/stm32h7xx_hal_spi_ex.c ****   * @attention
  13:Drivers/STM32H7xx_HAL_Driver/Src/stm32h7xx_hal_spi_ex.c ****   *
  14:Drivers/STM32H7xx_HAL_Driver/Src/stm32h7xx_hal_spi_ex.c ****   * Copyright (c) 2017 STMicroelectronics.
  15:Drivers/STM32H7xx_HAL_Driver/Src/stm32h7xx_hal_spi_ex.c ****   * All rights reserved.
  16:Drivers/STM32H7xx_HAL_Driver/Src/stm32h7xx_hal_spi_ex.c ****   *
  17:Drivers/STM32H7xx_HAL_Driver/Src/stm32h7xx_hal_spi_ex.c ****   * This software is licensed under terms that can be found in the LICENSE file
  18:Drivers/STM32H7xx_HAL_Driver/Src/stm32h7xx_hal_spi_ex.c ****   * in the root directory of this software component.
  19:Drivers/STM32H7xx_HAL_Driver/Src/stm32h7xx_hal_spi_ex.c ****   * If no LICENSE file comes with this software, it is provided AS-IS.
  20:Drivers/STM32H7xx_HAL_Driver/Src/stm32h7xx_hal_spi_ex.c ****   *
  21:Drivers/STM32H7xx_HAL_Driver/Src/stm32h7xx_hal_spi_ex.c ****   ******************************************************************************
  22:Drivers/STM32H7xx_HAL_Driver/Src/stm32h7xx_hal_spi_ex.c ****   */
  23:Drivers/STM32H7xx_HAL_Driver/Src/stm32h7xx_hal_spi_ex.c **** 
  24:Drivers/STM32H7xx_HAL_Driver/Src/stm32h7xx_hal_spi_ex.c **** /* Includes ------------------------------------------------------------------*/
  25:Drivers/STM32H7xx_HAL_Driver/Src/stm32h7xx_hal_spi_ex.c **** #include "stm32h7xx_hal.h"
  26:Drivers/STM32H7xx_HAL_Driver/Src/stm32h7xx_hal_spi_ex.c **** 
  27:Drivers/STM32H7xx_HAL_Driver/Src/stm32h7xx_hal_spi_ex.c **** /** @addtogroup STM32H7xx_HAL_Driver
  28:Drivers/STM32H7xx_HAL_Driver/Src/stm32h7xx_hal_spi_ex.c ****   * @{
  29:Drivers/STM32H7xx_HAL_Driver/Src/stm32h7xx_hal_spi_ex.c ****   */
  30:Drivers/STM32H7xx_HAL_Driver/Src/stm32h7xx_hal_spi_ex.c **** 
ARM GAS  /var/folders/g1/j12m_ky910s3_sv7d4yrsdn00000gn/T//ccQFlRlI.s 			page 2


  31:Drivers/STM32H7xx_HAL_Driver/Src/stm32h7xx_hal_spi_ex.c **** /** @defgroup SPIEx SPIEx
  32:Drivers/STM32H7xx_HAL_Driver/Src/stm32h7xx_hal_spi_ex.c ****   * @brief SPI Extended HAL module driver
  33:Drivers/STM32H7xx_HAL_Driver/Src/stm32h7xx_hal_spi_ex.c ****   * @{
  34:Drivers/STM32H7xx_HAL_Driver/Src/stm32h7xx_hal_spi_ex.c ****   */
  35:Drivers/STM32H7xx_HAL_Driver/Src/stm32h7xx_hal_spi_ex.c **** #ifdef HAL_SPI_MODULE_ENABLED
  36:Drivers/STM32H7xx_HAL_Driver/Src/stm32h7xx_hal_spi_ex.c **** 
  37:Drivers/STM32H7xx_HAL_Driver/Src/stm32h7xx_hal_spi_ex.c **** /* Private typedef -----------------------------------------------------------*/
  38:Drivers/STM32H7xx_HAL_Driver/Src/stm32h7xx_hal_spi_ex.c **** /* Private defines -----------------------------------------------------------*/
  39:Drivers/STM32H7xx_HAL_Driver/Src/stm32h7xx_hal_spi_ex.c **** /* Private macros ------------------------------------------------------------*/
  40:Drivers/STM32H7xx_HAL_Driver/Src/stm32h7xx_hal_spi_ex.c **** /* Private variables ---------------------------------------------------------*/
  41:Drivers/STM32H7xx_HAL_Driver/Src/stm32h7xx_hal_spi_ex.c **** /* Private function prototypes -----------------------------------------------*/
  42:Drivers/STM32H7xx_HAL_Driver/Src/stm32h7xx_hal_spi_ex.c **** /* Exported functions --------------------------------------------------------*/
  43:Drivers/STM32H7xx_HAL_Driver/Src/stm32h7xx_hal_spi_ex.c **** 
  44:Drivers/STM32H7xx_HAL_Driver/Src/stm32h7xx_hal_spi_ex.c **** /** @defgroup SPIEx_Exported_Functions SPIEx Exported Functions
  45:Drivers/STM32H7xx_HAL_Driver/Src/stm32h7xx_hal_spi_ex.c ****   * @{
  46:Drivers/STM32H7xx_HAL_Driver/Src/stm32h7xx_hal_spi_ex.c ****   */
  47:Drivers/STM32H7xx_HAL_Driver/Src/stm32h7xx_hal_spi_ex.c **** 
  48:Drivers/STM32H7xx_HAL_Driver/Src/stm32h7xx_hal_spi_ex.c **** /** @defgroup SPIEx_Exported_Functions_Group1 IO operation functions
  49:Drivers/STM32H7xx_HAL_Driver/Src/stm32h7xx_hal_spi_ex.c ****   *  @brief   Data transfers functions
  50:Drivers/STM32H7xx_HAL_Driver/Src/stm32h7xx_hal_spi_ex.c ****   *
  51:Drivers/STM32H7xx_HAL_Driver/Src/stm32h7xx_hal_spi_ex.c **** @verbatim
  52:Drivers/STM32H7xx_HAL_Driver/Src/stm32h7xx_hal_spi_ex.c ****   ==============================================================================
  53:Drivers/STM32H7xx_HAL_Driver/Src/stm32h7xx_hal_spi_ex.c ****                       ##### IO operation functions #####
  54:Drivers/STM32H7xx_HAL_Driver/Src/stm32h7xx_hal_spi_ex.c ****  ===============================================================================
  55:Drivers/STM32H7xx_HAL_Driver/Src/stm32h7xx_hal_spi_ex.c ****  [..]
  56:Drivers/STM32H7xx_HAL_Driver/Src/stm32h7xx_hal_spi_ex.c ****     This subsection provides a set of extended functions to manage the SPI
  57:Drivers/STM32H7xx_HAL_Driver/Src/stm32h7xx_hal_spi_ex.c ****     data transfers.
  58:Drivers/STM32H7xx_HAL_Driver/Src/stm32h7xx_hal_spi_ex.c **** 
  59:Drivers/STM32H7xx_HAL_Driver/Src/stm32h7xx_hal_spi_ex.c ****     (#) SPIEx function:
  60:Drivers/STM32H7xx_HAL_Driver/Src/stm32h7xx_hal_spi_ex.c ****         (++) HAL_SPIEx_FlushRxFifo()
  61:Drivers/STM32H7xx_HAL_Driver/Src/stm32h7xx_hal_spi_ex.c ****         (++) HAL_SPIEx_EnableLockConfiguration()
  62:Drivers/STM32H7xx_HAL_Driver/Src/stm32h7xx_hal_spi_ex.c ****         (++) HAL_SPIEx_ConfigureUnderrun()
  63:Drivers/STM32H7xx_HAL_Driver/Src/stm32h7xx_hal_spi_ex.c **** 
  64:Drivers/STM32H7xx_HAL_Driver/Src/stm32h7xx_hal_spi_ex.c **** @endverbatim
  65:Drivers/STM32H7xx_HAL_Driver/Src/stm32h7xx_hal_spi_ex.c ****   * @{
  66:Drivers/STM32H7xx_HAL_Driver/Src/stm32h7xx_hal_spi_ex.c ****   */
  67:Drivers/STM32H7xx_HAL_Driver/Src/stm32h7xx_hal_spi_ex.c **** 
  68:Drivers/STM32H7xx_HAL_Driver/Src/stm32h7xx_hal_spi_ex.c **** /**
  69:Drivers/STM32H7xx_HAL_Driver/Src/stm32h7xx_hal_spi_ex.c ****   * @brief Flush the RX fifo.
  70:Drivers/STM32H7xx_HAL_Driver/Src/stm32h7xx_hal_spi_ex.c ****   * @param  hspi: pointer to a SPI_HandleTypeDef structure that contains
  71:Drivers/STM32H7xx_HAL_Driver/Src/stm32h7xx_hal_spi_ex.c ****   *               the configuration information for the specified SPI module.
  72:Drivers/STM32H7xx_HAL_Driver/Src/stm32h7xx_hal_spi_ex.c ****   * @retval HAL status
  73:Drivers/STM32H7xx_HAL_Driver/Src/stm32h7xx_hal_spi_ex.c ****   */
  74:Drivers/STM32H7xx_HAL_Driver/Src/stm32h7xx_hal_spi_ex.c **** HAL_StatusTypeDef HAL_SPIEx_FlushRxFifo(const SPI_HandleTypeDef *hspi)
  75:Drivers/STM32H7xx_HAL_Driver/Src/stm32h7xx_hal_spi_ex.c **** {
  29              		.loc 1 75 1 view -0
  30              		.cfi_startproc
  31              		@ args = 0, pretend = 0, frame = 8
  32              		@ frame_needed = 0, uses_anonymous_args = 0
  33              		@ link register save eliminated.
  34              		.loc 1 75 1 is_stmt 0 view .LVU1
  35 0000 10B4     		push	{r4}
  36              	.LCFI0:
  37              		.cfi_def_cfa_offset 4
  38              		.cfi_offset 4, -4
  39 0002 83B0     		sub	sp, sp, #12
  40              	.LCFI1:
ARM GAS  /var/folders/g1/j12m_ky910s3_sv7d4yrsdn00000gn/T//ccQFlRlI.s 			page 3


  41              		.cfi_def_cfa_offset 16
  76:Drivers/STM32H7xx_HAL_Driver/Src/stm32h7xx_hal_spi_ex.c ****   uint8_t  count  = 0;
  42              		.loc 1 76 3 is_stmt 1 view .LVU2
  43              	.LVL1:
  77:Drivers/STM32H7xx_HAL_Driver/Src/stm32h7xx_hal_spi_ex.c ****   uint32_t itflag = hspi->Instance->SR;
  44              		.loc 1 77 3 view .LVU3
  45              		.loc 1 77 25 is_stmt 0 view .LVU4
  46 0004 0268     		ldr	r2, [r0]
  47              		.loc 1 77 12 view .LVU5
  48 0006 5469     		ldr	r4, [r2, #20]
  49              	.LVL2:
  78:Drivers/STM32H7xx_HAL_Driver/Src/stm32h7xx_hal_spi_ex.c ****   __IO uint32_t tmpreg;
  50              		.loc 1 78 3 is_stmt 1 view .LVU6
  79:Drivers/STM32H7xx_HAL_Driver/Src/stm32h7xx_hal_spi_ex.c **** 
  80:Drivers/STM32H7xx_HAL_Driver/Src/stm32h7xx_hal_spi_ex.c ****   while (((hspi->Instance->SR & SPI_FLAG_FRLVL) !=  SPI_RX_FIFO_0PACKET) || ((itflag & SPI_FLAG_RXW
  51              		.loc 1 80 3 view .LVU7
  76:Drivers/STM32H7xx_HAL_Driver/Src/stm32h7xx_hal_spi_ex.c ****   uint32_t itflag = hspi->Instance->SR;
  52              		.loc 1 76 12 is_stmt 0 view .LVU8
  53 0008 0023     		movs	r3, #0
  54              		.loc 1 80 9 view .LVU9
  55 000a 01E0     		b	.L2
  56              	.LVL3:
  57              	.L3:
  81:Drivers/STM32H7xx_HAL_Driver/Src/stm32h7xx_hal_spi_ex.c ****   {
  82:Drivers/STM32H7xx_HAL_Driver/Src/stm32h7xx_hal_spi_ex.c ****     count += (uint8_t)4UL;
  83:Drivers/STM32H7xx_HAL_Driver/Src/stm32h7xx_hal_spi_ex.c ****     tmpreg = hspi->Instance->RXDR;
  84:Drivers/STM32H7xx_HAL_Driver/Src/stm32h7xx_hal_spi_ex.c ****     UNUSED(tmpreg); /* To avoid GCC warning */
  85:Drivers/STM32H7xx_HAL_Driver/Src/stm32h7xx_hal_spi_ex.c **** 
  86:Drivers/STM32H7xx_HAL_Driver/Src/stm32h7xx_hal_spi_ex.c ****     if (IS_SPI_HIGHEND_INSTANCE(hspi->Instance))
  87:Drivers/STM32H7xx_HAL_Driver/Src/stm32h7xx_hal_spi_ex.c ****     {
  88:Drivers/STM32H7xx_HAL_Driver/Src/stm32h7xx_hal_spi_ex.c ****       if (count > SPI_HIGHEND_FIFO_SIZE)
  58              		.loc 1 88 7 is_stmt 1 view .LVU10
  59              		.loc 1 88 10 is_stmt 0 view .LVU11
  60 000c 102B     		cmp	r3, #16
  61 000e 1BD8     		bhi	.L10
  62              	.LVL4:
  63              	.L2:
  80:Drivers/STM32H7xx_HAL_Driver/Src/stm32h7xx_hal_spi_ex.c ****   {
  64              		.loc 1 80 74 is_stmt 1 view .LVU12
  80:Drivers/STM32H7xx_HAL_Driver/Src/stm32h7xx_hal_spi_ex.c ****   {
  65              		.loc 1 80 26 is_stmt 0 view .LVU13
  66 0010 5169     		ldr	r1, [r2, #20]
  80:Drivers/STM32H7xx_HAL_Driver/Src/stm32h7xx_hal_spi_ex.c ****   {
  67              		.loc 1 80 74 view .LVU14
  68 0012 11F4C04F 		tst	r1, #24576
  69 0016 02D1     		bne	.L6
  80:Drivers/STM32H7xx_HAL_Driver/Src/stm32h7xx_hal_spi_ex.c ****   {
  70              		.loc 1 80 74 discriminator 1 view .LVU15
  71 0018 14F4004F 		tst	r4, #32768
  72 001c 12D0     		beq	.L11
  73              	.L6:
  82:Drivers/STM32H7xx_HAL_Driver/Src/stm32h7xx_hal_spi_ex.c ****     tmpreg = hspi->Instance->RXDR;
  74              		.loc 1 82 5 is_stmt 1 view .LVU16
  82:Drivers/STM32H7xx_HAL_Driver/Src/stm32h7xx_hal_spi_ex.c ****     tmpreg = hspi->Instance->RXDR;
  75              		.loc 1 82 11 is_stmt 0 view .LVU17
  76 001e 0433     		adds	r3, r3, #4
  77              	.LVL5:
ARM GAS  /var/folders/g1/j12m_ky910s3_sv7d4yrsdn00000gn/T//ccQFlRlI.s 			page 4


  82:Drivers/STM32H7xx_HAL_Driver/Src/stm32h7xx_hal_spi_ex.c ****     tmpreg = hspi->Instance->RXDR;
  78              		.loc 1 82 11 view .LVU18
  79 0020 DBB2     		uxtb	r3, r3
  80              	.LVL6:
  83:Drivers/STM32H7xx_HAL_Driver/Src/stm32h7xx_hal_spi_ex.c ****     UNUSED(tmpreg); /* To avoid GCC warning */
  81              		.loc 1 83 5 is_stmt 1 view .LVU19
  83:Drivers/STM32H7xx_HAL_Driver/Src/stm32h7xx_hal_spi_ex.c ****     UNUSED(tmpreg); /* To avoid GCC warning */
  82              		.loc 1 83 28 is_stmt 0 view .LVU20
  83 0022 116B     		ldr	r1, [r2, #48]
  83:Drivers/STM32H7xx_HAL_Driver/Src/stm32h7xx_hal_spi_ex.c ****     UNUSED(tmpreg); /* To avoid GCC warning */
  84              		.loc 1 83 12 view .LVU21
  85 0024 0191     		str	r1, [sp, #4]
  84:Drivers/STM32H7xx_HAL_Driver/Src/stm32h7xx_hal_spi_ex.c **** 
  86              		.loc 1 84 5 is_stmt 1 view .LVU22
  87 0026 0199     		ldr	r1, [sp, #4]
  86:Drivers/STM32H7xx_HAL_Driver/Src/stm32h7xx_hal_spi_ex.c ****     {
  88              		.loc 1 86 5 view .LVU23
  86:Drivers/STM32H7xx_HAL_Driver/Src/stm32h7xx_hal_spi_ex.c ****     {
  89              		.loc 1 86 8 is_stmt 0 view .LVU24
  90 0028 0A48     		ldr	r0, .L12
  91 002a 0B49     		ldr	r1, .L12+4
  92 002c 8A42     		cmp	r2, r1
  93 002e 18BF     		it	ne
  94 0030 8242     		cmpne	r2, r0
  95 0032 EBD0     		beq	.L3
  86:Drivers/STM32H7xx_HAL_Driver/Src/stm32h7xx_hal_spi_ex.c ****     {
  96              		.loc 1 86 9 discriminator 1 view .LVU25
  97 0034 01F58061 		add	r1, r1, #1024
  98 0038 8A42     		cmp	r2, r1
  99 003a E7D0     		beq	.L3
  89:Drivers/STM32H7xx_HAL_Driver/Src/stm32h7xx_hal_spi_ex.c ****       {
  90:Drivers/STM32H7xx_HAL_Driver/Src/stm32h7xx_hal_spi_ex.c ****         return HAL_TIMEOUT;
  91:Drivers/STM32H7xx_HAL_Driver/Src/stm32h7xx_hal_spi_ex.c ****       }
  92:Drivers/STM32H7xx_HAL_Driver/Src/stm32h7xx_hal_spi_ex.c ****     }
  93:Drivers/STM32H7xx_HAL_Driver/Src/stm32h7xx_hal_spi_ex.c ****     else
  94:Drivers/STM32H7xx_HAL_Driver/Src/stm32h7xx_hal_spi_ex.c ****     {
  95:Drivers/STM32H7xx_HAL_Driver/Src/stm32h7xx_hal_spi_ex.c ****       if (count > SPI_LOWEND_FIFO_SIZE)
 100              		.loc 1 95 7 is_stmt 1 view .LVU26
 101              		.loc 1 95 10 is_stmt 0 view .LVU27
 102 003c 082B     		cmp	r3, #8
 103 003e E7D9     		bls	.L2
  96:Drivers/STM32H7xx_HAL_Driver/Src/stm32h7xx_hal_spi_ex.c ****       {
  97:Drivers/STM32H7xx_HAL_Driver/Src/stm32h7xx_hal_spi_ex.c ****         return HAL_TIMEOUT;
 104              		.loc 1 97 16 view .LVU28
 105 0040 0320     		movs	r0, #3
 106 0042 02E0     		b	.L5
 107              	.L11:
  98:Drivers/STM32H7xx_HAL_Driver/Src/stm32h7xx_hal_spi_ex.c ****       }
  99:Drivers/STM32H7xx_HAL_Driver/Src/stm32h7xx_hal_spi_ex.c ****     }
 100:Drivers/STM32H7xx_HAL_Driver/Src/stm32h7xx_hal_spi_ex.c ****   }
 101:Drivers/STM32H7xx_HAL_Driver/Src/stm32h7xx_hal_spi_ex.c ****   return HAL_OK;
 108              		.loc 1 101 10 view .LVU29
 109 0044 0020     		movs	r0, #0
 110 0046 00E0     		b	.L5
 111              	.L10:
  90:Drivers/STM32H7xx_HAL_Driver/Src/stm32h7xx_hal_spi_ex.c ****       }
 112              		.loc 1 90 16 view .LVU30
ARM GAS  /var/folders/g1/j12m_ky910s3_sv7d4yrsdn00000gn/T//ccQFlRlI.s 			page 5


 113 0048 0320     		movs	r0, #3
 114              	.L5:
 102:Drivers/STM32H7xx_HAL_Driver/Src/stm32h7xx_hal_spi_ex.c **** }
 115              		.loc 1 102 1 view .LVU31
 116 004a 03B0     		add	sp, sp, #12
 117              	.LCFI2:
 118              		.cfi_def_cfa_offset 4
 119              		@ sp needed
 120 004c 5DF8044B 		ldr	r4, [sp], #4
 121              	.LCFI3:
 122              		.cfi_restore 4
 123              		.cfi_def_cfa_offset 0
 124              	.LVL7:
 125              		.loc 1 102 1 view .LVU32
 126 0050 7047     		bx	lr
 127              	.L13:
 128 0052 00BF     		.align	2
 129              	.L12:
 130 0054 00300140 		.word	1073819648
 131 0058 00380040 		.word	1073756160
 132              		.cfi_endproc
 133              	.LFE144:
 135              		.section	.text.HAL_SPIEx_EnableLockConfiguration,"ax",%progbits
 136              		.align	1
 137              		.global	HAL_SPIEx_EnableLockConfiguration
 138              		.syntax unified
 139              		.thumb
 140              		.thumb_func
 142              	HAL_SPIEx_EnableLockConfiguration:
 143              	.LVL8:
 144              	.LFB145:
 103:Drivers/STM32H7xx_HAL_Driver/Src/stm32h7xx_hal_spi_ex.c **** 
 104:Drivers/STM32H7xx_HAL_Driver/Src/stm32h7xx_hal_spi_ex.c **** 
 105:Drivers/STM32H7xx_HAL_Driver/Src/stm32h7xx_hal_spi_ex.c **** /**
 106:Drivers/STM32H7xx_HAL_Driver/Src/stm32h7xx_hal_spi_ex.c ****   * @brief  Enable the Lock for the AF configuration of associated IOs
 107:Drivers/STM32H7xx_HAL_Driver/Src/stm32h7xx_hal_spi_ex.c ****   *         and write protect the Content of Configuration register 2
 108:Drivers/STM32H7xx_HAL_Driver/Src/stm32h7xx_hal_spi_ex.c ****   *         when SPI is enabled
 109:Drivers/STM32H7xx_HAL_Driver/Src/stm32h7xx_hal_spi_ex.c ****   * @param  hspi: pointer to a SPI_HandleTypeDef structure that contains
 110:Drivers/STM32H7xx_HAL_Driver/Src/stm32h7xx_hal_spi_ex.c ****   *               the configuration information for SPI module.
 111:Drivers/STM32H7xx_HAL_Driver/Src/stm32h7xx_hal_spi_ex.c ****   * @retval None
 112:Drivers/STM32H7xx_HAL_Driver/Src/stm32h7xx_hal_spi_ex.c ****   */
 113:Drivers/STM32H7xx_HAL_Driver/Src/stm32h7xx_hal_spi_ex.c **** HAL_StatusTypeDef HAL_SPIEx_EnableLockConfiguration(SPI_HandleTypeDef *hspi)
 114:Drivers/STM32H7xx_HAL_Driver/Src/stm32h7xx_hal_spi_ex.c **** {
 145              		.loc 1 114 1 is_stmt 1 view -0
 146              		.cfi_startproc
 147              		@ args = 0, pretend = 0, frame = 0
 148              		@ frame_needed = 0, uses_anonymous_args = 0
 149              		@ link register save eliminated.
 150              		.loc 1 114 1 is_stmt 0 view .LVU34
 151 0000 0346     		mov	r3, r0
 115:Drivers/STM32H7xx_HAL_Driver/Src/stm32h7xx_hal_spi_ex.c ****   HAL_StatusTypeDef errorcode = HAL_OK;
 152              		.loc 1 115 3 is_stmt 1 view .LVU35
 153              	.LVL9:
 116:Drivers/STM32H7xx_HAL_Driver/Src/stm32h7xx_hal_spi_ex.c **** 
 117:Drivers/STM32H7xx_HAL_Driver/Src/stm32h7xx_hal_spi_ex.c ****   /* Process Locked */
 118:Drivers/STM32H7xx_HAL_Driver/Src/stm32h7xx_hal_spi_ex.c ****   __HAL_LOCK(hspi);
 154              		.loc 1 118 3 view .LVU36
ARM GAS  /var/folders/g1/j12m_ky910s3_sv7d4yrsdn00000gn/T//ccQFlRlI.s 			page 6


 155              		.loc 1 118 3 view .LVU37
 156 0002 90F88020 		ldrb	r2, [r0, #128]	@ zero_extendqisi2
 157 0006 012A     		cmp	r2, #1
 158 0008 2DD0     		beq	.L19
 159              		.loc 1 118 3 discriminator 2 view .LVU38
 160 000a 0122     		movs	r2, #1
 161 000c 80F88020 		strb	r2, [r0, #128]
 162              		.loc 1 118 3 view .LVU39
 119:Drivers/STM32H7xx_HAL_Driver/Src/stm32h7xx_hal_spi_ex.c **** 
 120:Drivers/STM32H7xx_HAL_Driver/Src/stm32h7xx_hal_spi_ex.c ****   if (hspi->State != HAL_SPI_STATE_READY)
 163              		.loc 1 120 3 view .LVU40
 164              		.loc 1 120 11 is_stmt 0 view .LVU41
 165 0010 90F88120 		ldrb	r2, [r0, #129]	@ zero_extendqisi2
 166              		.loc 1 120 6 view .LVU42
 167 0014 012A     		cmp	r2, #1
 168 0016 0FD1     		bne	.L20
 121:Drivers/STM32H7xx_HAL_Driver/Src/stm32h7xx_hal_spi_ex.c ****   {
 122:Drivers/STM32H7xx_HAL_Driver/Src/stm32h7xx_hal_spi_ex.c ****     errorcode = HAL_BUSY;
 123:Drivers/STM32H7xx_HAL_Driver/Src/stm32h7xx_hal_spi_ex.c ****     hspi->State = HAL_SPI_STATE_READY;
 124:Drivers/STM32H7xx_HAL_Driver/Src/stm32h7xx_hal_spi_ex.c ****     /* Process Unlocked */
 125:Drivers/STM32H7xx_HAL_Driver/Src/stm32h7xx_hal_spi_ex.c ****     __HAL_UNLOCK(hspi);
 126:Drivers/STM32H7xx_HAL_Driver/Src/stm32h7xx_hal_spi_ex.c ****     return errorcode;
 127:Drivers/STM32H7xx_HAL_Driver/Src/stm32h7xx_hal_spi_ex.c ****   }
 128:Drivers/STM32H7xx_HAL_Driver/Src/stm32h7xx_hal_spi_ex.c **** 
 129:Drivers/STM32H7xx_HAL_Driver/Src/stm32h7xx_hal_spi_ex.c ****   /* Check if the SPI is disabled to edit IOLOCK bit */
 130:Drivers/STM32H7xx_HAL_Driver/Src/stm32h7xx_hal_spi_ex.c ****   if ((hspi->Instance->CR1 & SPI_CR1_SPE) != SPI_CR1_SPE)
 169              		.loc 1 130 3 is_stmt 1 view .LVU43
 170              		.loc 1 130 12 is_stmt 0 view .LVU44
 171 0018 0268     		ldr	r2, [r0]
 172              		.loc 1 130 22 view .LVU45
 173 001a 1168     		ldr	r1, [r2]
 174              		.loc 1 130 6 view .LVU46
 175 001c 11F0010F 		tst	r1, #1
 176 0020 12D1     		bne	.L17
 131:Drivers/STM32H7xx_HAL_Driver/Src/stm32h7xx_hal_spi_ex.c ****   {
 132:Drivers/STM32H7xx_HAL_Driver/Src/stm32h7xx_hal_spi_ex.c ****     SET_BIT(hspi->Instance->CR1, SPI_CR1_IOLOCK);
 177              		.loc 1 132 5 is_stmt 1 view .LVU47
 178 0022 1168     		ldr	r1, [r2]
 179 0024 41F48031 		orr	r1, r1, #65536
 180 0028 1160     		str	r1, [r2]
 181              	.L18:
 133:Drivers/STM32H7xx_HAL_Driver/Src/stm32h7xx_hal_spi_ex.c ****   }
 134:Drivers/STM32H7xx_HAL_Driver/Src/stm32h7xx_hal_spi_ex.c ****   else
 135:Drivers/STM32H7xx_HAL_Driver/Src/stm32h7xx_hal_spi_ex.c ****   {
 136:Drivers/STM32H7xx_HAL_Driver/Src/stm32h7xx_hal_spi_ex.c ****     /* Disable SPI peripheral */
 137:Drivers/STM32H7xx_HAL_Driver/Src/stm32h7xx_hal_spi_ex.c ****     __HAL_SPI_DISABLE(hspi);
 138:Drivers/STM32H7xx_HAL_Driver/Src/stm32h7xx_hal_spi_ex.c **** 
 139:Drivers/STM32H7xx_HAL_Driver/Src/stm32h7xx_hal_spi_ex.c ****     SET_BIT(hspi->Instance->CR1, SPI_CR1_IOLOCK);
 140:Drivers/STM32H7xx_HAL_Driver/Src/stm32h7xx_hal_spi_ex.c **** 
 141:Drivers/STM32H7xx_HAL_Driver/Src/stm32h7xx_hal_spi_ex.c ****     /* Enable SPI peripheral */
 142:Drivers/STM32H7xx_HAL_Driver/Src/stm32h7xx_hal_spi_ex.c ****     __HAL_SPI_ENABLE(hspi);
 143:Drivers/STM32H7xx_HAL_Driver/Src/stm32h7xx_hal_spi_ex.c ****   }
 144:Drivers/STM32H7xx_HAL_Driver/Src/stm32h7xx_hal_spi_ex.c **** 
 145:Drivers/STM32H7xx_HAL_Driver/Src/stm32h7xx_hal_spi_ex.c ****   hspi->State = HAL_SPI_STATE_READY;
 182              		.loc 1 145 3 view .LVU48
 183              		.loc 1 145 15 is_stmt 0 view .LVU49
 184 002a 0122     		movs	r2, #1
ARM GAS  /var/folders/g1/j12m_ky910s3_sv7d4yrsdn00000gn/T//ccQFlRlI.s 			page 7


 185 002c 83F88120 		strb	r2, [r3, #129]
 146:Drivers/STM32H7xx_HAL_Driver/Src/stm32h7xx_hal_spi_ex.c ****   /* Process Unlocked */
 147:Drivers/STM32H7xx_HAL_Driver/Src/stm32h7xx_hal_spi_ex.c ****   __HAL_UNLOCK(hspi);
 186              		.loc 1 147 3 is_stmt 1 view .LVU50
 187              		.loc 1 147 3 view .LVU51
 188 0030 0020     		movs	r0, #0
 189              	.LVL10:
 190              		.loc 1 147 3 is_stmt 0 view .LVU52
 191 0032 83F88000 		strb	r0, [r3, #128]
 192              		.loc 1 147 3 is_stmt 1 view .LVU53
 148:Drivers/STM32H7xx_HAL_Driver/Src/stm32h7xx_hal_spi_ex.c ****   return errorcode;
 193              		.loc 1 148 3 view .LVU54
 194              		.loc 1 148 10 is_stmt 0 view .LVU55
 195 0036 7047     		bx	lr
 196              	.LVL11:
 197              	.L20:
 122:Drivers/STM32H7xx_HAL_Driver/Src/stm32h7xx_hal_spi_ex.c ****     hspi->State = HAL_SPI_STATE_READY;
 198              		.loc 1 122 5 is_stmt 1 view .LVU56
 123:Drivers/STM32H7xx_HAL_Driver/Src/stm32h7xx_hal_spi_ex.c ****     /* Process Unlocked */
 199              		.loc 1 123 5 view .LVU57
 123:Drivers/STM32H7xx_HAL_Driver/Src/stm32h7xx_hal_spi_ex.c ****     /* Process Unlocked */
 200              		.loc 1 123 17 is_stmt 0 view .LVU58
 201 0038 0122     		movs	r2, #1
 202 003a 80F88120 		strb	r2, [r0, #129]
 125:Drivers/STM32H7xx_HAL_Driver/Src/stm32h7xx_hal_spi_ex.c ****     return errorcode;
 203              		.loc 1 125 5 is_stmt 1 view .LVU59
 125:Drivers/STM32H7xx_HAL_Driver/Src/stm32h7xx_hal_spi_ex.c ****     return errorcode;
 204              		.loc 1 125 5 view .LVU60
 205 003e 0022     		movs	r2, #0
 206 0040 80F88020 		strb	r2, [r0, #128]
 125:Drivers/STM32H7xx_HAL_Driver/Src/stm32h7xx_hal_spi_ex.c ****     return errorcode;
 207              		.loc 1 125 5 view .LVU61
 126:Drivers/STM32H7xx_HAL_Driver/Src/stm32h7xx_hal_spi_ex.c ****   }
 208              		.loc 1 126 5 view .LVU62
 126:Drivers/STM32H7xx_HAL_Driver/Src/stm32h7xx_hal_spi_ex.c ****   }
 209              		.loc 1 126 12 is_stmt 0 view .LVU63
 210 0044 0220     		movs	r0, #2
 211              	.LVL12:
 126:Drivers/STM32H7xx_HAL_Driver/Src/stm32h7xx_hal_spi_ex.c ****   }
 212              		.loc 1 126 12 view .LVU64
 213 0046 7047     		bx	lr
 214              	.LVL13:
 215              	.L17:
 137:Drivers/STM32H7xx_HAL_Driver/Src/stm32h7xx_hal_spi_ex.c **** 
 216              		.loc 1 137 5 is_stmt 1 view .LVU65
 217 0048 1168     		ldr	r1, [r2]
 218 004a 21F00101 		bic	r1, r1, #1
 219 004e 1160     		str	r1, [r2]
 139:Drivers/STM32H7xx_HAL_Driver/Src/stm32h7xx_hal_spi_ex.c **** 
 220              		.loc 1 139 5 view .LVU66
 221 0050 0168     		ldr	r1, [r0]
 222 0052 0A68     		ldr	r2, [r1]
 223 0054 42F48032 		orr	r2, r2, #65536
 224 0058 0A60     		str	r2, [r1]
 142:Drivers/STM32H7xx_HAL_Driver/Src/stm32h7xx_hal_spi_ex.c ****   }
 225              		.loc 1 142 5 view .LVU67
 226 005a 0168     		ldr	r1, [r0]
ARM GAS  /var/folders/g1/j12m_ky910s3_sv7d4yrsdn00000gn/T//ccQFlRlI.s 			page 8


 227 005c 0A68     		ldr	r2, [r1]
 228 005e 42F00102 		orr	r2, r2, #1
 229 0062 0A60     		str	r2, [r1]
 230 0064 E1E7     		b	.L18
 231              	.L19:
 118:Drivers/STM32H7xx_HAL_Driver/Src/stm32h7xx_hal_spi_ex.c **** 
 232              		.loc 1 118 3 is_stmt 0 discriminator 1 view .LVU68
 233 0066 0220     		movs	r0, #2
 234              	.LVL14:
 149:Drivers/STM32H7xx_HAL_Driver/Src/stm32h7xx_hal_spi_ex.c **** }
 235              		.loc 1 149 1 view .LVU69
 236 0068 7047     		bx	lr
 237              		.cfi_endproc
 238              	.LFE145:
 240              		.section	.rodata.HAL_SPIEx_ConfigureUnderrun.str1.4,"aMS",%progbits,1
 241              		.align	2
 242              	.LC0:
 243 0000 44726976 		.ascii	"Drivers/STM32H7xx_HAL_Driver/Src/stm32h7xx_hal_spi_"
 243      6572732F 
 243      53544D33 
 243      32483778 
 243      785F4841 
 244 0033 65782E63 		.ascii	"ex.c\000"
 244      00
 245              		.section	.text.HAL_SPIEx_ConfigureUnderrun,"ax",%progbits
 246              		.align	1
 247              		.global	HAL_SPIEx_ConfigureUnderrun
 248              		.syntax unified
 249              		.thumb
 250              		.thumb_func
 252              	HAL_SPIEx_ConfigureUnderrun:
 253              	.LVL15:
 254              	.LFB146:
 150:Drivers/STM32H7xx_HAL_Driver/Src/stm32h7xx_hal_spi_ex.c **** 
 151:Drivers/STM32H7xx_HAL_Driver/Src/stm32h7xx_hal_spi_ex.c **** /**
 152:Drivers/STM32H7xx_HAL_Driver/Src/stm32h7xx_hal_spi_ex.c ****   * @brief  Configure the UNDERRUN condition and behavior of slave transmitter.
 153:Drivers/STM32H7xx_HAL_Driver/Src/stm32h7xx_hal_spi_ex.c ****   * @param  hspi: pointer to a SPI_HandleTypeDef structure that contains
 154:Drivers/STM32H7xx_HAL_Driver/Src/stm32h7xx_hal_spi_ex.c ****   *               the configuration information for SPI module.
 155:Drivers/STM32H7xx_HAL_Driver/Src/stm32h7xx_hal_spi_ex.c ****   * @param  UnderrunDetection : Detection of underrun condition at slave transmitter
 156:Drivers/STM32H7xx_HAL_Driver/Src/stm32h7xx_hal_spi_ex.c ****   *                             This parameter can be a value of @ref SPI_Underrun_Detection.
 157:Drivers/STM32H7xx_HAL_Driver/Src/stm32h7xx_hal_spi_ex.c ****   * @param  UnderrunBehaviour : Behavior of slave transmitter at underrun condition
 158:Drivers/STM32H7xx_HAL_Driver/Src/stm32h7xx_hal_spi_ex.c ****   *                             This parameter can be a value of @ref SPI_Underrun_Behaviour.
 159:Drivers/STM32H7xx_HAL_Driver/Src/stm32h7xx_hal_spi_ex.c ****   * @retval None
 160:Drivers/STM32H7xx_HAL_Driver/Src/stm32h7xx_hal_spi_ex.c ****   */
 161:Drivers/STM32H7xx_HAL_Driver/Src/stm32h7xx_hal_spi_ex.c **** HAL_StatusTypeDef HAL_SPIEx_ConfigureUnderrun(SPI_HandleTypeDef *hspi, uint32_t UnderrunDetection,
 162:Drivers/STM32H7xx_HAL_Driver/Src/stm32h7xx_hal_spi_ex.c ****                                               uint32_t UnderrunBehaviour)
 163:Drivers/STM32H7xx_HAL_Driver/Src/stm32h7xx_hal_spi_ex.c **** {
 255              		.loc 1 163 1 is_stmt 1 view -0
 256              		.cfi_startproc
 257              		@ args = 0, pretend = 0, frame = 0
 258              		@ frame_needed = 0, uses_anonymous_args = 0
 164:Drivers/STM32H7xx_HAL_Driver/Src/stm32h7xx_hal_spi_ex.c ****   HAL_StatusTypeDef errorcode = HAL_OK;
 259              		.loc 1 164 3 view .LVU71
 165:Drivers/STM32H7xx_HAL_Driver/Src/stm32h7xx_hal_spi_ex.c **** 
 166:Drivers/STM32H7xx_HAL_Driver/Src/stm32h7xx_hal_spi_ex.c ****   /* Process Locked */
 167:Drivers/STM32H7xx_HAL_Driver/Src/stm32h7xx_hal_spi_ex.c ****   __HAL_LOCK(hspi);
 260              		.loc 1 167 3 view .LVU72
ARM GAS  /var/folders/g1/j12m_ky910s3_sv7d4yrsdn00000gn/T//ccQFlRlI.s 			page 9


 261              		.loc 1 167 3 view .LVU73
 262 0000 90F88030 		ldrb	r3, [r0, #128]	@ zero_extendqisi2
 263 0004 012B     		cmp	r3, #1
 264 0006 5BD0     		beq	.L29
 163:Drivers/STM32H7xx_HAL_Driver/Src/stm32h7xx_hal_spi_ex.c ****   HAL_StatusTypeDef errorcode = HAL_OK;
 265              		.loc 1 163 1 is_stmt 0 view .LVU74
 266 0008 70B5     		push	{r4, r5, r6, lr}
 267              	.LCFI4:
 268              		.cfi_def_cfa_offset 16
 269              		.cfi_offset 4, -16
 270              		.cfi_offset 5, -12
 271              		.cfi_offset 6, -8
 272              		.cfi_offset 14, -4
 273 000a 0446     		mov	r4, r0
 274 000c 0E46     		mov	r6, r1
 275 000e 1546     		mov	r5, r2
 276              		.loc 1 167 3 is_stmt 1 discriminator 2 view .LVU75
 277 0010 0123     		movs	r3, #1
 278 0012 80F88030 		strb	r3, [r0, #128]
 279              		.loc 1 167 3 view .LVU76
 168:Drivers/STM32H7xx_HAL_Driver/Src/stm32h7xx_hal_spi_ex.c **** 
 169:Drivers/STM32H7xx_HAL_Driver/Src/stm32h7xx_hal_spi_ex.c ****   /* Check State and Insure that Underrun configuration is managed only by Salve */
 170:Drivers/STM32H7xx_HAL_Driver/Src/stm32h7xx_hal_spi_ex.c ****   if ((hspi->State != HAL_SPI_STATE_READY) || (hspi->Init.Mode != SPI_MODE_SLAVE))
 280              		.loc 1 170 3 view .LVU77
 281              		.loc 1 170 12 is_stmt 0 view .LVU78
 282 0016 90F88130 		ldrb	r3, [r0, #129]	@ zero_extendqisi2
 283              		.loc 1 170 6 view .LVU79
 284 001a 012B     		cmp	r3, #1
 285 001c 28D1     		bne	.L23
 286              		.loc 1 170 58 discriminator 1 view .LVU80
 287 001e 4368     		ldr	r3, [r0, #4]
 288              		.loc 1 170 44 discriminator 1 view .LVU81
 289 0020 33BB     		cbnz	r3, .L23
 171:Drivers/STM32H7xx_HAL_Driver/Src/stm32h7xx_hal_spi_ex.c ****   {
 172:Drivers/STM32H7xx_HAL_Driver/Src/stm32h7xx_hal_spi_ex.c ****     errorcode = HAL_BUSY;
 173:Drivers/STM32H7xx_HAL_Driver/Src/stm32h7xx_hal_spi_ex.c ****     hspi->State = HAL_SPI_STATE_READY;
 174:Drivers/STM32H7xx_HAL_Driver/Src/stm32h7xx_hal_spi_ex.c ****     /* Process Unlocked */
 175:Drivers/STM32H7xx_HAL_Driver/Src/stm32h7xx_hal_spi_ex.c ****     __HAL_UNLOCK(hspi);
 176:Drivers/STM32H7xx_HAL_Driver/Src/stm32h7xx_hal_spi_ex.c ****     return errorcode;
 177:Drivers/STM32H7xx_HAL_Driver/Src/stm32h7xx_hal_spi_ex.c ****   }
 178:Drivers/STM32H7xx_HAL_Driver/Src/stm32h7xx_hal_spi_ex.c **** 
 179:Drivers/STM32H7xx_HAL_Driver/Src/stm32h7xx_hal_spi_ex.c ****   /* Check the parameters */
 180:Drivers/STM32H7xx_HAL_Driver/Src/stm32h7xx_hal_spi_ex.c ****   assert_param(IS_SPI_UNDERRUN_DETECTION(UnderrunDetection));
 290              		.loc 1 180 3 is_stmt 1 view .LVU82
 291 0022 0029     		cmp	r1, #0
 292 0024 18BF     		it	ne
 293 0026 B1F5006F 		cmpne	r1, #2048
 294 002a 02D0     		beq	.L25
 295              		.loc 1 180 3 is_stmt 0 discriminator 1 view .LVU83
 296 002c B1F5805F 		cmp	r1, #4096
 297 0030 26D1     		bne	.L34
 298              	.LVL16:
 299              	.L25:
 181:Drivers/STM32H7xx_HAL_Driver/Src/stm32h7xx_hal_spi_ex.c ****   assert_param(IS_SPI_UNDERRUN_BEHAVIOUR(UnderrunBehaviour));
 300              		.loc 1 181 3 is_stmt 1 view .LVU84
 301 0032 002D     		cmp	r5, #0
 302 0034 18BF     		it	ne
ARM GAS  /var/folders/g1/j12m_ky910s3_sv7d4yrsdn00000gn/T//ccQFlRlI.s 			page 10


 303 0036 B5F5007F 		cmpne	r5, #512
 304 003a 02D0     		beq	.L26
 305              		.loc 1 181 3 is_stmt 0 discriminator 1 view .LVU85
 306 003c B5F5806F 		cmp	r5, #1024
 307 0040 23D1     		bne	.L35
 308              	.L26:
 182:Drivers/STM32H7xx_HAL_Driver/Src/stm32h7xx_hal_spi_ex.c **** 
 183:Drivers/STM32H7xx_HAL_Driver/Src/stm32h7xx_hal_spi_ex.c ****   /* Check if the SPI is disabled to edit CFG1 register */
 184:Drivers/STM32H7xx_HAL_Driver/Src/stm32h7xx_hal_spi_ex.c ****   if ((hspi->Instance->CR1 & SPI_CR1_SPE) != SPI_CR1_SPE)
 309              		.loc 1 184 3 is_stmt 1 view .LVU86
 310              		.loc 1 184 12 is_stmt 0 view .LVU87
 311 0042 2368     		ldr	r3, [r4]
 312              		.loc 1 184 22 view .LVU88
 313 0044 1A68     		ldr	r2, [r3]
 314              		.loc 1 184 6 view .LVU89
 315 0046 12F0010F 		tst	r2, #1
 316 004a 23D1     		bne	.L27
 185:Drivers/STM32H7xx_HAL_Driver/Src/stm32h7xx_hal_spi_ex.c ****   {
 186:Drivers/STM32H7xx_HAL_Driver/Src/stm32h7xx_hal_spi_ex.c ****     /* Configure Underrun fields */
 187:Drivers/STM32H7xx_HAL_Driver/Src/stm32h7xx_hal_spi_ex.c ****     MODIFY_REG(hspi->Instance->CFG1, SPI_CFG1_UDRDET, UnderrunDetection);
 317              		.loc 1 187 5 is_stmt 1 view .LVU90
 318 004c 9A68     		ldr	r2, [r3, #8]
 319 004e 22F4C052 		bic	r2, r2, #6144
 320 0052 3243     		orrs	r2, r2, r6
 321 0054 9A60     		str	r2, [r3, #8]
 188:Drivers/STM32H7xx_HAL_Driver/Src/stm32h7xx_hal_spi_ex.c ****     MODIFY_REG(hspi->Instance->CFG1, SPI_CFG1_UDRCFG, UnderrunBehaviour);
 322              		.loc 1 188 5 view .LVU91
 323 0056 2268     		ldr	r2, [r4]
 324 0058 9368     		ldr	r3, [r2, #8]
 325 005a 23F4C063 		bic	r3, r3, #1536
 326 005e 2B43     		orrs	r3, r3, r5
 327 0060 9360     		str	r3, [r2, #8]
 328              	.L28:
 189:Drivers/STM32H7xx_HAL_Driver/Src/stm32h7xx_hal_spi_ex.c ****   }
 190:Drivers/STM32H7xx_HAL_Driver/Src/stm32h7xx_hal_spi_ex.c ****   else
 191:Drivers/STM32H7xx_HAL_Driver/Src/stm32h7xx_hal_spi_ex.c ****   {
 192:Drivers/STM32H7xx_HAL_Driver/Src/stm32h7xx_hal_spi_ex.c ****     /* Disable SPI peripheral */
 193:Drivers/STM32H7xx_HAL_Driver/Src/stm32h7xx_hal_spi_ex.c ****     __HAL_SPI_DISABLE(hspi);
 194:Drivers/STM32H7xx_HAL_Driver/Src/stm32h7xx_hal_spi_ex.c **** 
 195:Drivers/STM32H7xx_HAL_Driver/Src/stm32h7xx_hal_spi_ex.c ****     /* Configure Underrun fields */
 196:Drivers/STM32H7xx_HAL_Driver/Src/stm32h7xx_hal_spi_ex.c ****     MODIFY_REG(hspi->Instance->CFG1, SPI_CFG1_UDRDET, UnderrunDetection);
 197:Drivers/STM32H7xx_HAL_Driver/Src/stm32h7xx_hal_spi_ex.c ****     MODIFY_REG(hspi->Instance->CFG1, SPI_CFG1_UDRCFG, UnderrunBehaviour);
 198:Drivers/STM32H7xx_HAL_Driver/Src/stm32h7xx_hal_spi_ex.c **** 
 199:Drivers/STM32H7xx_HAL_Driver/Src/stm32h7xx_hal_spi_ex.c ****     /* Enable SPI peripheral */
 200:Drivers/STM32H7xx_HAL_Driver/Src/stm32h7xx_hal_spi_ex.c ****     __HAL_SPI_ENABLE(hspi);
 201:Drivers/STM32H7xx_HAL_Driver/Src/stm32h7xx_hal_spi_ex.c ****   }
 202:Drivers/STM32H7xx_HAL_Driver/Src/stm32h7xx_hal_spi_ex.c **** 
 203:Drivers/STM32H7xx_HAL_Driver/Src/stm32h7xx_hal_spi_ex.c **** 
 204:Drivers/STM32H7xx_HAL_Driver/Src/stm32h7xx_hal_spi_ex.c ****   hspi->State = HAL_SPI_STATE_READY;
 329              		.loc 1 204 3 view .LVU92
 330              		.loc 1 204 15 is_stmt 0 view .LVU93
 331 0062 0123     		movs	r3, #1
 332 0064 84F88130 		strb	r3, [r4, #129]
 205:Drivers/STM32H7xx_HAL_Driver/Src/stm32h7xx_hal_spi_ex.c ****   /* Process Unlocked */
 206:Drivers/STM32H7xx_HAL_Driver/Src/stm32h7xx_hal_spi_ex.c ****   __HAL_UNLOCK(hspi);
 333              		.loc 1 206 3 is_stmt 1 view .LVU94
 334              		.loc 1 206 3 view .LVU95
ARM GAS  /var/folders/g1/j12m_ky910s3_sv7d4yrsdn00000gn/T//ccQFlRlI.s 			page 11


 335 0068 0020     		movs	r0, #0
 336 006a 84F88000 		strb	r0, [r4, #128]
 337              		.loc 1 206 3 view .LVU96
 207:Drivers/STM32H7xx_HAL_Driver/Src/stm32h7xx_hal_spi_ex.c ****   return errorcode;
 338              		.loc 1 207 3 view .LVU97
 339              	.LVL17:
 340              	.L22:
 208:Drivers/STM32H7xx_HAL_Driver/Src/stm32h7xx_hal_spi_ex.c **** }
 341              		.loc 1 208 1 is_stmt 0 view .LVU98
 342 006e 70BD     		pop	{r4, r5, r6, pc}
 343              	.LVL18:
 344              	.L23:
 172:Drivers/STM32H7xx_HAL_Driver/Src/stm32h7xx_hal_spi_ex.c ****     hspi->State = HAL_SPI_STATE_READY;
 345              		.loc 1 172 5 is_stmt 1 view .LVU99
 173:Drivers/STM32H7xx_HAL_Driver/Src/stm32h7xx_hal_spi_ex.c ****     /* Process Unlocked */
 346              		.loc 1 173 5 view .LVU100
 173:Drivers/STM32H7xx_HAL_Driver/Src/stm32h7xx_hal_spi_ex.c ****     /* Process Unlocked */
 347              		.loc 1 173 17 is_stmt 0 view .LVU101
 348 0070 0123     		movs	r3, #1
 349 0072 84F88130 		strb	r3, [r4, #129]
 175:Drivers/STM32H7xx_HAL_Driver/Src/stm32h7xx_hal_spi_ex.c ****     return errorcode;
 350              		.loc 1 175 5 is_stmt 1 view .LVU102
 175:Drivers/STM32H7xx_HAL_Driver/Src/stm32h7xx_hal_spi_ex.c ****     return errorcode;
 351              		.loc 1 175 5 view .LVU103
 352 0076 0023     		movs	r3, #0
 353 0078 84F88030 		strb	r3, [r4, #128]
 175:Drivers/STM32H7xx_HAL_Driver/Src/stm32h7xx_hal_spi_ex.c ****     return errorcode;
 354              		.loc 1 175 5 view .LVU104
 176:Drivers/STM32H7xx_HAL_Driver/Src/stm32h7xx_hal_spi_ex.c ****   }
 355              		.loc 1 176 5 view .LVU105
 176:Drivers/STM32H7xx_HAL_Driver/Src/stm32h7xx_hal_spi_ex.c ****   }
 356              		.loc 1 176 12 is_stmt 0 view .LVU106
 357 007c 0220     		movs	r0, #2
 358              	.LVL19:
 176:Drivers/STM32H7xx_HAL_Driver/Src/stm32h7xx_hal_spi_ex.c ****   }
 359              		.loc 1 176 12 view .LVU107
 360 007e F6E7     		b	.L22
 361              	.LVL20:
 362              	.L34:
 180:Drivers/STM32H7xx_HAL_Driver/Src/stm32h7xx_hal_spi_ex.c ****   assert_param(IS_SPI_UNDERRUN_BEHAVIOUR(UnderrunBehaviour));
 363              		.loc 1 180 3 discriminator 2 view .LVU108
 364 0080 B421     		movs	r1, #180
 365              	.LVL21:
 180:Drivers/STM32H7xx_HAL_Driver/Src/stm32h7xx_hal_spi_ex.c ****   assert_param(IS_SPI_UNDERRUN_BEHAVIOUR(UnderrunBehaviour));
 366              		.loc 1 180 3 discriminator 2 view .LVU109
 367 0082 1048     		ldr	r0, .L36
 368              	.LVL22:
 180:Drivers/STM32H7xx_HAL_Driver/Src/stm32h7xx_hal_spi_ex.c ****   assert_param(IS_SPI_UNDERRUN_BEHAVIOUR(UnderrunBehaviour));
 369              		.loc 1 180 3 discriminator 2 view .LVU110
 370 0084 FFF7FEFF 		bl	assert_failed
 371              	.LVL23:
 180:Drivers/STM32H7xx_HAL_Driver/Src/stm32h7xx_hal_spi_ex.c ****   assert_param(IS_SPI_UNDERRUN_BEHAVIOUR(UnderrunBehaviour));
 372              		.loc 1 180 3 discriminator 2 view .LVU111
 373 0088 D3E7     		b	.L25
 374              	.L35:
 181:Drivers/STM32H7xx_HAL_Driver/Src/stm32h7xx_hal_spi_ex.c **** 
 375              		.loc 1 181 3 discriminator 2 view .LVU112
ARM GAS  /var/folders/g1/j12m_ky910s3_sv7d4yrsdn00000gn/T//ccQFlRlI.s 			page 12


 376 008a B521     		movs	r1, #181
 377 008c 0D48     		ldr	r0, .L36
 378 008e FFF7FEFF 		bl	assert_failed
 379              	.LVL24:
 380 0092 D6E7     		b	.L26
 381              	.L27:
 193:Drivers/STM32H7xx_HAL_Driver/Src/stm32h7xx_hal_spi_ex.c **** 
 382              		.loc 1 193 5 is_stmt 1 view .LVU113
 383 0094 1A68     		ldr	r2, [r3]
 384 0096 22F00102 		bic	r2, r2, #1
 385 009a 1A60     		str	r2, [r3]
 196:Drivers/STM32H7xx_HAL_Driver/Src/stm32h7xx_hal_spi_ex.c ****     MODIFY_REG(hspi->Instance->CFG1, SPI_CFG1_UDRCFG, UnderrunBehaviour);
 386              		.loc 1 196 5 view .LVU114
 387 009c 2268     		ldr	r2, [r4]
 388 009e 9368     		ldr	r3, [r2, #8]
 389 00a0 23F4C053 		bic	r3, r3, #6144
 390 00a4 3343     		orrs	r3, r3, r6
 391 00a6 9360     		str	r3, [r2, #8]
 197:Drivers/STM32H7xx_HAL_Driver/Src/stm32h7xx_hal_spi_ex.c **** 
 392              		.loc 1 197 5 view .LVU115
 393 00a8 2268     		ldr	r2, [r4]
 394 00aa 9368     		ldr	r3, [r2, #8]
 395 00ac 23F4C063 		bic	r3, r3, #1536
 396 00b0 2B43     		orrs	r3, r3, r5
 397 00b2 9360     		str	r3, [r2, #8]
 200:Drivers/STM32H7xx_HAL_Driver/Src/stm32h7xx_hal_spi_ex.c ****   }
 398              		.loc 1 200 5 view .LVU116
 399 00b4 2268     		ldr	r2, [r4]
 400 00b6 1368     		ldr	r3, [r2]
 401 00b8 43F00103 		orr	r3, r3, #1
 402 00bc 1360     		str	r3, [r2]
 403 00be D0E7     		b	.L28
 404              	.LVL25:
 405              	.L29:
 406              	.LCFI5:
 407              		.cfi_def_cfa_offset 0
 408              		.cfi_restore 4
 409              		.cfi_restore 5
 410              		.cfi_restore 6
 411              		.cfi_restore 14
 167:Drivers/STM32H7xx_HAL_Driver/Src/stm32h7xx_hal_spi_ex.c **** 
 412              		.loc 1 167 3 is_stmt 0 discriminator 1 view .LVU117
 413 00c0 0220     		movs	r0, #2
 414              	.LVL26:
 415              		.loc 1 208 1 view .LVU118
 416 00c2 7047     		bx	lr
 417              	.L37:
 418              		.align	2
 419              	.L36:
 420 00c4 00000000 		.word	.LC0
 421              		.cfi_endproc
 422              	.LFE146:
 424              		.text
 425              	.Letext0:
 426              		.file 2 "/Users/zhy/Tools/xpack-arm-none-eabi-gcc-14.2.1-1.1/arm-none-eabi/include/machine/_defaul
 427              		.file 3 "/Users/zhy/Tools/xpack-arm-none-eabi-gcc-14.2.1-1.1/arm-none-eabi/include/sys/_stdint.h"
 428              		.file 4 "Drivers/CMSIS/Device/ST/STM32H7xx/Include/stm32h743xx.h"
ARM GAS  /var/folders/g1/j12m_ky910s3_sv7d4yrsdn00000gn/T//ccQFlRlI.s 			page 13


 429              		.file 5 "Drivers/STM32H7xx_HAL_Driver/Inc/stm32h7xx_hal_def.h"
 430              		.file 6 "Drivers/STM32H7xx_HAL_Driver/Inc/stm32h7xx_hal_dma.h"
 431              		.file 7 "Drivers/STM32H7xx_HAL_Driver/Inc/stm32h7xx_hal_spi.h"
 432              		.file 8 "Core/Inc/stm32h7xx_hal_conf.h"
ARM GAS  /var/folders/g1/j12m_ky910s3_sv7d4yrsdn00000gn/T//ccQFlRlI.s 			page 14


DEFINED SYMBOLS
                            *ABS*:00000000 stm32h7xx_hal_spi_ex.c
/var/folders/g1/j12m_ky910s3_sv7d4yrsdn00000gn/T//ccQFlRlI.s:20     .text.HAL_SPIEx_FlushRxFifo:00000000 $t
/var/folders/g1/j12m_ky910s3_sv7d4yrsdn00000gn/T//ccQFlRlI.s:26     .text.HAL_SPIEx_FlushRxFifo:00000000 HAL_SPIEx_FlushRxFifo
/var/folders/g1/j12m_ky910s3_sv7d4yrsdn00000gn/T//ccQFlRlI.s:130    .text.HAL_SPIEx_FlushRxFifo:00000054 $d
/var/folders/g1/j12m_ky910s3_sv7d4yrsdn00000gn/T//ccQFlRlI.s:136    .text.HAL_SPIEx_EnableLockConfiguration:00000000 $t
/var/folders/g1/j12m_ky910s3_sv7d4yrsdn00000gn/T//ccQFlRlI.s:142    .text.HAL_SPIEx_EnableLockConfiguration:00000000 HAL_SPIEx_EnableLockConfiguration
/var/folders/g1/j12m_ky910s3_sv7d4yrsdn00000gn/T//ccQFlRlI.s:241    .rodata.HAL_SPIEx_ConfigureUnderrun.str1.4:00000000 $d
/var/folders/g1/j12m_ky910s3_sv7d4yrsdn00000gn/T//ccQFlRlI.s:246    .text.HAL_SPIEx_ConfigureUnderrun:00000000 $t
/var/folders/g1/j12m_ky910s3_sv7d4yrsdn00000gn/T//ccQFlRlI.s:252    .text.HAL_SPIEx_ConfigureUnderrun:00000000 HAL_SPIEx_ConfigureUnderrun
/var/folders/g1/j12m_ky910s3_sv7d4yrsdn00000gn/T//ccQFlRlI.s:420    .text.HAL_SPIEx_ConfigureUnderrun:000000c4 $d

UNDEFINED SYMBOLS
assert_failed
